<?xml version="1.0" encoding="UTF-8"?>
<testsuite xmlns:xsi="http://www.w3.org/2001/XMLSchema-instance" xsi:noNamespaceSchemaLocation="https://maven.apache.org/surefire/maven-surefire-plugin/xsd/surefire-test-report.xsd" name="mflix.lessons.MongoClientLesson" time="36.036" tests="4" errors="4" skipped="0" failures="0">
  <properties>
    <property name="sun.desktop" value="windows"/>
    <property name="awt.toolkit" value="sun.awt.windows.WToolkit"/>
    <property name="file.encoding.pkg" value="sun.io"/>
    <property name="java.specification.version" value="1.8"/>
    <property name="sun.cpu.isalist" value="amd64"/>
    <property name="sun.jnu.encoding" value="Cp1252"/>
    <property name="java.class.path" value="C:\Coding\java\mflix\target\test-classes;C:\Coding\java\mflix\target\classes;C:\Users\Devang H Bhagwat\.m2\repository\org\springframework\boot\spring-boot-starter-web\2.0.3.RELEASE\spring-boot-starter-web-2.0.3.RELEASE.jar;C:\Users\Devang H Bhagwat\.m2\repository\org\springframework\boot\spring-boot-starter\2.0.3.RELEASE\spring-boot-starter-2.0.3.RELEASE.jar;C:\Users\Devang H Bhagwat\.m2\repository\org\springframework\boot\spring-boot-starter-logging\2.0.3.RELEASE\spring-boot-starter-logging-2.0.3.RELEASE.jar;C:\Users\Devang H Bhagwat\.m2\repository\ch\qos\logback\logback-classic\1.2.3\logback-classic-1.2.3.jar;C:\Users\Devang H Bhagwat\.m2\repository\ch\qos\logback\logback-core\1.2.3\logback-core-1.2.3.jar;C:\Users\Devang H Bhagwat\.m2\repository\org\apache\logging\log4j\log4j-to-slf4j\2.10.0\log4j-to-slf4j-2.10.0.jar;C:\Users\Devang H Bhagwat\.m2\repository\org\apache\logging\log4j\log4j-api\2.10.0\log4j-api-2.10.0.jar;C:\Users\Devang H Bhagwat\.m2\repository\org\slf4j\jul-to-slf4j\1.7.25\jul-to-slf4j-1.7.25.jar;C:\Users\Devang H Bhagwat\.m2\repository\javax\annotation\javax.annotation-api\1.3.2\javax.annotation-api-1.3.2.jar;C:\Users\Devang H Bhagwat\.m2\repository\org\yaml\snakeyaml\1.19\snakeyaml-1.19.jar;C:\Users\Devang H Bhagwat\.m2\repository\org\springframework\boot\spring-boot-starter-json\2.0.3.RELEASE\spring-boot-starter-json-2.0.3.RELEASE.jar;C:\Users\Devang H Bhagwat\.m2\repository\com\fasterxml\jackson\datatype\jackson-datatype-jdk8\2.9.6\jackson-datatype-jdk8-2.9.6.jar;C:\Users\Devang H Bhagwat\.m2\repository\com\fasterxml\jackson\datatype\jackson-datatype-jsr310\2.9.6\jackson-datatype-jsr310-2.9.6.jar;C:\Users\Devang H Bhagwat\.m2\repository\com\fasterxml\jackson\module\jackson-module-parameter-names\2.9.6\jackson-module-parameter-names-2.9.6.jar;C:\Users\Devang H Bhagwat\.m2\repository\org\springframework\boot\spring-boot-starter-tomcat\2.0.3.RELEASE\spring-boot-starter-tomcat-2.0.3.RELEASE.jar;C:\Users\Devang H Bhagwat\.m2\repository\org\apache\tomcat\embed\tomcat-embed-core\8.5.31\tomcat-embed-core-8.5.31.jar;C:\Users\Devang H Bhagwat\.m2\repository\org\apache\tomcat\embed\tomcat-embed-el\8.5.31\tomcat-embed-el-8.5.31.jar;C:\Users\Devang H Bhagwat\.m2\repository\org\apache\tomcat\embed\tomcat-embed-websocket\8.5.31\tomcat-embed-websocket-8.5.31.jar;C:\Users\Devang H Bhagwat\.m2\repository\org\hibernate\validator\hibernate-validator\6.0.10.Final\hibernate-validator-6.0.10.Final.jar;C:\Users\Devang H Bhagwat\.m2\repository\javax\validation\validation-api\2.0.1.Final\validation-api-2.0.1.Final.jar;C:\Users\Devang H Bhagwat\.m2\repository\org\jboss\logging\jboss-logging\3.3.2.Final\jboss-logging-3.3.2.Final.jar;C:\Users\Devang H Bhagwat\.m2\repository\com\fasterxml\classmate\1.3.4\classmate-1.3.4.jar;C:\Users\Devang H Bhagwat\.m2\repository\org\springframework\spring-webmvc\5.0.7.RELEASE\spring-webmvc-5.0.7.RELEASE.jar;C:\Users\Devang H Bhagwat\.m2\repository\org\springframework\boot\spring-boot-starter-test\2.0.3.RELEASE\spring-boot-starter-test-2.0.3.RELEASE.jar;C:\Users\Devang H Bhagwat\.m2\repository\org\springframework\boot\spring-boot-test\2.0.3.RELEASE\spring-boot-test-2.0.3.RELEASE.jar;C:\Users\Devang H Bhagwat\.m2\repository\org\springframework\boot\spring-boot-test-autoconfigure\2.0.3.RELEASE\spring-boot-test-autoconfigure-2.0.3.RELEASE.jar;C:\Users\Devang H Bhagwat\.m2\repository\com\jayway\jsonpath\json-path\2.4.0\json-path-2.4.0.jar;C:\Users\Devang H Bhagwat\.m2\repository\net\minidev\json-smart\2.3\json-smart-2.3.jar;C:\Users\Devang H Bhagwat\.m2\repository\net\minidev\accessors-smart\1.2\accessors-smart-1.2.jar;C:\Users\Devang H Bhagwat\.m2\repository\org\ow2\asm\asm\5.0.4\asm-5.0.4.jar;C:\Users\Devang H Bhagwat\.m2\repository\org\slf4j\slf4j-api\1.7.25\slf4j-api-1.7.25.jar;C:\Users\Devang H Bhagwat\.m2\repository\junit\junit\4.12\junit-4.12.jar;C:\Users\Devang H Bhagwat\.m2\repository\org\assertj\assertj-core\3.9.1\assertj-core-3.9.1.jar;C:\Users\Devang H Bhagwat\.m2\repository\org\mockito\mockito-core\2.15.0\mockito-core-2.15.0.jar;C:\Users\Devang H Bhagwat\.m2\repository\net\bytebuddy\byte-buddy\1.7.9\byte-buddy-1.7.9.jar;C:\Users\Devang H Bhagwat\.m2\repository\net\bytebuddy\byte-buddy-agent\1.7.9\byte-buddy-agent-1.7.9.jar;C:\Users\Devang H Bhagwat\.m2\repository\org\objenesis\objenesis\2.6\objenesis-2.6.jar;C:\Users\Devang H Bhagwat\.m2\repository\org\hamcrest\hamcrest-core\1.3\hamcrest-core-1.3.jar;C:\Users\Devang H Bhagwat\.m2\repository\org\hamcrest\hamcrest-library\1.3\hamcrest-library-1.3.jar;C:\Users\Devang H Bhagwat\.m2\repository\org\skyscreamer\jsonassert\1.5.0\jsonassert-1.5.0.jar;C:\Users\Devang H Bhagwat\.m2\repository\com\vaadin\external\google\android-json\0.0.20131108.vaadin1\android-json-0.0.20131108.vaadin1.jar;C:\Users\Devang H Bhagwat\.m2\repository\org\springframework\spring-test\5.0.7.RELEASE\spring-test-5.0.7.RELEASE.jar;C:\Users\Devang H Bhagwat\.m2\repository\org\xmlunit\xmlunit-core\2.5.1\xmlunit-core-2.5.1.jar;C:\Users\Devang H Bhagwat\.m2\repository\org\springframework\boot\spring-boot-starter-security\2.0.4.RELEASE\spring-boot-starter-security-2.0.4.RELEASE.jar;C:\Users\Devang H Bhagwat\.m2\repository\org\springframework\spring-aop\5.0.8.RELEASE\spring-aop-5.0.8.RELEASE.jar;C:\Users\Devang H Bhagwat\.m2\repository\org\springframework\security\spring-security-config\5.0.7.RELEASE\spring-security-config-5.0.7.RELEASE.jar;C:\Users\Devang H Bhagwat\.m2\repository\org\springframework\security\spring-security-core\5.0.7.RELEASE\spring-security-core-5.0.7.RELEASE.jar;C:\Users\Devang H Bhagwat\.m2\repository\org\springframework\security\spring-security-web\5.0.7.RELEASE\spring-security-web-5.0.7.RELEASE.jar;C:\Users\Devang H Bhagwat\.m2\repository\org\springframework\boot\spring-boot\2.0.4.RELEASE\spring-boot-2.0.4.RELEASE.jar;C:\Users\Devang H Bhagwat\.m2\repository\org\springframework\spring-context\5.0.7.RELEASE\spring-context-5.0.7.RELEASE.jar;C:\Users\Devang H Bhagwat\.m2\repository\org\springframework\spring-beans\5.0.7.RELEASE\spring-beans-5.0.7.RELEASE.jar;C:\Users\Devang H Bhagwat\.m2\repository\org\springframework\spring-expression\5.0.7.RELEASE\spring-expression-5.0.7.RELEASE.jar;C:\Users\Devang H Bhagwat\.m2\repository\org\springframework\spring-core\5.0.7.RELEASE\spring-core-5.0.7.RELEASE.jar;C:\Users\Devang H Bhagwat\.m2\repository\org\springframework\spring-jcl\5.0.7.RELEASE\spring-jcl-5.0.7.RELEASE.jar;C:\Users\Devang H Bhagwat\.m2\repository\org\springframework\boot\spring-boot-autoconfigure\2.0.3.RELEASE\spring-boot-autoconfigure-2.0.3.RELEASE.jar;C:\Users\Devang H Bhagwat\.m2\repository\org\springframework\spring-web\5.0.7.RELEASE\spring-web-5.0.7.RELEASE.jar;C:\Users\Devang H Bhagwat\.m2\repository\io\jsonwebtoken\jjwt\0.9.1\jjwt-0.9.1.jar;C:\Users\Devang H Bhagwat\.m2\repository\com\fasterxml\jackson\core\jackson-databind\2.9.6\jackson-databind-2.9.6.jar;C:\Users\Devang H Bhagwat\.m2\repository\com\fasterxml\jackson\core\jackson-annotations\2.9.0\jackson-annotations-2.9.0.jar;C:\Users\Devang H Bhagwat\.m2\repository\com\fasterxml\jackson\core\jackson-core\2.9.6\jackson-core-2.9.6.jar;C:\Users\Devang H Bhagwat\.m2\repository\org\junit\jupiter\junit-jupiter-api\5.1.0\junit-jupiter-api-5.1.0.jar;C:\Users\Devang H Bhagwat\.m2\repository\org\apiguardian\apiguardian-api\1.0.0\apiguardian-api-1.0.0.jar;C:\Users\Devang H Bhagwat\.m2\repository\org\opentest4j\opentest4j\1.0.0\opentest4j-1.0.0.jar;C:\Users\Devang H Bhagwat\.m2\repository\org\junit\platform\junit-platform-commons\1.1.0\junit-platform-commons-1.1.0.jar;C:\Users\Devang H Bhagwat\.m2\repository\org\mongodb\mongodb-driver-sync\3.9.1\mongodb-driver-sync-3.9.1.jar;C:\Users\Devang H Bhagwat\.m2\repository\org\mongodb\bson\3.9.1\bson-3.9.1.jar;C:\Users\Devang H Bhagwat\.m2\repository\org\mongodb\mongodb-driver-core\3.9.1\mongodb-driver-core-3.9.1.jar;"/>
    <property name="java.vm.vendor" value="Oracle Corporation"/>
    <property name="sun.arch.data.model" value="64"/>
    <property name="user.variant" value=""/>
    <property name="java.vendor.url" value="http://java.oracle.com/"/>
    <property name="user.timezone" value="Asia/Calcutta"/>
    <property name="java.vm.specification.version" value="1.8"/>
    <property name="os.name" value="Windows 10"/>
    <property name="user.country" value="IN"/>
    <property name="sun.java.launcher" value="SUN_STANDARD"/>
    <property name="sun.boot.library.path" value="C:\Program Files\Java\jdk1.8.0_281\jre\bin"/>
    <property name="sun.java.command" value="C:\Temp\surefire7931700998616247565\surefirebooter6060002280991141545.jar C:\Temp\surefire7931700998616247565 2022-02-01T15-34-25_424-jvmRun1 surefire1567718281398244315tmp surefire_04788349283022327675tmp"/>
    <property name="test" value="MongoClientLesson"/>
    <property name="surefire.test.class.path" value="C:\Coding\java\mflix\target\test-classes;C:\Coding\java\mflix\target\classes;C:\Users\Devang H Bhagwat\.m2\repository\org\springframework\boot\spring-boot-starter-web\2.0.3.RELEASE\spring-boot-starter-web-2.0.3.RELEASE.jar;C:\Users\Devang H Bhagwat\.m2\repository\org\springframework\boot\spring-boot-starter\2.0.3.RELEASE\spring-boot-starter-2.0.3.RELEASE.jar;C:\Users\Devang H Bhagwat\.m2\repository\org\springframework\boot\spring-boot-starter-logging\2.0.3.RELEASE\spring-boot-starter-logging-2.0.3.RELEASE.jar;C:\Users\Devang H Bhagwat\.m2\repository\ch\qos\logback\logback-classic\1.2.3\logback-classic-1.2.3.jar;C:\Users\Devang H Bhagwat\.m2\repository\ch\qos\logback\logback-core\1.2.3\logback-core-1.2.3.jar;C:\Users\Devang H Bhagwat\.m2\repository\org\apache\logging\log4j\log4j-to-slf4j\2.10.0\log4j-to-slf4j-2.10.0.jar;C:\Users\Devang H Bhagwat\.m2\repository\org\apache\logging\log4j\log4j-api\2.10.0\log4j-api-2.10.0.jar;C:\Users\Devang H Bhagwat\.m2\repository\org\slf4j\jul-to-slf4j\1.7.25\jul-to-slf4j-1.7.25.jar;C:\Users\Devang H Bhagwat\.m2\repository\javax\annotation\javax.annotation-api\1.3.2\javax.annotation-api-1.3.2.jar;C:\Users\Devang H Bhagwat\.m2\repository\org\yaml\snakeyaml\1.19\snakeyaml-1.19.jar;C:\Users\Devang H Bhagwat\.m2\repository\org\springframework\boot\spring-boot-starter-json\2.0.3.RELEASE\spring-boot-starter-json-2.0.3.RELEASE.jar;C:\Users\Devang H Bhagwat\.m2\repository\com\fasterxml\jackson\datatype\jackson-datatype-jdk8\2.9.6\jackson-datatype-jdk8-2.9.6.jar;C:\Users\Devang H Bhagwat\.m2\repository\com\fasterxml\jackson\datatype\jackson-datatype-jsr310\2.9.6\jackson-datatype-jsr310-2.9.6.jar;C:\Users\Devang H Bhagwat\.m2\repository\com\fasterxml\jackson\module\jackson-module-parameter-names\2.9.6\jackson-module-parameter-names-2.9.6.jar;C:\Users\Devang H Bhagwat\.m2\repository\org\springframework\boot\spring-boot-starter-tomcat\2.0.3.RELEASE\spring-boot-starter-tomcat-2.0.3.RELEASE.jar;C:\Users\Devang H Bhagwat\.m2\repository\org\apache\tomcat\embed\tomcat-embed-core\8.5.31\tomcat-embed-core-8.5.31.jar;C:\Users\Devang H Bhagwat\.m2\repository\org\apache\tomcat\embed\tomcat-embed-el\8.5.31\tomcat-embed-el-8.5.31.jar;C:\Users\Devang H Bhagwat\.m2\repository\org\apache\tomcat\embed\tomcat-embed-websocket\8.5.31\tomcat-embed-websocket-8.5.31.jar;C:\Users\Devang H Bhagwat\.m2\repository\org\hibernate\validator\hibernate-validator\6.0.10.Final\hibernate-validator-6.0.10.Final.jar;C:\Users\Devang H Bhagwat\.m2\repository\javax\validation\validation-api\2.0.1.Final\validation-api-2.0.1.Final.jar;C:\Users\Devang H Bhagwat\.m2\repository\org\jboss\logging\jboss-logging\3.3.2.Final\jboss-logging-3.3.2.Final.jar;C:\Users\Devang H Bhagwat\.m2\repository\com\fasterxml\classmate\1.3.4\classmate-1.3.4.jar;C:\Users\Devang H Bhagwat\.m2\repository\org\springframework\spring-webmvc\5.0.7.RELEASE\spring-webmvc-5.0.7.RELEASE.jar;C:\Users\Devang H Bhagwat\.m2\repository\org\springframework\boot\spring-boot-starter-test\2.0.3.RELEASE\spring-boot-starter-test-2.0.3.RELEASE.jar;C:\Users\Devang H Bhagwat\.m2\repository\org\springframework\boot\spring-boot-test\2.0.3.RELEASE\spring-boot-test-2.0.3.RELEASE.jar;C:\Users\Devang H Bhagwat\.m2\repository\org\springframework\boot\spring-boot-test-autoconfigure\2.0.3.RELEASE\spring-boot-test-autoconfigure-2.0.3.RELEASE.jar;C:\Users\Devang H Bhagwat\.m2\repository\com\jayway\jsonpath\json-path\2.4.0\json-path-2.4.0.jar;C:\Users\Devang H Bhagwat\.m2\repository\net\minidev\json-smart\2.3\json-smart-2.3.jar;C:\Users\Devang H Bhagwat\.m2\repository\net\minidev\accessors-smart\1.2\accessors-smart-1.2.jar;C:\Users\Devang H Bhagwat\.m2\repository\org\ow2\asm\asm\5.0.4\asm-5.0.4.jar;C:\Users\Devang H Bhagwat\.m2\repository\org\slf4j\slf4j-api\1.7.25\slf4j-api-1.7.25.jar;C:\Users\Devang H Bhagwat\.m2\repository\junit\junit\4.12\junit-4.12.jar;C:\Users\Devang H Bhagwat\.m2\repository\org\assertj\assertj-core\3.9.1\assertj-core-3.9.1.jar;C:\Users\Devang H Bhagwat\.m2\repository\org\mockito\mockito-core\2.15.0\mockito-core-2.15.0.jar;C:\Users\Devang H Bhagwat\.m2\repository\net\bytebuddy\byte-buddy\1.7.9\byte-buddy-1.7.9.jar;C:\Users\Devang H Bhagwat\.m2\repository\net\bytebuddy\byte-buddy-agent\1.7.9\byte-buddy-agent-1.7.9.jar;C:\Users\Devang H Bhagwat\.m2\repository\org\objenesis\objenesis\2.6\objenesis-2.6.jar;C:\Users\Devang H Bhagwat\.m2\repository\org\hamcrest\hamcrest-core\1.3\hamcrest-core-1.3.jar;C:\Users\Devang H Bhagwat\.m2\repository\org\hamcrest\hamcrest-library\1.3\hamcrest-library-1.3.jar;C:\Users\Devang H Bhagwat\.m2\repository\org\skyscreamer\jsonassert\1.5.0\jsonassert-1.5.0.jar;C:\Users\Devang H Bhagwat\.m2\repository\com\vaadin\external\google\android-json\0.0.20131108.vaadin1\android-json-0.0.20131108.vaadin1.jar;C:\Users\Devang H Bhagwat\.m2\repository\org\springframework\spring-test\5.0.7.RELEASE\spring-test-5.0.7.RELEASE.jar;C:\Users\Devang H Bhagwat\.m2\repository\org\xmlunit\xmlunit-core\2.5.1\xmlunit-core-2.5.1.jar;C:\Users\Devang H Bhagwat\.m2\repository\org\springframework\boot\spring-boot-starter-security\2.0.4.RELEASE\spring-boot-starter-security-2.0.4.RELEASE.jar;C:\Users\Devang H Bhagwat\.m2\repository\org\springframework\spring-aop\5.0.8.RELEASE\spring-aop-5.0.8.RELEASE.jar;C:\Users\Devang H Bhagwat\.m2\repository\org\springframework\security\spring-security-config\5.0.7.RELEASE\spring-security-config-5.0.7.RELEASE.jar;C:\Users\Devang H Bhagwat\.m2\repository\org\springframework\security\spring-security-core\5.0.7.RELEASE\spring-security-core-5.0.7.RELEASE.jar;C:\Users\Devang H Bhagwat\.m2\repository\org\springframework\security\spring-security-web\5.0.7.RELEASE\spring-security-web-5.0.7.RELEASE.jar;C:\Users\Devang H Bhagwat\.m2\repository\org\springframework\boot\spring-boot\2.0.4.RELEASE\spring-boot-2.0.4.RELEASE.jar;C:\Users\Devang H Bhagwat\.m2\repository\org\springframework\spring-context\5.0.7.RELEASE\spring-context-5.0.7.RELEASE.jar;C:\Users\Devang H Bhagwat\.m2\repository\org\springframework\spring-beans\5.0.7.RELEASE\spring-beans-5.0.7.RELEASE.jar;C:\Users\Devang H Bhagwat\.m2\repository\org\springframework\spring-expression\5.0.7.RELEASE\spring-expression-5.0.7.RELEASE.jar;C:\Users\Devang H Bhagwat\.m2\repository\org\springframework\spring-core\5.0.7.RELEASE\spring-core-5.0.7.RELEASE.jar;C:\Users\Devang H Bhagwat\.m2\repository\org\springframework\spring-jcl\5.0.7.RELEASE\spring-jcl-5.0.7.RELEASE.jar;C:\Users\Devang H Bhagwat\.m2\repository\org\springframework\boot\spring-boot-autoconfigure\2.0.3.RELEASE\spring-boot-autoconfigure-2.0.3.RELEASE.jar;C:\Users\Devang H Bhagwat\.m2\repository\org\springframework\spring-web\5.0.7.RELEASE\spring-web-5.0.7.RELEASE.jar;C:\Users\Devang H Bhagwat\.m2\repository\io\jsonwebtoken\jjwt\0.9.1\jjwt-0.9.1.jar;C:\Users\Devang H Bhagwat\.m2\repository\com\fasterxml\jackson\core\jackson-databind\2.9.6\jackson-databind-2.9.6.jar;C:\Users\Devang H Bhagwat\.m2\repository\com\fasterxml\jackson\core\jackson-annotations\2.9.0\jackson-annotations-2.9.0.jar;C:\Users\Devang H Bhagwat\.m2\repository\com\fasterxml\jackson\core\jackson-core\2.9.6\jackson-core-2.9.6.jar;C:\Users\Devang H Bhagwat\.m2\repository\org\junit\jupiter\junit-jupiter-api\5.1.0\junit-jupiter-api-5.1.0.jar;C:\Users\Devang H Bhagwat\.m2\repository\org\apiguardian\apiguardian-api\1.0.0\apiguardian-api-1.0.0.jar;C:\Users\Devang H Bhagwat\.m2\repository\org\opentest4j\opentest4j\1.0.0\opentest4j-1.0.0.jar;C:\Users\Devang H Bhagwat\.m2\repository\org\junit\platform\junit-platform-commons\1.1.0\junit-platform-commons-1.1.0.jar;C:\Users\Devang H Bhagwat\.m2\repository\org\mongodb\mongodb-driver-sync\3.9.1\mongodb-driver-sync-3.9.1.jar;C:\Users\Devang H Bhagwat\.m2\repository\org\mongodb\bson\3.9.1\bson-3.9.1.jar;C:\Users\Devang H Bhagwat\.m2\repository\org\mongodb\mongodb-driver-core\3.9.1\mongodb-driver-core-3.9.1.jar;"/>
    <property name="sun.cpu.endian" value="little"/>
    <property name="user.home" value="C:\Users\Devang H Bhagwat"/>
    <property name="user.language" value="en"/>
    <property name="java.specification.vendor" value="Oracle Corporation"/>
    <property name="java.home" value="C:\Program Files\Java\jdk1.8.0_281\jre"/>
    <property name="basedir" value="C:\Coding\java\mflix"/>
    <property name="file.separator" value="\"/>
    <property name="line.separator" value="&#10;"/>
    <property name="java.vm.specification.vendor" value="Oracle Corporation"/>
    <property name="java.specification.name" value="Java Platform API Specification"/>
    <property name="java.awt.graphicsenv" value="sun.awt.Win32GraphicsEnvironment"/>
    <property name="surefire.real.class.path" value="C:\Temp\surefire7931700998616247565\surefirebooter6060002280991141545.jar"/>
    <property name="sun.boot.class.path" value="C:\Program Files\Java\jdk1.8.0_281\jre\lib\resources.jar;C:\Program Files\Java\jdk1.8.0_281\jre\lib\rt.jar;C:\Program Files\Java\jdk1.8.0_281\jre\lib\sunrsasign.jar;C:\Program Files\Java\jdk1.8.0_281\jre\lib\jsse.jar;C:\Program Files\Java\jdk1.8.0_281\jre\lib\jce.jar;C:\Program Files\Java\jdk1.8.0_281\jre\lib\charsets.jar;C:\Program Files\Java\jdk1.8.0_281\jre\lib\jfr.jar;C:\Program Files\Java\jdk1.8.0_281\jre\classes"/>
    <property name="user.script" value=""/>
    <property name="sun.management.compiler" value="HotSpot 64-Bit Tiered Compilers"/>
    <property name="java.runtime.version" value="1.8.0_281-b09"/>
    <property name="user.name" value="Devang H Bhagwat"/>
    <property name="path.separator" value=";"/>
    <property name="os.version" value="10.0"/>
    <property name="java.endorsed.dirs" value="C:\Program Files\Java\jdk1.8.0_281\jre\lib\endorsed"/>
    <property name="java.runtime.name" value="Java(TM) SE Runtime Environment"/>
    <property name="file.encoding" value="Cp1252"/>
    <property name="java.vm.name" value="Java HotSpot(TM) 64-Bit Server VM"/>
    <property name="localRepository" value="C:\Users\Devang H Bhagwat\.m2\repository"/>
    <property name="java.vendor.url.bug" value="http://bugreport.sun.com/bugreport/"/>
    <property name="java.io.tmpdir" value="C:\Temp\"/>
    <property name="java.version" value="1.8.0_281"/>
    <property name="user.dir" value="C:\Coding\java\mflix"/>
    <property name="os.arch" value="amd64"/>
    <property name="java.vm.specification.name" value="Java Virtual Machine Specification"/>
    <property name="java.awt.printerjob" value="sun.awt.windows.WPrinterJob"/>
    <property name="sun.os.patch.level" value=""/>
    <property name="java.library.path" value="C:\Program Files\Java\jdk1.8.0_281\jre\bin;C:\WINDOWS\Sun\Java\bin;C:\WINDOWS\system32;C:\WINDOWS;C:\ProgramData\Anaconda3;C:\ProgramData\Anaconda3\Library\mingw-w64\bin;C:\ProgramData\Anaconda3\Library\usr\bin;C:\ProgramData\Anaconda3\Library\bin;C:\ProgramData\Anaconda3\Scripts;C:\ProgramData\Anaconda3\bin;C:\ProgramData\Anaconda3\condabin;C:\Program Files (x86)\Common Files\Oracle\Java\javapath;C:\Program Files (x86)\VMware\VMware Player\bin;C:\WINDOWS;C:\WINDOWS\System32\Wbem;C:\WINDOWS\System32\WindowsPowerShell\v1.0;C:\WINDOWS\System32\OpenSSH;C:\ProgramData\Anaconda3\python.exe;C:\Program Files\nodejs;C:\hadoop-3.2.1\bin;C:\hadoop-3.2.1\sbin;C:\Program Files\Java\jdk1.8.0_281\bin;C:\hive\bin;C:\derby\bin;C:\WINDOWS\system32;C:\Program Files\Git\cmd;C:\Program Files\Microsoft VS Code\bin;C:\Program Files (x86)\GtkSharp\2.12\bin;C:\Program Files\Intel\WiFi\bin;C:\Program Files\Common Files\Intel\WirelessCommon;C:\Program Files (x86)\Intel\Intel(R) Management Engine Components\DAL;C:\Program Files\Intel\Intel(R) Management Engine Components\DAL;C:\Program Files\Notepad++;C:\DevSoft\apache-maven-3.8.4\bin;C:\Program Files\MongoDB\Server\5.0\bin;C:\Users\Devang H Bhagwat\AppData\Local\Microsoft\WindowsApps;C:\Users\Devang H Bhagwat\AppData\Local\Programs\MiKTeX\miktex\bin\x64;C:\Users\Devang H Bhagwat\AppData\Roaming\npm;C:\ProgramData\Anaconda3;C:\DevSoft\msys64\usr\bin;C:\DevSoft\msys64\mingw64\bin;C:\DevSoft\tbb-2020.3-win\tbb\bin;C:\Program Files\JetBrains\IntelliJ IDEA Community Edition 2021.2.1\bin;.;C:\ProgramData\Anaconda3\Scripts;C:\ProgramData\Anaconda3\Library\bin;C:\Program Files (x86)\Intel\oneAPI\compiler\2021.3.0\windows\bin;.;."/>
    <property name="java.vm.info" value="mixed mode"/>
    <property name="java.vendor" value="Oracle Corporation"/>
    <property name="java.vm.version" value="25.281-b09"/>
    <property name="java.ext.dirs" value="C:\Program Files\Java\jdk1.8.0_281\jre\lib\ext;C:\WINDOWS\Sun\Java\lib\ext"/>
    <property name="sun.io.unicode.encoding" value="UnicodeLittle"/>
    <property name="java.class.version" value="52.0"/>
  </properties>
  <testcase name="DocumentInstance" classname="mflix.lessons.MongoClientLesson" time="0.009">
    <error message="The connection string is invalid. Connection strings must start with either &apos;mongodb://&apos; or &apos;mongodb+srv://" type="java.lang.IllegalArgumentException">java.lang.IllegalArgumentException: The connection string is invalid. Connection strings must start with either 'mongodb://' or 'mongodb+srv://
	at mflix.lessons.MongoClientLesson.DocumentInstance(MongoClientLesson.java:181)
</error>
    <system-out><![CDATA[15:34:41.992 [main] INFO org.mongodb.driver.cluster - Cluster created with settings {hosts=[mfilx-shard-00-00.v2wzx.mongodb.net:27017, mfilx-shard-00-01.v2wzx.mongodb.net:27017, mfilx-shard-00-02.v2wzx.mongodb.net:27017], mode=MULTIPLE, requiredClusterType=REPLICA_SET, serverSelectionTimeout='30000 ms', maxWaitQueueSize=500, requiredReplicaSetName='atlas-csjqm5-shard-0'}
15:34:41.996 [main] INFO org.mongodb.driver.cluster - Adding discovered server mfilx-shard-00-00.v2wzx.mongodb.net:27017 to client view of cluster
15:34:42.501 [main] INFO org.mongodb.driver.cluster - Adding discovered server mfilx-shard-00-01.v2wzx.mongodb.net:27017 to client view of cluster
15:34:42.503 [main] INFO org.mongodb.driver.cluster - Adding discovered server mfilx-shard-00-02.v2wzx.mongodb.net:27017 to client view of cluster
15:34:42.534 [main] DEBUG org.mongodb.driver.cluster - Updating cluster description to  {type=REPLICA_SET, servers=[{address=mfilx-shard-00-01.v2wzx.mongodb.net:27017, type=UNKNOWN, state=CONNECTING}, {address=mfilx-shard-00-02.v2wzx.mongodb.net:27017, type=UNKNOWN, state=CONNECTING}, {address=mfilx-shard-00-00.v2wzx.mongodb.net:27017, type=UNKNOWN, state=CONNECTING}]
15:34:43.063 [main] INFO org.mongodb.driver.cluster - Cluster created with settings {hosts=[mfilx-shard-00-00.v2wzx.mongodb.net:27017, mfilx-shard-00-01.v2wzx.mongodb.net:27017, mfilx-shard-00-02.v2wzx.mongodb.net:27017], mode=MULTIPLE, requiredClusterType=REPLICA_SET, serverSelectionTimeout='30000 ms', maxWaitQueueSize=500, requiredReplicaSetName='atlas-csjqm5-shard-0'}
15:34:43.063 [main] INFO org.mongodb.driver.cluster - Adding discovered server mfilx-shard-00-00.v2wzx.mongodb.net:27017 to client view of cluster
15:34:43.065 [main] INFO org.mongodb.driver.cluster - Adding discovered server mfilx-shard-00-01.v2wzx.mongodb.net:27017 to client view of cluster
15:34:43.066 [main] INFO org.mongodb.driver.cluster - Adding discovered server mfilx-shard-00-02.v2wzx.mongodb.net:27017 to client view of cluster
15:34:43.068 [main] DEBUG org.mongodb.driver.cluster - Updating cluster description to  {type=REPLICA_SET, servers=[{address=mfilx-shard-00-01.v2wzx.mongodb.net:27017, type=UNKNOWN, state=CONNECTING}, {address=mfilx-shard-00-02.v2wzx.mongodb.net:27017, type=UNKNOWN, state=CONNECTING}, {address=mfilx-shard-00-00.v2wzx.mongodb.net:27017, type=UNKNOWN, state=CONNECTING}]
]]></system-out>
  </testcase>
  <testcase name="MongoCollectionInstance" classname="mflix.lessons.MongoClientLesson" time="0">
    <error message="The connection string is invalid. Connection strings must start with either &apos;mongodb://&apos; or &apos;mongodb+srv://" type="java.lang.IllegalArgumentException">java.lang.IllegalArgumentException: The connection string is invalid. Connection strings must start with either 'mongodb://' or 'mongodb+srv://
	at mflix.lessons.MongoClientLesson.MongoCollectionInstance(MongoClientLesson.java:156)
</error>
    <system-out><![CDATA[15:34:43.150 [main] INFO org.mongodb.driver.cluster - Cluster created with settings {hosts=[mfilx-shard-00-00.v2wzx.mongodb.net:27017, mfilx-shard-00-01.v2wzx.mongodb.net:27017, mfilx-shard-00-02.v2wzx.mongodb.net:27017], mode=MULTIPLE, requiredClusterType=REPLICA_SET, serverSelectionTimeout='30000 ms', maxWaitQueueSize=500, requiredReplicaSetName='atlas-csjqm5-shard-0'}
15:34:43.150 [main] INFO org.mongodb.driver.cluster - Adding discovered server mfilx-shard-00-00.v2wzx.mongodb.net:27017 to client view of cluster
15:34:43.152 [main] INFO org.mongodb.driver.cluster - Adding discovered server mfilx-shard-00-01.v2wzx.mongodb.net:27017 to client view of cluster
15:34:43.154 [main] INFO org.mongodb.driver.cluster - Adding discovered server mfilx-shard-00-02.v2wzx.mongodb.net:27017 to client view of cluster
15:34:43.155 [main] DEBUG org.mongodb.driver.cluster - Updating cluster description to  {type=REPLICA_SET, servers=[{address=mfilx-shard-00-01.v2wzx.mongodb.net:27017, type=UNKNOWN, state=CONNECTING}, {address=mfilx-shard-00-02.v2wzx.mongodb.net:27017, type=UNKNOWN, state=CONNECTING}, {address=mfilx-shard-00-00.v2wzx.mongodb.net:27017, type=UNKNOWN, state=CONNECTING}]
15:34:43.229 [main] INFO org.mongodb.driver.cluster - Cluster created with settings {hosts=[mfilx-shard-00-00.v2wzx.mongodb.net:27017, mfilx-shard-00-01.v2wzx.mongodb.net:27017, mfilx-shard-00-02.v2wzx.mongodb.net:27017], mode=MULTIPLE, requiredClusterType=REPLICA_SET, serverSelectionTimeout='30000 ms', maxWaitQueueSize=500, requiredReplicaSetName='atlas-csjqm5-shard-0'}
15:34:43.229 [main] INFO org.mongodb.driver.cluster - Adding discovered server mfilx-shard-00-00.v2wzx.mongodb.net:27017 to client view of cluster
15:34:43.231 [main] INFO org.mongodb.driver.cluster - Adding discovered server mfilx-shard-00-01.v2wzx.mongodb.net:27017 to client view of cluster
15:34:43.233 [main] INFO org.mongodb.driver.cluster - Adding discovered server mfilx-shard-00-02.v2wzx.mongodb.net:27017 to client view of cluster
15:34:43.235 [main] DEBUG org.mongodb.driver.cluster - Updating cluster description to  {type=REPLICA_SET, servers=[{address=mfilx-shard-00-01.v2wzx.mongodb.net:27017, type=UNKNOWN, state=CONNECTING}, {address=mfilx-shard-00-02.v2wzx.mongodb.net:27017, type=UNKNOWN, state=CONNECTING}, {address=mfilx-shard-00-00.v2wzx.mongodb.net:27017, type=UNKNOWN, state=CONNECTING}]
]]></system-out>
  </testcase>
  <testcase name="MongoDatabaseInstance" classname="mflix.lessons.MongoClientLesson" time="0.001">
    <error message="The connection string is invalid. Connection strings must start with either &apos;mongodb://&apos; or &apos;mongodb+srv://" type="java.lang.IllegalArgumentException">java.lang.IllegalArgumentException: The connection string is invalid. Connection strings must start with either 'mongodb://' or 'mongodb+srv://
	at mflix.lessons.MongoClientLesson.MongoDatabaseInstance(MongoClientLesson.java:93)
</error>
    <system-out><![CDATA[15:34:43.310 [main] INFO org.mongodb.driver.cluster - Cluster created with settings {hosts=[mfilx-shard-00-00.v2wzx.mongodb.net:27017, mfilx-shard-00-01.v2wzx.mongodb.net:27017, mfilx-shard-00-02.v2wzx.mongodb.net:27017], mode=MULTIPLE, requiredClusterType=REPLICA_SET, serverSelectionTimeout='30000 ms', maxWaitQueueSize=500, requiredReplicaSetName='atlas-csjqm5-shard-0'}
15:34:43.310 [main] INFO org.mongodb.driver.cluster - Adding discovered server mfilx-shard-00-00.v2wzx.mongodb.net:27017 to client view of cluster
15:34:43.312 [main] INFO org.mongodb.driver.cluster - Adding discovered server mfilx-shard-00-01.v2wzx.mongodb.net:27017 to client view of cluster
15:34:43.314 [main] INFO org.mongodb.driver.cluster - Adding discovered server mfilx-shard-00-02.v2wzx.mongodb.net:27017 to client view of cluster
15:34:43.315 [main] DEBUG org.mongodb.driver.cluster - Updating cluster description to  {type=REPLICA_SET, servers=[{address=mfilx-shard-00-01.v2wzx.mongodb.net:27017, type=UNKNOWN, state=CONNECTING}, {address=mfilx-shard-00-02.v2wzx.mongodb.net:27017, type=UNKNOWN, state=CONNECTING}, {address=mfilx-shard-00-00.v2wzx.mongodb.net:27017, type=UNKNOWN, state=CONNECTING}]
15:34:43.389 [main] INFO org.mongodb.driver.cluster - Cluster created with settings {hosts=[mfilx-shard-00-00.v2wzx.mongodb.net:27017, mfilx-shard-00-01.v2wzx.mongodb.net:27017, mfilx-shard-00-02.v2wzx.mongodb.net:27017], mode=MULTIPLE, requiredClusterType=REPLICA_SET, serverSelectionTimeout='30000 ms', maxWaitQueueSize=500, requiredReplicaSetName='atlas-csjqm5-shard-0'}
15:34:43.389 [main] INFO org.mongodb.driver.cluster - Adding discovered server mfilx-shard-00-00.v2wzx.mongodb.net:27017 to client view of cluster
15:34:43.390 [main] INFO org.mongodb.driver.cluster - Adding discovered server mfilx-shard-00-01.v2wzx.mongodb.net:27017 to client view of cluster
15:34:43.391 [main] INFO org.mongodb.driver.cluster - Adding discovered server mfilx-shard-00-02.v2wzx.mongodb.net:27017 to client view of cluster
15:34:43.393 [main] DEBUG org.mongodb.driver.cluster - Updating cluster description to  {type=REPLICA_SET, servers=[{address=mfilx-shard-00-01.v2wzx.mongodb.net:27017, type=UNKNOWN, state=CONNECTING}, {address=mfilx-shard-00-02.v2wzx.mongodb.net:27017, type=UNKNOWN, state=CONNECTING}, {address=mfilx-shard-00-00.v2wzx.mongodb.net:27017, type=UNKNOWN, state=CONNECTING}]
]]></system-out>
  </testcase>
  <testcase name="MongoClientInstance" classname="mflix.lessons.MongoClientLesson" time="0">
    <error message="Unable to look up SRV record for host mfilx.v2wzx.mongodb.net" type="com.mongodb.MongoConfigurationException"><![CDATA[com.mongodb.MongoConfigurationException: Unable to look up SRV record for host mfilx.v2wzx.mongodb.net
	at mflix.lessons.MongoClientLesson.<init>(MongoClientLesson.java:24)
Caused by: javax.naming.CommunicationException: DNS error
	at mflix.lessons.MongoClientLesson.<init>(MongoClientLesson.java:24)
Caused by: java.net.SocketTimeoutException: Receive timed out
	at mflix.lessons.MongoClientLesson.<init>(MongoClientLesson.java:24)
]]></error>
    <system-out><![CDATA[15:34:43.466 [main] INFO org.mongodb.driver.cluster - Cluster created with settings {hosts=[mfilx-shard-00-00.v2wzx.mongodb.net:27017, mfilx-shard-00-01.v2wzx.mongodb.net:27017, mfilx-shard-00-02.v2wzx.mongodb.net:27017], mode=MULTIPLE, requiredClusterType=REPLICA_SET, serverSelectionTimeout='30000 ms', maxWaitQueueSize=500, requiredReplicaSetName='atlas-csjqm5-shard-0'}
15:34:43.466 [main] INFO org.mongodb.driver.cluster - Adding discovered server mfilx-shard-00-00.v2wzx.mongodb.net:27017 to client view of cluster
15:34:43.469 [main] INFO org.mongodb.driver.cluster - Adding discovered server mfilx-shard-00-01.v2wzx.mongodb.net:27017 to client view of cluster
15:34:43.471 [main] INFO org.mongodb.driver.cluster - Adding discovered server mfilx-shard-00-02.v2wzx.mongodb.net:27017 to client view of cluster
15:34:43.473 [main] DEBUG org.mongodb.driver.cluster - Updating cluster description to  {type=REPLICA_SET, servers=[{address=mfilx-shard-00-01.v2wzx.mongodb.net:27017, type=UNKNOWN, state=CONNECTING}, {address=mfilx-shard-00-02.v2wzx.mongodb.net:27017, type=UNKNOWN, state=CONNECTING}, {address=mfilx-shard-00-00.v2wzx.mongodb.net:27017, type=UNKNOWN, state=CONNECTING}]
15:34:50.822 [cluster-ClusterId{value='61f905bbcc4ddf3004d17937', description='null'}-mfilx-shard-00-02.v2wzx.mongodb.net:27017] INFO org.mongodb.driver.connection - Opened connection [connectionId{localValue:9, serverValue:11816}] to mfilx-shard-00-02.v2wzx.mongodb.net:27017
15:34:50.823 [cluster-ClusterId{value='61f905bbcc4ddf3004d17937', description='null'}-mfilx-shard-00-02.v2wzx.mongodb.net:27017] DEBUG org.mongodb.driver.cluster - Checking status of mfilx-shard-00-02.v2wzx.mongodb.net:27017
15:34:50.823 [cluster-ClusterId{value='61f905bbcc4ddf3004d1793b', description='null'}-mfilx-shard-00-01.v2wzx.mongodb.net:27017] INFO org.mongodb.driver.connection - Opened connection [connectionId{localValue:20, serverValue:10396}] to mfilx-shard-00-01.v2wzx.mongodb.net:27017
15:34:50.824 [cluster-ClusterId{value='61f905bbcc4ddf3004d1793b', description='null'}-mfilx-shard-00-01.v2wzx.mongodb.net:27017] DEBUG org.mongodb.driver.cluster - Checking status of mfilx-shard-00-01.v2wzx.mongodb.net:27017
15:34:50.823 [cluster-ClusterId{value='61f905bbcc4ddf3004d17939', description='null'}-mfilx-shard-00-01.v2wzx.mongodb.net:27017] INFO org.mongodb.driver.connection - Opened connection [connectionId{localValue:14, serverValue:10396}] to mfilx-shard-00-01.v2wzx.mongodb.net:27017
15:34:50.827 [cluster-ClusterId{value='61f905bbcc4ddf3004d17939', description='null'}-mfilx-shard-00-01.v2wzx.mongodb.net:27017] DEBUG org.mongodb.driver.cluster - Checking status of mfilx-shard-00-01.v2wzx.mongodb.net:27017
15:34:50.830 [cluster-ClusterId{value='61f905bbcc4ddf3004d1793b', description='null'}-mfilx-shard-00-00.v2wzx.mongodb.net:27017] INFO org.mongodb.driver.connection - Opened connection [connectionId{localValue:19, serverValue:11267}] to mfilx-shard-00-00.v2wzx.mongodb.net:27017
15:34:50.830 [cluster-ClusterId{value='61f905bbcc4ddf3004d1793b', description='null'}-mfilx-shard-00-00.v2wzx.mongodb.net:27017] DEBUG org.mongodb.driver.cluster - Checking status of mfilx-shard-00-00.v2wzx.mongodb.net:27017
15:34:50.833 [cluster-ClusterId{value='61f905bbcc4ddf3004d1793a', description='null'}-mfilx-shard-00-01.v2wzx.mongodb.net:27017] INFO org.mongodb.driver.connection - Opened connection [connectionId{localValue:17, serverValue:10396}] to mfilx-shard-00-01.v2wzx.mongodb.net:27017
15:34:50.833 [cluster-ClusterId{value='61f905bbcc4ddf3004d17938', description='null'}-mfilx-shard-00-02.v2wzx.mongodb.net:27017] INFO org.mongodb.driver.connection - Opened connection [connectionId{localValue:12, serverValue:11816}] to mfilx-shard-00-02.v2wzx.mongodb.net:27017
15:34:50.833 [cluster-ClusterId{value='61f905bbcc4ddf3004d17938', description='null'}-mfilx-shard-00-02.v2wzx.mongodb.net:27017] DEBUG org.mongodb.driver.cluster - Checking status of mfilx-shard-00-02.v2wzx.mongodb.net:27017
15:34:50.833 [cluster-ClusterId{value='61f905bbcc4ddf3004d1793a', description='null'}-mfilx-shard-00-01.v2wzx.mongodb.net:27017] DEBUG org.mongodb.driver.cluster - Checking status of mfilx-shard-00-01.v2wzx.mongodb.net:27017
15:34:50.853 [cluster-ClusterId{value='61f905b9cc4ddf3004d17935', description='null'}-mfilx-shard-00-01.v2wzx.mongodb.net:27017] INFO org.mongodb.driver.connection - Opened connection [connectionId{localValue:2, serverValue:10396}] to mfilx-shard-00-01.v2wzx.mongodb.net:27017
15:34:50.854 [cluster-ClusterId{value='61f905b9cc4ddf3004d17935', description='null'}-mfilx-shard-00-01.v2wzx.mongodb.net:27017] DEBUG org.mongodb.driver.cluster - Checking status of mfilx-shard-00-01.v2wzx.mongodb.net:27017
15:34:50.854 [cluster-ClusterId{value='61f905bbcc4ddf3004d17938', description='null'}-mfilx-shard-00-00.v2wzx.mongodb.net:27017] INFO org.mongodb.driver.connection - Opened connection [connectionId{localValue:10, serverValue:11267}] to mfilx-shard-00-00.v2wzx.mongodb.net:27017
15:34:50.854 [cluster-ClusterId{value='61f905bbcc4ddf3004d17938', description='null'}-mfilx-shard-00-00.v2wzx.mongodb.net:27017] DEBUG org.mongodb.driver.cluster - Checking status of mfilx-shard-00-00.v2wzx.mongodb.net:27017
15:34:50.887 [cluster-ClusterId{value='61f905bbcc4ddf3004d17937', description='null'}-mfilx-shard-00-00.v2wzx.mongodb.net:27017] INFO org.mongodb.driver.connection - Opened connection [connectionId{localValue:7, serverValue:11267}] to mfilx-shard-00-00.v2wzx.mongodb.net:27017
15:34:50.887 [cluster-ClusterId{value='61f905bbcc4ddf3004d17937', description='null'}-mfilx-shard-00-00.v2wzx.mongodb.net:27017] DEBUG org.mongodb.driver.cluster - Checking status of mfilx-shard-00-00.v2wzx.mongodb.net:27017
15:34:50.904 [cluster-ClusterId{value='61f905bbcc4ddf3004d17936', description='null'}-mfilx-shard-00-02.v2wzx.mongodb.net:27017] INFO org.mongodb.driver.connection - Opened connection [connectionId{localValue:6, serverValue:11816}] to mfilx-shard-00-02.v2wzx.mongodb.net:27017
15:34:50.904 [cluster-ClusterId{value='61f905bbcc4ddf3004d17936', description='null'}-mfilx-shard-00-02.v2wzx.mongodb.net:27017] DEBUG org.mongodb.driver.cluster - Checking status of mfilx-shard-00-02.v2wzx.mongodb.net:27017
15:34:50.905 [cluster-ClusterId{value='61f905b9cc4ddf3004d17935', description='null'}-mfilx-shard-00-00.v2wzx.mongodb.net:27017] INFO org.mongodb.driver.connection - Opened connection [connectionId{localValue:3, serverValue:11267}] to mfilx-shard-00-00.v2wzx.mongodb.net:27017
15:34:50.905 [cluster-ClusterId{value='61f905b9cc4ddf3004d17935', description='null'}-mfilx-shard-00-00.v2wzx.mongodb.net:27017] DEBUG org.mongodb.driver.cluster - Checking status of mfilx-shard-00-00.v2wzx.mongodb.net:27017
15:34:50.906 [cluster-ClusterId{value='61f905bbcc4ddf3004d1793a', description='null'}-mfilx-shard-00-00.v2wzx.mongodb.net:27017] INFO org.mongodb.driver.connection - Opened connection [connectionId{localValue:16, serverValue:11267}] to mfilx-shard-00-00.v2wzx.mongodb.net:27017
15:34:50.907 [cluster-ClusterId{value='61f905bbcc4ddf3004d17939', description='null'}-mfilx-shard-00-00.v2wzx.mongodb.net:27017] INFO org.mongodb.driver.connection - Opened connection [connectionId{localValue:13, serverValue:11267}] to mfilx-shard-00-00.v2wzx.mongodb.net:27017
15:34:50.907 [cluster-ClusterId{value='61f905bbcc4ddf3004d17939', description='null'}-mfilx-shard-00-00.v2wzx.mongodb.net:27017] DEBUG org.mongodb.driver.cluster - Checking status of mfilx-shard-00-00.v2wzx.mongodb.net:27017
15:34:50.908 [cluster-ClusterId{value='61f905bbcc4ddf3004d1793a', description='null'}-mfilx-shard-00-00.v2wzx.mongodb.net:27017] DEBUG org.mongodb.driver.cluster - Checking status of mfilx-shard-00-00.v2wzx.mongodb.net:27017
15:34:50.909 [cluster-ClusterId{value='61f905bbcc4ddf3004d17936', description='null'}-mfilx-shard-00-00.v2wzx.mongodb.net:27017] INFO org.mongodb.driver.connection - Opened connection [connectionId{localValue:4, serverValue:11267}] to mfilx-shard-00-00.v2wzx.mongodb.net:27017
15:34:50.910 [cluster-ClusterId{value='61f905bbcc4ddf3004d17936', description='null'}-mfilx-shard-00-00.v2wzx.mongodb.net:27017] DEBUG org.mongodb.driver.cluster - Checking status of mfilx-shard-00-00.v2wzx.mongodb.net:27017
15:34:50.915 [cluster-ClusterId{value='61f905bbcc4ddf3004d17939', description='null'}-mfilx-shard-00-02.v2wzx.mongodb.net:27017] INFO org.mongodb.driver.connection - Opened connection [connectionId{localValue:15, serverValue:11816}] to mfilx-shard-00-02.v2wzx.mongodb.net:27017
15:34:50.916 [cluster-ClusterId{value='61f905bbcc4ddf3004d17939', description='null'}-mfilx-shard-00-02.v2wzx.mongodb.net:27017] DEBUG org.mongodb.driver.cluster - Checking status of mfilx-shard-00-02.v2wzx.mongodb.net:27017
15:34:50.917 [cluster-ClusterId{value='61f905bbcc4ddf3004d1793a', description='null'}-mfilx-shard-00-02.v2wzx.mongodb.net:27017] INFO org.mongodb.driver.connection - Opened connection [connectionId{localValue:18, serverValue:11816}] to mfilx-shard-00-02.v2wzx.mongodb.net:27017
15:34:50.917 [cluster-ClusterId{value='61f905bbcc4ddf3004d1793a', description='null'}-mfilx-shard-00-02.v2wzx.mongodb.net:27017] DEBUG org.mongodb.driver.cluster - Checking status of mfilx-shard-00-02.v2wzx.mongodb.net:27017
15:34:50.919 [cluster-ClusterId{value='61f905bbcc4ddf3004d1793b', description='null'}-mfilx-shard-00-02.v2wzx.mongodb.net:27017] INFO org.mongodb.driver.connection - Opened connection [connectionId{localValue:21, serverValue:11816}] to mfilx-shard-00-02.v2wzx.mongodb.net:27017
15:34:50.920 [cluster-ClusterId{value='61f905bbcc4ddf3004d1793b', description='null'}-mfilx-shard-00-02.v2wzx.mongodb.net:27017] DEBUG org.mongodb.driver.cluster - Checking status of mfilx-shard-00-02.v2wzx.mongodb.net:27017
15:34:50.920 [cluster-ClusterId{value='61f905bbcc4ddf3004d17937', description='null'}-mfilx-shard-00-01.v2wzx.mongodb.net:27017] INFO org.mongodb.driver.connection - Opened connection [connectionId{localValue:8, serverValue:10396}] to mfilx-shard-00-01.v2wzx.mongodb.net:27017
15:34:50.921 [cluster-ClusterId{value='61f905bbcc4ddf3004d17937', description='null'}-mfilx-shard-00-01.v2wzx.mongodb.net:27017] DEBUG org.mongodb.driver.cluster - Checking status of mfilx-shard-00-01.v2wzx.mongodb.net:27017
15:34:50.921 [cluster-ClusterId{value='61f905bbcc4ddf3004d17936', description='null'}-mfilx-shard-00-01.v2wzx.mongodb.net:27017] INFO org.mongodb.driver.connection - Opened connection [connectionId{localValue:5, serverValue:10396}] to mfilx-shard-00-01.v2wzx.mongodb.net:27017
15:34:50.921 [cluster-ClusterId{value='61f905bbcc4ddf3004d17936', description='null'}-mfilx-shard-00-01.v2wzx.mongodb.net:27017] DEBUG org.mongodb.driver.cluster - Checking status of mfilx-shard-00-01.v2wzx.mongodb.net:27017
15:34:50.923 [cluster-ClusterId{value='61f905bbcc4ddf3004d17938', description='null'}-mfilx-shard-00-01.v2wzx.mongodb.net:27017] INFO org.mongodb.driver.connection - Opened connection [connectionId{localValue:11, serverValue:10396}] to mfilx-shard-00-01.v2wzx.mongodb.net:27017
15:34:50.924 [cluster-ClusterId{value='61f905bbcc4ddf3004d17938', description='null'}-mfilx-shard-00-01.v2wzx.mongodb.net:27017] DEBUG org.mongodb.driver.cluster - Checking status of mfilx-shard-00-01.v2wzx.mongodb.net:27017
15:34:51.009 [cluster-ClusterId{value='61f905bbcc4ddf3004d17937', description='null'}-mfilx-shard-00-00.v2wzx.mongodb.net:27017] DEBUG org.mongodb.driver.protocol.command - Sending command '{ "ismaster" : 1, "$db" : "admin" }' with request id 72 to database admin on connection [connectionId{localValue:7, serverValue:11267}] to server mfilx-shard-00-00.v2wzx.mongodb.net:27017
15:34:51.010 [cluster-ClusterId{value='61f905b9cc4ddf3004d17935', description='null'}-mfilx-shard-00-01.v2wzx.mongodb.net:27017] DEBUG org.mongodb.driver.protocol.command - Sending command '{ "ismaster" : 1, "$db" : "admin" }' with request id 70 to database admin on connection [connectionId{localValue:2, serverValue:10396}] to server mfilx-shard-00-01.v2wzx.mongodb.net:27017
15:34:51.011 [cluster-ClusterId{value='61f905bbcc4ddf3004d1793a', description='null'}-mfilx-shard-00-01.v2wzx.mongodb.net:27017] DEBUG org.mongodb.driver.protocol.command - Sending command '{ "ismaster" : 1, "$db" : "admin" }' with request id 66 to database admin on connection [connectionId{localValue:17, serverValue:10396}] to server mfilx-shard-00-01.v2wzx.mongodb.net:27017
15:34:51.012 [cluster-ClusterId{value='61f905bbcc4ddf3004d17936', description='null'}-mfilx-shard-00-02.v2wzx.mongodb.net:27017] DEBUG org.mongodb.driver.protocol.command - Sending command '{ "ismaster" : 1, "$db" : "admin" }' with request id 73 to database admin on connection [connectionId{localValue:6, serverValue:11816}] to server mfilx-shard-00-02.v2wzx.mongodb.net:27017
15:34:51.013 [cluster-ClusterId{value='61f905bbcc4ddf3004d17938', description='null'}-mfilx-shard-00-02.v2wzx.mongodb.net:27017] DEBUG org.mongodb.driver.protocol.command - Sending command '{ "ismaster" : 1, "$db" : "admin" }' with request id 65 to database admin on connection [connectionId{localValue:12, serverValue:11816}] to server mfilx-shard-00-02.v2wzx.mongodb.net:27017
15:34:51.014 [cluster-ClusterId{value='61f905bbcc4ddf3004d1793a', description='null'}-mfilx-shard-00-02.v2wzx.mongodb.net:27017] DEBUG org.mongodb.driver.protocol.command - Sending command '{ "ismaster" : 1, "$db" : "admin" }' with request id 79 to database admin on connection [connectionId{localValue:18, serverValue:11816}] to server mfilx-shard-00-02.v2wzx.mongodb.net:27017
15:34:51.017 [cluster-ClusterId{value='61f905bbcc4ddf3004d1793b', description='null'}-mfilx-shard-00-01.v2wzx.mongodb.net:27017] DEBUG org.mongodb.driver.protocol.command - Sending command '{ "ismaster" : 1, "$db" : "admin" }' with request id 58 to database admin on connection [connectionId{localValue:20, serverValue:10396}] to server mfilx-shard-00-01.v2wzx.mongodb.net:27017
15:34:51.019 [cluster-ClusterId{value='61f905bbcc4ddf3004d17938', description='null'}-mfilx-shard-00-00.v2wzx.mongodb.net:27017] DEBUG org.mongodb.driver.protocol.command - Sending command '{ "ismaster" : 1, "$db" : "admin" }' with request id 71 to database admin on connection [connectionId{localValue:10, serverValue:11267}] to server mfilx-shard-00-00.v2wzx.mongodb.net:27017
15:34:51.021 [cluster-ClusterId{value='61f905bbcc4ddf3004d17939', description='null'}-mfilx-shard-00-00.v2wzx.mongodb.net:27017] DEBUG org.mongodb.driver.protocol.command - Sending command '{ "ismaster" : 1, "$db" : "admin" }' with request id 75 to database admin on connection [connectionId{localValue:13, serverValue:11267}] to server mfilx-shard-00-00.v2wzx.mongodb.net:27017
15:34:51.021 [cluster-ClusterId{value='61f905bbcc4ddf3004d1793b', description='null'}-mfilx-shard-00-02.v2wzx.mongodb.net:27017] DEBUG org.mongodb.driver.protocol.command - Sending command '{ "ismaster" : 1, "$db" : "admin" }' with request id 80 to database admin on connection [connectionId{localValue:21, serverValue:11816}] to server mfilx-shard-00-02.v2wzx.mongodb.net:27017
15:34:51.022 [cluster-ClusterId{value='61f905bbcc4ddf3004d17937', description='null'}-mfilx-shard-00-02.v2wzx.mongodb.net:27017] DEBUG org.mongodb.driver.protocol.command - Sending command '{ "ismaster" : 1, "$db" : "admin" }' with request id 55 to database admin on connection [connectionId{localValue:9, serverValue:11816}] to server mfilx-shard-00-02.v2wzx.mongodb.net:27017
15:34:51.036 [cluster-ClusterId{value='61f905bbcc4ddf3004d17937', description='null'}-mfilx-shard-00-01.v2wzx.mongodb.net:27017] DEBUG org.mongodb.driver.protocol.command - Sending command '{ "ismaster" : 1, "$db" : "admin" }' with request id 81 to database admin on connection [connectionId{localValue:8, serverValue:10396}] to server mfilx-shard-00-01.v2wzx.mongodb.net:27017
15:34:51.038 [cluster-ClusterId{value='61f905bbcc4ddf3004d17939', description='null'}-mfilx-shard-00-01.v2wzx.mongodb.net:27017] DEBUG org.mongodb.driver.protocol.command - Sending command '{ "ismaster" : 1, "$db" : "admin" }' with request id 59 to database admin on connection [connectionId{localValue:14, serverValue:10396}] to server mfilx-shard-00-01.v2wzx.mongodb.net:27017
15:34:51.038 [cluster-ClusterId{value='61f905bbcc4ddf3004d1793a', description='null'}-mfilx-shard-00-00.v2wzx.mongodb.net:27017] DEBUG org.mongodb.driver.protocol.command - Sending command '{ "ismaster" : 1, "$db" : "admin" }' with request id 76 to database admin on connection [connectionId{localValue:16, serverValue:11267}] to server mfilx-shard-00-00.v2wzx.mongodb.net:27017
15:34:51.041 [cluster-ClusterId{value='61f905bbcc4ddf3004d17938', description='null'}-mfilx-shard-00-01.v2wzx.mongodb.net:27017] DEBUG org.mongodb.driver.protocol.command - Sending command '{ "ismaster" : 1, "$db" : "admin" }' with request id 83 to database admin on connection [connectionId{localValue:11, serverValue:10396}] to server mfilx-shard-00-01.v2wzx.mongodb.net:27017
15:34:51.042 [cluster-ClusterId{value='61f905bbcc4ddf3004d17936', description='null'}-mfilx-shard-00-00.v2wzx.mongodb.net:27017] DEBUG org.mongodb.driver.protocol.command - Sending command '{ "ismaster" : 1, "$db" : "admin" }' with request id 77 to database admin on connection [connectionId{localValue:4, serverValue:11267}] to server mfilx-shard-00-00.v2wzx.mongodb.net:27017
15:34:51.042 [cluster-ClusterId{value='61f905b9cc4ddf3004d17935', description='null'}-mfilx-shard-00-00.v2wzx.mongodb.net:27017] DEBUG org.mongodb.driver.protocol.command - Sending command '{ "ismaster" : 1, "$db" : "admin" }' with request id 74 to database admin on connection [connectionId{localValue:3, serverValue:11267}] to server mfilx-shard-00-00.v2wzx.mongodb.net:27017
15:34:51.043 [cluster-ClusterId{value='61f905bbcc4ddf3004d17939', description='null'}-mfilx-shard-00-02.v2wzx.mongodb.net:27017] DEBUG org.mongodb.driver.protocol.command - Sending command '{ "ismaster" : 1, "$db" : "admin" }' with request id 78 to database admin on connection [connectionId{localValue:15, serverValue:11816}] to server mfilx-shard-00-02.v2wzx.mongodb.net:27017
15:34:51.044 [cluster-ClusterId{value='61f905bbcc4ddf3004d17936', description='null'}-mfilx-shard-00-01.v2wzx.mongodb.net:27017] DEBUG org.mongodb.driver.protocol.command - Sending command '{ "ismaster" : 1, "$db" : "admin" }' with request id 82 to database admin on connection [connectionId{localValue:5, serverValue:10396}] to server mfilx-shard-00-01.v2wzx.mongodb.net:27017
15:34:51.044 [cluster-ClusterId{value='61f905bbcc4ddf3004d1793b', description='null'}-mfilx-shard-00-00.v2wzx.mongodb.net:27017] DEBUG org.mongodb.driver.protocol.command - Sending command '{ "ismaster" : 1, "$db" : "admin" }' with request id 63 to database admin on connection [connectionId{localValue:19, serverValue:11267}] to server mfilx-shard-00-00.v2wzx.mongodb.net:27017
15:34:51.070 [cluster-ClusterId{value='61f905bbcc4ddf3004d1793b', description='null'}-mfilx-shard-00-01.v2wzx.mongodb.net:27017] DEBUG org.mongodb.driver.protocol.command - Execution of command with request id 58 completed successfully in 203.94 ms on connection [connectionId{localValue:20, serverValue:10396}] to server mfilx-shard-00-01.v2wzx.mongodb.net:27017
15:34:51.071 [cluster-ClusterId{value='61f905bbcc4ddf3004d17938', description='null'}-mfilx-shard-00-02.v2wzx.mongodb.net:27017] DEBUG org.mongodb.driver.protocol.command - Execution of command with request id 65 completed successfully in 220.73 ms on connection [connectionId{localValue:12, serverValue:11816}] to server mfilx-shard-00-02.v2wzx.mongodb.net:27017
15:34:51.072 [cluster-ClusterId{value='61f905bbcc4ddf3004d1793a', description='null'}-mfilx-shard-00-01.v2wzx.mongodb.net:27017] DEBUG org.mongodb.driver.protocol.command - Execution of command with request id 66 completed successfully in 220.26 ms on connection [connectionId{localValue:17, serverValue:10396}] to server mfilx-shard-00-01.v2wzx.mongodb.net:27017
15:34:51.072 [cluster-ClusterId{value='61f905b9cc4ddf3004d17935', description='null'}-mfilx-shard-00-01.v2wzx.mongodb.net:27017] DEBUG org.mongodb.driver.protocol.command - Execution of command with request id 70 completed successfully in 217.87 ms on connection [connectionId{localValue:2, serverValue:10396}] to server mfilx-shard-00-01.v2wzx.mongodb.net:27017
15:34:51.077 [cluster-ClusterId{value='61f905bbcc4ddf3004d17937', description='null'}-mfilx-shard-00-02.v2wzx.mongodb.net:27017] DEBUG org.mongodb.driver.protocol.command - Execution of command with request id 55 completed successfully in 228.59 ms on connection [connectionId{localValue:9, serverValue:11816}] to server mfilx-shard-00-02.v2wzx.mongodb.net:27017
15:34:51.079 [cluster-ClusterId{value='61f905bbcc4ddf3004d1793a', description='null'}-mfilx-shard-00-02.v2wzx.mongodb.net:27017] DEBUG org.mongodb.driver.protocol.command - Execution of command with request id 79 completed successfully in 154.27 ms on connection [connectionId{localValue:18, serverValue:11816}] to server mfilx-shard-00-02.v2wzx.mongodb.net:27017
15:34:51.080 [cluster-ClusterId{value='61f905bbcc4ddf3004d17937', description='null'}-mfilx-shard-00-00.v2wzx.mongodb.net:27017] DEBUG org.mongodb.driver.protocol.command - Execution of command with request id 72 completed successfully in 192.37 ms on connection [connectionId{localValue:7, serverValue:11267}] to server mfilx-shard-00-00.v2wzx.mongodb.net:27017
15:34:51.080 [cluster-ClusterId{value='61f905bbcc4ddf3004d17938', description='null'}-mfilx-shard-00-00.v2wzx.mongodb.net:27017] DEBUG org.mongodb.driver.protocol.command - Execution of command with request id 71 completed successfully in 225.47 ms on connection [connectionId{localValue:10, serverValue:11267}] to server mfilx-shard-00-00.v2wzx.mongodb.net:27017
15:34:51.081 [cluster-ClusterId{value='61f905bbcc4ddf3004d17939', description='null'}-mfilx-shard-00-01.v2wzx.mongodb.net:27017] DEBUG org.mongodb.driver.protocol.command - Execution of command with request id 59 completed successfully in 232.51 ms on connection [connectionId{localValue:14, serverValue:10396}] to server mfilx-shard-00-01.v2wzx.mongodb.net:27017
15:34:51.081 [cluster-ClusterId{value='61f905bbcc4ddf3004d17936', description='null'}-mfilx-shard-00-02.v2wzx.mongodb.net:27017] DEBUG org.mongodb.driver.protocol.command - Execution of command with request id 73 completed successfully in 176.76 ms on connection [connectionId{localValue:6, serverValue:11816}] to server mfilx-shard-00-02.v2wzx.mongodb.net:27017
15:34:51.086 [cluster-ClusterId{value='61f905bbcc4ddf3004d1793b', description='null'}-mfilx-shard-00-00.v2wzx.mongodb.net:27017] DEBUG org.mongodb.driver.protocol.command - Execution of command with request id 63 completed successfully in 238.06 ms on connection [connectionId{localValue:19, serverValue:11267}] to server mfilx-shard-00-00.v2wzx.mongodb.net:27017
15:34:51.089 [cluster-ClusterId{value='61f905bbcc4ddf3004d17939', description='null'}-mfilx-shard-00-00.v2wzx.mongodb.net:27017] DEBUG org.mongodb.driver.protocol.command - Execution of command with request id 75 completed successfully in 163.96 ms on connection [connectionId{localValue:13, serverValue:11267}] to server mfilx-shard-00-00.v2wzx.mongodb.net:27017
15:34:51.096 [cluster-ClusterId{value='61f905bbcc4ddf3004d1793b', description='null'}-mfilx-shard-00-02.v2wzx.mongodb.net:27017] DEBUG org.mongodb.driver.protocol.command - Execution of command with request id 80 completed successfully in 175.83 ms on connection [connectionId{localValue:21, serverValue:11816}] to server mfilx-shard-00-02.v2wzx.mongodb.net:27017
15:34:51.106 [cluster-ClusterId{value='61f905bbcc4ddf3004d17937', description='null'}-mfilx-shard-00-01.v2wzx.mongodb.net:27017] DEBUG org.mongodb.driver.protocol.command - Execution of command with request id 81 completed successfully in 185.54 ms on connection [connectionId{localValue:8, serverValue:10396}] to server mfilx-shard-00-01.v2wzx.mongodb.net:27017
15:34:51.116 [cluster-ClusterId{value='61f905bbcc4ddf3004d17936', description='null'}-mfilx-shard-00-00.v2wzx.mongodb.net:27017] DEBUG org.mongodb.driver.protocol.command - Execution of command with request id 77 completed successfully in 191.25 ms on connection [connectionId{localValue:4, serverValue:11267}] to server mfilx-shard-00-00.v2wzx.mongodb.net:27017
15:34:51.120 [cluster-ClusterId{value='61f905b9cc4ddf3004d17935', description='null'}-mfilx-shard-00-00.v2wzx.mongodb.net:27017] DEBUG org.mongodb.driver.protocol.command - Execution of command with request id 74 completed successfully in 195.73 ms on connection [connectionId{localValue:3, serverValue:11267}] to server mfilx-shard-00-00.v2wzx.mongodb.net:27017
15:34:51.121 [cluster-ClusterId{value='61f905bbcc4ddf3004d17939', description='null'}-mfilx-shard-00-02.v2wzx.mongodb.net:27017] DEBUG org.mongodb.driver.protocol.command - Execution of command with request id 78 completed successfully in 196.44 ms on connection [connectionId{localValue:15, serverValue:11816}] to server mfilx-shard-00-02.v2wzx.mongodb.net:27017
15:34:51.122 [cluster-ClusterId{value='61f905bbcc4ddf3004d17936', description='null'}-mfilx-shard-00-01.v2wzx.mongodb.net:27017] DEBUG org.mongodb.driver.protocol.command - Execution of command with request id 82 completed successfully in 197.76 ms on connection [connectionId{localValue:5, serverValue:10396}] to server mfilx-shard-00-01.v2wzx.mongodb.net:27017
15:34:51.124 [cluster-ClusterId{value='61f905bbcc4ddf3004d17938', description='null'}-mfilx-shard-00-01.v2wzx.mongodb.net:27017] DEBUG org.mongodb.driver.protocol.command - Execution of command with request id 83 completed successfully in 199.52 ms on connection [connectionId{localValue:11, serverValue:10396}] to server mfilx-shard-00-01.v2wzx.mongodb.net:27017
15:34:51.128 [cluster-ClusterId{value='61f905bbcc4ddf3004d1793a', description='null'}-mfilx-shard-00-00.v2wzx.mongodb.net:27017] DEBUG org.mongodb.driver.protocol.command - Execution of command with request id 76 completed successfully in 202.82 ms on connection [connectionId{localValue:16, serverValue:11267}] to server mfilx-shard-00-00.v2wzx.mongodb.net:27017
15:34:51.132 [cluster-ClusterId{value='61f905bbcc4ddf3004d17939', description='null'}-mfilx-shard-00-01.v2wzx.mongodb.net:27017] INFO org.mongodb.driver.cluster - Monitor thread successfully connected to server with description ServerDescription{address=mfilx-shard-00-01.v2wzx.mongodb.net:27017, type=REPLICA_SET_SECONDARY, state=CONNECTED, ok=true, version=ServerVersion{versionList=[4, 4, 12]}, minWireVersion=0, maxWireVersion=9, maxDocumentSize=16777216, logicalSessionTimeoutMinutes=30, roundTripTimeNanos=254355900, setName='atlas-csjqm5-shard-0', canonicalAddress=mfilx-shard-00-01.v2wzx.mongodb.net:27017, hosts=[mfilx-shard-00-00.v2wzx.mongodb.net:27017, mfilx-shard-00-01.v2wzx.mongodb.net:27017, mfilx-shard-00-02.v2wzx.mongodb.net:27017], passives=[], arbiters=[], primary='mfilx-shard-00-02.v2wzx.mongodb.net:27017', tagSet=TagSet{[Tag{name='workloadType', value='OPERATIONAL'}, Tag{name='provider', value='AWS'}, Tag{name='region', value='AP_SOUTH_1'}, Tag{name='nodeType', value='ELECTABLE'}]}, electionId=null, setVersion=5, lastWriteDate=Tue Feb 01 15:34:56 IST 2022, lastUpdateTimeNanos=246739388995200}
15:34:51.134 [cluster-ClusterId{value='61f905bbcc4ddf3004d1793b', description='null'}-mfilx-shard-00-01.v2wzx.mongodb.net:27017] INFO org.mongodb.driver.cluster - Monitor thread successfully connected to server with description ServerDescription{address=mfilx-shard-00-01.v2wzx.mongodb.net:27017, type=REPLICA_SET_SECONDARY, state=CONNECTED, ok=true, version=ServerVersion{versionList=[4, 4, 12]}, minWireVersion=0, maxWireVersion=9, maxDocumentSize=16777216, logicalSessionTimeoutMinutes=30, roundTripTimeNanos=246793800, setName='atlas-csjqm5-shard-0', canonicalAddress=mfilx-shard-00-01.v2wzx.mongodb.net:27017, hosts=[mfilx-shard-00-00.v2wzx.mongodb.net:27017, mfilx-shard-00-01.v2wzx.mongodb.net:27017, mfilx-shard-00-02.v2wzx.mongodb.net:27017], passives=[], arbiters=[], primary='mfilx-shard-00-02.v2wzx.mongodb.net:27017', tagSet=TagSet{[Tag{name='workloadType', value='OPERATIONAL'}, Tag{name='provider', value='AWS'}, Tag{name='region', value='AP_SOUTH_1'}, Tag{name='nodeType', value='ELECTABLE'}]}, electionId=null, setVersion=5, lastWriteDate=Tue Feb 01 15:34:56 IST 2022, lastUpdateTimeNanos=246739388155200}
15:34:51.134 [cluster-ClusterId{value='61f905b9cc4ddf3004d17935', description='null'}-mfilx-shard-00-01.v2wzx.mongodb.net:27017] INFO org.mongodb.driver.cluster - Monitor thread successfully connected to server with description ServerDescription{address=mfilx-shard-00-01.v2wzx.mongodb.net:27017, type=REPLICA_SET_SECONDARY, state=CONNECTED, ok=true, version=ServerVersion{versionList=[4, 4, 12]}, minWireVersion=0, maxWireVersion=9, maxDocumentSize=16777216, logicalSessionTimeoutMinutes=30, roundTripTimeNanos=218561900, setName='atlas-csjqm5-shard-0', canonicalAddress=mfilx-shard-00-01.v2wzx.mongodb.net:27017, hosts=[mfilx-shard-00-00.v2wzx.mongodb.net:27017, mfilx-shard-00-01.v2wzx.mongodb.net:27017, mfilx-shard-00-02.v2wzx.mongodb.net:27017], passives=[], arbiters=[], primary='mfilx-shard-00-02.v2wzx.mongodb.net:27017', tagSet=TagSet{[Tag{name='workloadType', value='OPERATIONAL'}, Tag{name='provider', value='AWS'}, Tag{name='region', value='AP_SOUTH_1'}, Tag{name='nodeType', value='ELECTABLE'}]}, electionId=null, setVersion=5, lastWriteDate=Tue Feb 01 15:34:56 IST 2022, lastUpdateTimeNanos=246739390946800}
15:34:51.134 [cluster-ClusterId{value='61f905bbcc4ddf3004d1793a', description='null'}-mfilx-shard-00-02.v2wzx.mongodb.net:27017] INFO org.mongodb.driver.cluster - Monitor thread successfully connected to server with description ServerDescription{address=mfilx-shard-00-02.v2wzx.mongodb.net:27017, type=REPLICA_SET_PRIMARY, state=CONNECTED, ok=true, version=ServerVersion{versionList=[4, 4, 12]}, minWireVersion=0, maxWireVersion=9, maxDocumentSize=16777216, logicalSessionTimeoutMinutes=30, roundTripTimeNanos=162774500, setName='atlas-csjqm5-shard-0', canonicalAddress=mfilx-shard-00-02.v2wzx.mongodb.net:27017, hosts=[mfilx-shard-00-00.v2wzx.mongodb.net:27017, mfilx-shard-00-01.v2wzx.mongodb.net:27017, mfilx-shard-00-02.v2wzx.mongodb.net:27017], passives=[], arbiters=[], primary='mfilx-shard-00-02.v2wzx.mongodb.net:27017', tagSet=TagSet{[Tag{name='workloadType', value='OPERATIONAL'}, Tag{name='nodeType', value='ELECTABLE'}, Tag{name='provider', value='AWS'}, Tag{name='region', value='AP_SOUTH_1'}]}, electionId=7fffffff0000000000000052, setVersion=5, lastWriteDate=Tue Feb 01 15:34:56 IST 2022, lastUpdateTimeNanos=246739389241700}
15:34:51.134 [cluster-ClusterId{value='61f905bbcc4ddf3004d17938', description='null'}-mfilx-shard-00-02.v2wzx.mongodb.net:27017] INFO org.mongodb.driver.cluster - Monitor thread successfully connected to server with description ServerDescription{address=mfilx-shard-00-02.v2wzx.mongodb.net:27017, type=REPLICA_SET_PRIMARY, state=CONNECTED, ok=true, version=ServerVersion{versionList=[4, 4, 12]}, minWireVersion=0, maxWireVersion=9, maxDocumentSize=16777216, logicalSessionTimeoutMinutes=30, roundTripTimeNanos=238682900, setName='atlas-csjqm5-shard-0', canonicalAddress=mfilx-shard-00-02.v2wzx.mongodb.net:27017, hosts=[mfilx-shard-00-00.v2wzx.mongodb.net:27017, mfilx-shard-00-01.v2wzx.mongodb.net:27017, mfilx-shard-00-02.v2wzx.mongodb.net:27017], passives=[], arbiters=[], primary='mfilx-shard-00-02.v2wzx.mongodb.net:27017', tagSet=TagSet{[Tag{name='workloadType', value='OPERATIONAL'}, Tag{name='nodeType', value='ELECTABLE'}, Tag{name='provider', value='AWS'}, Tag{name='region', value='AP_SOUTH_1'}]}, electionId=7fffffff0000000000000052, setVersion=5, lastWriteDate=Tue Feb 01 15:34:56 IST 2022, lastUpdateTimeNanos=246739391068800}
15:34:51.135 [cluster-ClusterId{value='61f905bbcc4ddf3004d17937', description='null'}-mfilx-shard-00-01.v2wzx.mongodb.net:27017] INFO org.mongodb.driver.cluster - Monitor thread successfully connected to server with description ServerDescription{address=mfilx-shard-00-01.v2wzx.mongodb.net:27017, type=REPLICA_SET_SECONDARY, state=CONNECTED, ok=true, version=ServerVersion{versionList=[4, 4, 12]}, minWireVersion=0, maxWireVersion=9, maxDocumentSize=16777216, logicalSessionTimeoutMinutes=30, roundTripTimeNanos=186190300, setName='atlas-csjqm5-shard-0', canonicalAddress=mfilx-shard-00-01.v2wzx.mongodb.net:27017, hosts=[mfilx-shard-00-00.v2wzx.mongodb.net:27017, mfilx-shard-00-01.v2wzx.mongodb.net:27017, mfilx-shard-00-02.v2wzx.mongodb.net:27017], passives=[], arbiters=[], primary='mfilx-shard-00-02.v2wzx.mongodb.net:27017', tagSet=TagSet{[Tag{name='workloadType', value='OPERATIONAL'}, Tag{name='provider', value='AWS'}, Tag{name='region', value='AP_SOUTH_1'}, Tag{name='nodeType', value='ELECTABLE'}]}, electionId=null, setVersion=5, lastWriteDate=Tue Feb 01 15:34:56 IST 2022, lastUpdateTimeNanos=246739394896100}
15:34:51.135 [cluster-ClusterId{value='61f905bbcc4ddf3004d17936', description='null'}-mfilx-shard-00-00.v2wzx.mongodb.net:27017] INFO org.mongodb.driver.cluster - Monitor thread successfully connected to server with description ServerDescription{address=mfilx-shard-00-00.v2wzx.mongodb.net:27017, type=REPLICA_SET_SECONDARY, state=CONNECTED, ok=true, version=ServerVersion{versionList=[4, 4, 12]}, minWireVersion=0, maxWireVersion=9, maxDocumentSize=16777216, logicalSessionTimeoutMinutes=30, roundTripTimeNanos=206387300, setName='atlas-csjqm5-shard-0', canonicalAddress=mfilx-shard-00-00.v2wzx.mongodb.net:27017, hosts=[mfilx-shard-00-00.v2wzx.mongodb.net:27017, mfilx-shard-00-01.v2wzx.mongodb.net:27017, mfilx-shard-00-02.v2wzx.mongodb.net:27017], passives=[], arbiters=[], primary='mfilx-shard-00-02.v2wzx.mongodb.net:27017', tagSet=TagSet{[Tag{name='provider', value='AWS'}, Tag{name='workloadType', value='OPERATIONAL'}, Tag{name='nodeType', value='ELECTABLE'}, Tag{name='region', value='AP_SOUTH_1'}]}, electionId=null, setVersion=5, lastWriteDate=Tue Feb 01 15:34:56 IST 2022, lastUpdateTimeNanos=246739404883500}
15:34:51.135 [cluster-ClusterId{value='61f905bbcc4ddf3004d17936', description='null'}-mfilx-shard-00-02.v2wzx.mongodb.net:27017] INFO org.mongodb.driver.cluster - Monitor thread successfully connected to server with description ServerDescription{address=mfilx-shard-00-02.v2wzx.mongodb.net:27017, type=REPLICA_SET_PRIMARY, state=CONNECTED, ok=true, version=ServerVersion{versionList=[4, 4, 12]}, minWireVersion=0, maxWireVersion=9, maxDocumentSize=16777216, logicalSessionTimeoutMinutes=30, roundTripTimeNanos=177441800, setName='atlas-csjqm5-shard-0', canonicalAddress=mfilx-shard-00-02.v2wzx.mongodb.net:27017, hosts=[mfilx-shard-00-00.v2wzx.mongodb.net:27017, mfilx-shard-00-01.v2wzx.mongodb.net:27017, mfilx-shard-00-02.v2wzx.mongodb.net:27017], passives=[], arbiters=[], primary='mfilx-shard-00-02.v2wzx.mongodb.net:27017', tagSet=TagSet{[Tag{name='workloadType', value='OPERATIONAL'}, Tag{name='nodeType', value='ELECTABLE'}, Tag{name='provider', value='AWS'}, Tag{name='region', value='AP_SOUTH_1'}]}, electionId=7fffffff0000000000000052, setVersion=5, lastWriteDate=Tue Feb 01 15:34:56 IST 2022, lastUpdateTimeNanos=246739388877600}
15:34:51.135 [cluster-ClusterId{value='61f905b9cc4ddf3004d17935', description='null'}-mfilx-shard-00-00.v2wzx.mongodb.net:27017] INFO org.mongodb.driver.cluster - Monitor thread successfully connected to server with description ServerDescription{address=mfilx-shard-00-00.v2wzx.mongodb.net:27017, type=REPLICA_SET_SECONDARY, state=CONNECTED, ok=true, version=ServerVersion{versionList=[4, 4, 12]}, minWireVersion=0, maxWireVersion=9, maxDocumentSize=16777216, logicalSessionTimeoutMinutes=30, roundTripTimeNanos=215590700, setName='atlas-csjqm5-shard-0', canonicalAddress=mfilx-shard-00-00.v2wzx.mongodb.net:27017, hosts=[mfilx-shard-00-00.v2wzx.mongodb.net:27017, mfilx-shard-00-01.v2wzx.mongodb.net:27017, mfilx-shard-00-02.v2wzx.mongodb.net:27017], passives=[], arbiters=[], primary='mfilx-shard-00-02.v2wzx.mongodb.net:27017', tagSet=TagSet{[Tag{name='provider', value='AWS'}, Tag{name='workloadType', value='OPERATIONAL'}, Tag{name='nodeType', value='ELECTABLE'}, Tag{name='region', value='AP_SOUTH_1'}]}, electionId=null, setVersion=5, lastWriteDate=Tue Feb 01 15:34:56 IST 2022, lastUpdateTimeNanos=246739409093000}
15:34:51.135 [cluster-ClusterId{value='61f905bbcc4ddf3004d17939', description='null'}-mfilx-shard-00-00.v2wzx.mongodb.net:27017] INFO org.mongodb.driver.cluster - Monitor thread successfully connected to server with description ServerDescription{address=mfilx-shard-00-00.v2wzx.mongodb.net:27017, type=REPLICA_SET_SECONDARY, state=CONNECTED, ok=true, version=ServerVersion{versionList=[4, 4, 12]}, minWireVersion=0, maxWireVersion=9, maxDocumentSize=16777216, logicalSessionTimeoutMinutes=30, roundTripTimeNanos=182272500, setName='atlas-csjqm5-shard-0', canonicalAddress=mfilx-shard-00-00.v2wzx.mongodb.net:27017, hosts=[mfilx-shard-00-00.v2wzx.mongodb.net:27017, mfilx-shard-00-01.v2wzx.mongodb.net:27017, mfilx-shard-00-02.v2wzx.mongodb.net:27017], passives=[], arbiters=[], primary='mfilx-shard-00-02.v2wzx.mongodb.net:27017', tagSet=TagSet{[Tag{name='region', value='AP_SOUTH_1'}, Tag{name='nodeType', value='ELECTABLE'}, Tag{name='workloadType', value='OPERATIONAL'}, Tag{name='provider', value='AWS'}]}, electionId=null, setVersion=5, lastWriteDate=Tue Feb 01 15:34:56 IST 2022, lastUpdateTimeNanos=246739388613200}
15:34:51.136 [cluster-ClusterId{value='61f905bbcc4ddf3004d17939', description='null'}-mfilx-shard-00-02.v2wzx.mongodb.net:27017] INFO org.mongodb.driver.cluster - Monitor thread successfully connected to server with description ServerDescription{address=mfilx-shard-00-02.v2wzx.mongodb.net:27017, type=REPLICA_SET_PRIMARY, state=CONNECTED, ok=true, version=ServerVersion{versionList=[4, 4, 12]}, minWireVersion=0, maxWireVersion=9, maxDocumentSize=16777216, logicalSessionTimeoutMinutes=30, roundTripTimeNanos=206131400, setName='atlas-csjqm5-shard-0', canonicalAddress=mfilx-shard-00-02.v2wzx.mongodb.net:27017, hosts=[mfilx-shard-00-00.v2wzx.mongodb.net:27017, mfilx-shard-00-01.v2wzx.mongodb.net:27017, mfilx-shard-00-02.v2wzx.mongodb.net:27017], passives=[], arbiters=[], primary='mfilx-shard-00-02.v2wzx.mongodb.net:27017', tagSet=TagSet{[Tag{name='workloadType', value='OPERATIONAL'}, Tag{name='nodeType', value='ELECTABLE'}, Tag{name='provider', value='AWS'}, Tag{name='region', value='AP_SOUTH_1'}]}, electionId=7fffffff0000000000000052, setVersion=5, lastWriteDate=Tue Feb 01 15:34:56 IST 2022, lastUpdateTimeNanos=246739410108200}
15:34:51.136 [cluster-ClusterId{value='61f905bbcc4ddf3004d17938', description='null'}-mfilx-shard-00-00.v2wzx.mongodb.net:27017] INFO org.mongodb.driver.cluster - Monitor thread successfully connected to server with description ServerDescription{address=mfilx-shard-00-00.v2wzx.mongodb.net:27017, type=REPLICA_SET_SECONDARY, state=CONNECTED, ok=true, version=ServerVersion{versionList=[4, 4, 12]}, minWireVersion=0, maxWireVersion=9, maxDocumentSize=16777216, logicalSessionTimeoutMinutes=30, roundTripTimeNanos=226152600, setName='atlas-csjqm5-shard-0', canonicalAddress=mfilx-shard-00-00.v2wzx.mongodb.net:27017, hosts=[mfilx-shard-00-00.v2wzx.mongodb.net:27017, mfilx-shard-00-01.v2wzx.mongodb.net:27017, mfilx-shard-00-02.v2wzx.mongodb.net:27017], passives=[], arbiters=[], primary='mfilx-shard-00-02.v2wzx.mongodb.net:27017', tagSet=TagSet{[Tag{name='region', value='AP_SOUTH_1'}, Tag{name='nodeType', value='ELECTABLE'}, Tag{name='workloadType', value='OPERATIONAL'}, Tag{name='provider', value='AWS'}]}, electionId=null, setVersion=5, lastWriteDate=Tue Feb 01 15:34:56 IST 2022, lastUpdateTimeNanos=246739389105000}
15:34:51.137 [cluster-ClusterId{value='61f905bbcc4ddf3004d17936', description='null'}-mfilx-shard-00-01.v2wzx.mongodb.net:27017] INFO org.mongodb.driver.cluster - Monitor thread successfully connected to server with description ServerDescription{address=mfilx-shard-00-01.v2wzx.mongodb.net:27017, type=REPLICA_SET_SECONDARY, state=CONNECTED, ok=true, version=ServerVersion{versionList=[4, 4, 12]}, minWireVersion=0, maxWireVersion=9, maxDocumentSize=16777216, logicalSessionTimeoutMinutes=30, roundTripTimeNanos=201589000, setName='atlas-csjqm5-shard-0', canonicalAddress=mfilx-shard-00-01.v2wzx.mongodb.net:27017, hosts=[mfilx-shard-00-00.v2wzx.mongodb.net:27017, mfilx-shard-00-01.v2wzx.mongodb.net:27017, mfilx-shard-00-02.v2wzx.mongodb.net:27017], passives=[], arbiters=[], primary='mfilx-shard-00-02.v2wzx.mongodb.net:27017', tagSet=TagSet{[Tag{name='workloadType', value='OPERATIONAL'}, Tag{name='provider', value='AWS'}, Tag{name='region', value='AP_SOUTH_1'}, Tag{name='nodeType', value='ELECTABLE'}]}, electionId=null, setVersion=5, lastWriteDate=Tue Feb 01 15:34:56 IST 2022, lastUpdateTimeNanos=246739411188500}
15:34:51.138 [cluster-ClusterId{value='61f905bbcc4ddf3004d17938', description='null'}-mfilx-shard-00-01.v2wzx.mongodb.net:27017] INFO org.mongodb.driver.cluster - Monitor thread successfully connected to server with description ServerDescription{address=mfilx-shard-00-01.v2wzx.mongodb.net:27017, type=REPLICA_SET_SECONDARY, state=CONNECTED, ok=true, version=ServerVersion{versionList=[4, 4, 12]}, minWireVersion=0, maxWireVersion=9, maxDocumentSize=16777216, logicalSessionTimeoutMinutes=30, roundTripTimeNanos=200196000, setName='atlas-csjqm5-shard-0', canonicalAddress=mfilx-shard-00-01.v2wzx.mongodb.net:27017, hosts=[mfilx-shard-00-00.v2wzx.mongodb.net:27017, mfilx-shard-00-01.v2wzx.mongodb.net:27017, mfilx-shard-00-02.v2wzx.mongodb.net:27017], passives=[], arbiters=[], primary='mfilx-shard-00-02.v2wzx.mongodb.net:27017', tagSet=TagSet{[Tag{name='workloadType', value='OPERATIONAL'}, Tag{name='provider', value='AWS'}, Tag{name='region', value='AP_SOUTH_1'}, Tag{name='nodeType', value='ELECTABLE'}]}, electionId=null, setVersion=5, lastWriteDate=Tue Feb 01 15:34:56 IST 2022, lastUpdateTimeNanos=246739412411900}
15:34:51.138 [cluster-ClusterId{value='61f905bbcc4ddf3004d17937', description='null'}-mfilx-shard-00-02.v2wzx.mongodb.net:27017] INFO org.mongodb.driver.cluster - Monitor thread successfully connected to server with description ServerDescription{address=mfilx-shard-00-02.v2wzx.mongodb.net:27017, type=REPLICA_SET_PRIMARY, state=CONNECTED, ok=true, version=ServerVersion{versionList=[4, 4, 12]}, minWireVersion=0, maxWireVersion=9, maxDocumentSize=16777216, logicalSessionTimeoutMinutes=30, roundTripTimeNanos=254339100, setName='atlas-csjqm5-shard-0', canonicalAddress=mfilx-shard-00-02.v2wzx.mongodb.net:27017, hosts=[mfilx-shard-00-00.v2wzx.mongodb.net:27017, mfilx-shard-00-01.v2wzx.mongodb.net:27017, mfilx-shard-00-02.v2wzx.mongodb.net:27017], passives=[], arbiters=[], primary='mfilx-shard-00-02.v2wzx.mongodb.net:27017', tagSet=TagSet{[Tag{name='workloadType', value='OPERATIONAL'}, Tag{name='nodeType', value='ELECTABLE'}, Tag{name='provider', value='AWS'}, Tag{name='region', value='AP_SOUTH_1'}]}, electionId=7fffffff0000000000000052, setVersion=5, lastWriteDate=Tue Feb 01 15:34:56 IST 2022, lastUpdateTimeNanos=246739390222900}
15:34:51.138 [cluster-ClusterId{value='61f905bbcc4ddf3004d1793b', description='null'}-mfilx-shard-00-00.v2wzx.mongodb.net:27017] INFO org.mongodb.driver.cluster - Monitor thread successfully connected to server with description ServerDescription{address=mfilx-shard-00-00.v2wzx.mongodb.net:27017, type=REPLICA_SET_SECONDARY, state=CONNECTED, ok=true, version=ServerVersion{versionList=[4, 4, 12]}, minWireVersion=0, maxWireVersion=9, maxDocumentSize=16777216, logicalSessionTimeoutMinutes=30, roundTripTimeNanos=255683400, setName='atlas-csjqm5-shard-0', canonicalAddress=mfilx-shard-00-00.v2wzx.mongodb.net:27017, hosts=[mfilx-shard-00-00.v2wzx.mongodb.net:27017, mfilx-shard-00-01.v2wzx.mongodb.net:27017, mfilx-shard-00-02.v2wzx.mongodb.net:27017], passives=[], arbiters=[], primary='mfilx-shard-00-02.v2wzx.mongodb.net:27017', tagSet=TagSet{[Tag{name='provider', value='AWS'}, Tag{name='workloadType', value='OPERATIONAL'}, Tag{name='nodeType', value='ELECTABLE'}, Tag{name='region', value='AP_SOUTH_1'}]}, electionId=null, setVersion=5, lastWriteDate=Tue Feb 01 15:34:56 IST 2022, lastUpdateTimeNanos=246739388155200}
15:34:51.140 [cluster-ClusterId{value='61f905bbcc4ddf3004d17937', description='null'}-mfilx-shard-00-00.v2wzx.mongodb.net:27017] INFO org.mongodb.driver.cluster - Monitor thread successfully connected to server with description ServerDescription{address=mfilx-shard-00-00.v2wzx.mongodb.net:27017, type=REPLICA_SET_SECONDARY, state=CONNECTED, ok=true, version=ServerVersion{versionList=[4, 4, 12]}, minWireVersion=0, maxWireVersion=9, maxDocumentSize=16777216, logicalSessionTimeoutMinutes=30, roundTripTimeNanos=239496200, setName='atlas-csjqm5-shard-0', canonicalAddress=mfilx-shard-00-00.v2wzx.mongodb.net:27017, hosts=[mfilx-shard-00-00.v2wzx.mongodb.net:27017, mfilx-shard-00-01.v2wzx.mongodb.net:27017, mfilx-shard-00-02.v2wzx.mongodb.net:27017], passives=[], arbiters=[], primary='mfilx-shard-00-02.v2wzx.mongodb.net:27017', tagSet=TagSet{[Tag{name='region', value='AP_SOUTH_1'}, Tag{name='nodeType', value='ELECTABLE'}, Tag{name='workloadType', value='OPERATIONAL'}, Tag{name='provider', value='AWS'}]}, electionId=null, setVersion=5, lastWriteDate=Tue Feb 01 15:34:56 IST 2022, lastUpdateTimeNanos=246739414959500}
15:34:51.138 [cluster-ClusterId{value='61f905bbcc4ddf3004d1793b', description='null'}-mfilx-shard-00-02.v2wzx.mongodb.net:27017] INFO org.mongodb.driver.cluster - Monitor thread successfully connected to server with description ServerDescription{address=mfilx-shard-00-02.v2wzx.mongodb.net:27017, type=REPLICA_SET_PRIMARY, state=CONNECTED, ok=true, version=ServerVersion{versionList=[4, 4, 12]}, minWireVersion=0, maxWireVersion=9, maxDocumentSize=16777216, logicalSessionTimeoutMinutes=30, roundTripTimeNanos=179508400, setName='atlas-csjqm5-shard-0', canonicalAddress=mfilx-shard-00-02.v2wzx.mongodb.net:27017, hosts=[mfilx-shard-00-00.v2wzx.mongodb.net:27017, mfilx-shard-00-01.v2wzx.mongodb.net:27017, mfilx-shard-00-02.v2wzx.mongodb.net:27017], passives=[], arbiters=[], primary='mfilx-shard-00-02.v2wzx.mongodb.net:27017', tagSet=TagSet{[Tag{name='workloadType', value='OPERATIONAL'}, Tag{name='nodeType', value='ELECTABLE'}, Tag{name='provider', value='AWS'}, Tag{name='region', value='AP_SOUTH_1'}]}, electionId=7fffffff0000000000000052, setVersion=5, lastWriteDate=Tue Feb 01 15:34:56 IST 2022, lastUpdateTimeNanos=246739388747500}
15:34:51.139 [cluster-ClusterId{value='61f905bbcc4ddf3004d1793a', description='null'}-mfilx-shard-00-00.v2wzx.mongodb.net:27017] INFO org.mongodb.driver.cluster - Monitor thread successfully connected to server with description ServerDescription{address=mfilx-shard-00-00.v2wzx.mongodb.net:27017, type=REPLICA_SET_SECONDARY, state=CONNECTED, ok=true, version=ServerVersion{versionList=[4, 4, 12]}, minWireVersion=0, maxWireVersion=9, maxDocumentSize=16777216, logicalSessionTimeoutMinutes=30, roundTripTimeNanos=220005900, setName='atlas-csjqm5-shard-0', canonicalAddress=mfilx-shard-00-00.v2wzx.mongodb.net:27017, hosts=[mfilx-shard-00-00.v2wzx.mongodb.net:27017, mfilx-shard-00-01.v2wzx.mongodb.net:27017, mfilx-shard-00-02.v2wzx.mongodb.net:27017], passives=[], arbiters=[], primary='mfilx-shard-00-02.v2wzx.mongodb.net:27017', tagSet=TagSet{[Tag{name='provider', value='AWS'}, Tag{name='workloadType', value='OPERATIONAL'}, Tag{name='nodeType', value='ELECTABLE'}, Tag{name='region', value='AP_SOUTH_1'}]}, electionId=null, setVersion=5, lastWriteDate=Tue Feb 01 15:34:56 IST 2022, lastUpdateTimeNanos=246739416482100}
15:34:51.144 [cluster-ClusterId{value='61f905b9cc4ddf3004d17935', description='null'}-mfilx-shard-00-00.v2wzx.mongodb.net:27017] DEBUG org.mongodb.driver.cluster - Updating cluster description to  {type=REPLICA_SET, servers=[{address=mfilx-shard-00-01.v2wzx.mongodb.net:27017, type=UNKNOWN, state=CONNECTING}, {address=mfilx-shard-00-02.v2wzx.mongodb.net:27017, type=UNKNOWN, state=CONNECTING}, {address=mfilx-shard-00-00.v2wzx.mongodb.net:27017, type=REPLICA_SET_SECONDARY, TagSet{[Tag{name='provider', value='AWS'}, Tag{name='workloadType', value='OPERATIONAL'}, Tag{name='nodeType', value='ELECTABLE'}, Tag{name='region', value='AP_SOUTH_1'}]}, roundTripTime=215.6 ms, state=CONNECTED}]
15:34:51.143 [cluster-ClusterId{value='61f905bbcc4ddf3004d17938', description='null'}-mfilx-shard-00-01.v2wzx.mongodb.net:27017] DEBUG org.mongodb.driver.cluster - Updating cluster description to  {type=REPLICA_SET, servers=[{address=mfilx-shard-00-01.v2wzx.mongodb.net:27017, type=REPLICA_SET_SECONDARY, TagSet{[Tag{name='workloadType', value='OPERATIONAL'}, Tag{name='provider', value='AWS'}, Tag{name='region', value='AP_SOUTH_1'}, Tag{name='nodeType', value='ELECTABLE'}]}, roundTripTime=200.2 ms, state=CONNECTED}, {address=mfilx-shard-00-02.v2wzx.mongodb.net:27017, type=UNKNOWN, state=CONNECTING}, {address=mfilx-shard-00-00.v2wzx.mongodb.net:27017, type=UNKNOWN, state=CONNECTING}]
15:34:51.142 [cluster-ClusterId{value='61f905bbcc4ddf3004d1793b', description='null'}-mfilx-shard-00-00.v2wzx.mongodb.net:27017] DEBUG org.mongodb.driver.cluster - Updating cluster description to  {type=REPLICA_SET, servers=[{address=mfilx-shard-00-01.v2wzx.mongodb.net:27017, type=UNKNOWN, state=CONNECTING}, {address=mfilx-shard-00-02.v2wzx.mongodb.net:27017, type=UNKNOWN, state=CONNECTING}, {address=mfilx-shard-00-00.v2wzx.mongodb.net:27017, type=REPLICA_SET_SECONDARY, TagSet{[Tag{name='provider', value='AWS'}, Tag{name='workloadType', value='OPERATIONAL'}, Tag{name='nodeType', value='ELECTABLE'}, Tag{name='region', value='AP_SOUTH_1'}]}, roundTripTime=255.7 ms, state=CONNECTED}]
15:34:51.142 [cluster-ClusterId{value='61f905bbcc4ddf3004d17936', description='null'}-mfilx-shard-00-00.v2wzx.mongodb.net:27017] DEBUG org.mongodb.driver.cluster - Updating cluster description to  {type=REPLICA_SET, servers=[{address=mfilx-shard-00-01.v2wzx.mongodb.net:27017, type=UNKNOWN, state=CONNECTING}, {address=mfilx-shard-00-02.v2wzx.mongodb.net:27017, type=UNKNOWN, state=CONNECTING}, {address=mfilx-shard-00-00.v2wzx.mongodb.net:27017, type=REPLICA_SET_SECONDARY, TagSet{[Tag{name='provider', value='AWS'}, Tag{name='workloadType', value='OPERATIONAL'}, Tag{name='nodeType', value='ELECTABLE'}, Tag{name='region', value='AP_SOUTH_1'}]}, roundTripTime=206.4 ms, state=CONNECTED}]
15:34:51.146 [cluster-ClusterId{value='61f905bbcc4ddf3004d17938', description='null'}-mfilx-shard-00-00.v2wzx.mongodb.net:27017] DEBUG org.mongodb.driver.cluster - Updating cluster description to  {type=REPLICA_SET, servers=[{address=mfilx-shard-00-01.v2wzx.mongodb.net:27017, type=REPLICA_SET_SECONDARY, TagSet{[Tag{name='workloadType', value='OPERATIONAL'}, Tag{name='provider', value='AWS'}, Tag{name='region', value='AP_SOUTH_1'}, Tag{name='nodeType', value='ELECTABLE'}]}, roundTripTime=200.2 ms, state=CONNECTED}, {address=mfilx-shard-00-02.v2wzx.mongodb.net:27017, type=UNKNOWN, state=CONNECTING}, {address=mfilx-shard-00-00.v2wzx.mongodb.net:27017, type=REPLICA_SET_SECONDARY, TagSet{[Tag{name='region', value='AP_SOUTH_1'}, Tag{name='nodeType', value='ELECTABLE'}, Tag{name='workloadType', value='OPERATIONAL'}, Tag{name='provider', value='AWS'}]}, roundTripTime=226.2 ms, state=CONNECTED}]
15:34:51.141 [cluster-ClusterId{value='61f905bbcc4ddf3004d17937', description='null'}-mfilx-shard-00-01.v2wzx.mongodb.net:27017] DEBUG org.mongodb.driver.cluster - Updating cluster description to  {type=REPLICA_SET, servers=[{address=mfilx-shard-00-01.v2wzx.mongodb.net:27017, type=REPLICA_SET_SECONDARY, TagSet{[Tag{name='workloadType', value='OPERATIONAL'}, Tag{name='provider', value='AWS'}, Tag{name='region', value='AP_SOUTH_1'}, Tag{name='nodeType', value='ELECTABLE'}]}, roundTripTime=186.2 ms, state=CONNECTED}, {address=mfilx-shard-00-02.v2wzx.mongodb.net:27017, type=UNKNOWN, state=CONNECTING}, {address=mfilx-shard-00-00.v2wzx.mongodb.net:27017, type=UNKNOWN, state=CONNECTING}]
15:34:51.146 [cluster-ClusterId{value='61f905bbcc4ddf3004d1793b', description='null'}-mfilx-shard-00-01.v2wzx.mongodb.net:27017] DEBUG org.mongodb.driver.cluster - Updating cluster description to  {type=REPLICA_SET, servers=[{address=mfilx-shard-00-01.v2wzx.mongodb.net:27017, type=REPLICA_SET_SECONDARY, TagSet{[Tag{name='workloadType', value='OPERATIONAL'}, Tag{name='provider', value='AWS'}, Tag{name='region', value='AP_SOUTH_1'}, Tag{name='nodeType', value='ELECTABLE'}]}, roundTripTime=246.8 ms, state=CONNECTED}, {address=mfilx-shard-00-02.v2wzx.mongodb.net:27017, type=UNKNOWN, state=CONNECTING}, {address=mfilx-shard-00-00.v2wzx.mongodb.net:27017, type=REPLICA_SET_SECONDARY, TagSet{[Tag{name='provider', value='AWS'}, Tag{name='workloadType', value='OPERATIONAL'}, Tag{name='nodeType', value='ELECTABLE'}, Tag{name='region', value='AP_SOUTH_1'}]}, roundTripTime=255.7 ms, state=CONNECTED}]
15:34:51.147 [cluster-ClusterId{value='61f905bbcc4ddf3004d17938', description='null'}-mfilx-shard-00-02.v2wzx.mongodb.net:27017] INFO org.mongodb.driver.cluster - Setting max election id to 7fffffff0000000000000052 from replica set primary mfilx-shard-00-02.v2wzx.mongodb.net:27017
15:34:51.147 [cluster-ClusterId{value='61f905bbcc4ddf3004d17938', description='null'}-mfilx-shard-00-02.v2wzx.mongodb.net:27017] INFO org.mongodb.driver.cluster - Setting max set version to 5 from replica set primary mfilx-shard-00-02.v2wzx.mongodb.net:27017
15:34:51.147 [cluster-ClusterId{value='61f905bbcc4ddf3004d17938', description='null'}-mfilx-shard-00-02.v2wzx.mongodb.net:27017] INFO org.mongodb.driver.cluster - Discovered replica set primary mfilx-shard-00-02.v2wzx.mongodb.net:27017
15:34:51.147 [cluster-ClusterId{value='61f905bbcc4ddf3004d17938', description='null'}-mfilx-shard-00-02.v2wzx.mongodb.net:27017] DEBUG org.mongodb.driver.cluster - Updating cluster description to  {type=REPLICA_SET, servers=[{address=mfilx-shard-00-01.v2wzx.mongodb.net:27017, type=REPLICA_SET_SECONDARY, TagSet{[Tag{name='workloadType', value='OPERATIONAL'}, Tag{name='provider', value='AWS'}, Tag{name='region', value='AP_SOUTH_1'}, Tag{name='nodeType', value='ELECTABLE'}]}, roundTripTime=200.2 ms, state=CONNECTED}, {address=mfilx-shard-00-02.v2wzx.mongodb.net:27017, type=REPLICA_SET_PRIMARY, TagSet{[Tag{name='workloadType', value='OPERATIONAL'}, Tag{name='nodeType', value='ELECTABLE'}, Tag{name='provider', value='AWS'}, Tag{name='region', value='AP_SOUTH_1'}]}, roundTripTime=238.7 ms, state=CONNECTED}, {address=mfilx-shard-00-00.v2wzx.mongodb.net:27017, type=REPLICA_SET_SECONDARY, TagSet{[Tag{name='region', value='AP_SOUTH_1'}, Tag{name='nodeType', value='ELECTABLE'}, Tag{name='workloadType', value='OPERATIONAL'}, Tag{name='provider', value='AWS'}]}, roundTripTime=226.2 ms, state=CONNECTED}]
15:34:51.147 [cluster-ClusterId{value='61f905bbcc4ddf3004d1793b', description='null'}-mfilx-shard-00-02.v2wzx.mongodb.net:27017] INFO org.mongodb.driver.cluster - Setting max election id to 7fffffff0000000000000052 from replica set primary mfilx-shard-00-02.v2wzx.mongodb.net:27017
15:34:51.147 [cluster-ClusterId{value='61f905bbcc4ddf3004d1793b', description='null'}-mfilx-shard-00-02.v2wzx.mongodb.net:27017] INFO org.mongodb.driver.cluster - Setting max set version to 5 from replica set primary mfilx-shard-00-02.v2wzx.mongodb.net:27017
15:34:51.147 [cluster-ClusterId{value='61f905bbcc4ddf3004d1793b', description='null'}-mfilx-shard-00-02.v2wzx.mongodb.net:27017] INFO org.mongodb.driver.cluster - Discovered replica set primary mfilx-shard-00-02.v2wzx.mongodb.net:27017
15:34:51.148 [cluster-ClusterId{value='61f905bbcc4ddf3004d1793b', description='null'}-mfilx-shard-00-02.v2wzx.mongodb.net:27017] DEBUG org.mongodb.driver.cluster - Updating cluster description to  {type=REPLICA_SET, servers=[{address=mfilx-shard-00-01.v2wzx.mongodb.net:27017, type=REPLICA_SET_SECONDARY, TagSet{[Tag{name='workloadType', value='OPERATIONAL'}, Tag{name='provider', value='AWS'}, Tag{name='region', value='AP_SOUTH_1'}, Tag{name='nodeType', value='ELECTABLE'}]}, roundTripTime=246.8 ms, state=CONNECTED}, {address=mfilx-shard-00-02.v2wzx.mongodb.net:27017, type=REPLICA_SET_PRIMARY, TagSet{[Tag{name='workloadType', value='OPERATIONAL'}, Tag{name='nodeType', value='ELECTABLE'}, Tag{name='provider', value='AWS'}, Tag{name='region', value='AP_SOUTH_1'}]}, roundTripTime=179.5 ms, state=CONNECTED}, {address=mfilx-shard-00-00.v2wzx.mongodb.net:27017, type=REPLICA_SET_SECONDARY, TagSet{[Tag{name='provider', value='AWS'}, Tag{name='workloadType', value='OPERATIONAL'}, Tag{name='nodeType', value='ELECTABLE'}, Tag{name='region', value='AP_SOUTH_1'}]}, roundTripTime=255.7 ms, state=CONNECTED}]
15:34:51.147 [cluster-ClusterId{value='61f905bbcc4ddf3004d17936', description='null'}-mfilx-shard-00-01.v2wzx.mongodb.net:27017] DEBUG org.mongodb.driver.cluster - Updating cluster description to  {type=REPLICA_SET, servers=[{address=mfilx-shard-00-01.v2wzx.mongodb.net:27017, type=REPLICA_SET_SECONDARY, TagSet{[Tag{name='workloadType', value='OPERATIONAL'}, Tag{name='provider', value='AWS'}, Tag{name='region', value='AP_SOUTH_1'}, Tag{name='nodeType', value='ELECTABLE'}]}, roundTripTime=201.6 ms, state=CONNECTED}, {address=mfilx-shard-00-02.v2wzx.mongodb.net:27017, type=UNKNOWN, state=CONNECTING}, {address=mfilx-shard-00-00.v2wzx.mongodb.net:27017, type=REPLICA_SET_SECONDARY, TagSet{[Tag{name='provider', value='AWS'}, Tag{name='workloadType', value='OPERATIONAL'}, Tag{name='nodeType', value='ELECTABLE'}, Tag{name='region', value='AP_SOUTH_1'}]}, roundTripTime=206.4 ms, state=CONNECTED}]
15:34:51.148 [cluster-ClusterId{value='61f905bbcc4ddf3004d17936', description='null'}-mfilx-shard-00-02.v2wzx.mongodb.net:27017] INFO org.mongodb.driver.cluster - Setting max election id to 7fffffff0000000000000052 from replica set primary mfilx-shard-00-02.v2wzx.mongodb.net:27017
15:34:51.139 [cluster-ClusterId{value='61f905bbcc4ddf3004d1793a', description='null'}-mfilx-shard-00-01.v2wzx.mongodb.net:27017] INFO org.mongodb.driver.cluster - Monitor thread successfully connected to server with description ServerDescription{address=mfilx-shard-00-01.v2wzx.mongodb.net:27017, type=REPLICA_SET_SECONDARY, state=CONNECTED, ok=true, version=ServerVersion{versionList=[4, 4, 12]}, minWireVersion=0, maxWireVersion=9, maxDocumentSize=16777216, logicalSessionTimeoutMinutes=30, roundTripTimeNanos=238478400, setName='atlas-csjqm5-shard-0', canonicalAddress=mfilx-shard-00-01.v2wzx.mongodb.net:27017, hosts=[mfilx-shard-00-00.v2wzx.mongodb.net:27017, mfilx-shard-00-01.v2wzx.mongodb.net:27017, mfilx-shard-00-02.v2wzx.mongodb.net:27017], passives=[], arbiters=[], primary='mfilx-shard-00-02.v2wzx.mongodb.net:27017', tagSet=TagSet{[Tag{name='workloadType', value='OPERATIONAL'}, Tag{name='provider', value='AWS'}, Tag{name='region', value='AP_SOUTH_1'}, Tag{name='nodeType', value='ELECTABLE'}]}, electionId=null, setVersion=5, lastWriteDate=Tue Feb 01 15:34:56 IST 2022, lastUpdateTimeNanos=246739391264300}
15:34:51.148 [cluster-ClusterId{value='61f905bbcc4ddf3004d17936', description='null'}-mfilx-shard-00-02.v2wzx.mongodb.net:27017] INFO org.mongodb.driver.cluster - Setting max set version to 5 from replica set primary mfilx-shard-00-02.v2wzx.mongodb.net:27017
15:34:51.148 [cluster-ClusterId{value='61f905bbcc4ddf3004d17936', description='null'}-mfilx-shard-00-02.v2wzx.mongodb.net:27017] INFO org.mongodb.driver.cluster - Discovered replica set primary mfilx-shard-00-02.v2wzx.mongodb.net:27017
15:34:51.149 [cluster-ClusterId{value='61f905bbcc4ddf3004d17936', description='null'}-mfilx-shard-00-02.v2wzx.mongodb.net:27017] DEBUG org.mongodb.driver.cluster - Updating cluster description to  {type=REPLICA_SET, servers=[{address=mfilx-shard-00-01.v2wzx.mongodb.net:27017, type=REPLICA_SET_SECONDARY, TagSet{[Tag{name='workloadType', value='OPERATIONAL'}, Tag{name='provider', value='AWS'}, Tag{name='region', value='AP_SOUTH_1'}, Tag{name='nodeType', value='ELECTABLE'}]}, roundTripTime=201.6 ms, state=CONNECTED}, {address=mfilx-shard-00-02.v2wzx.mongodb.net:27017, type=REPLICA_SET_PRIMARY, TagSet{[Tag{name='workloadType', value='OPERATIONAL'}, Tag{name='nodeType', value='ELECTABLE'}, Tag{name='provider', value='AWS'}, Tag{name='region', value='AP_SOUTH_1'}]}, roundTripTime=177.4 ms, state=CONNECTED}, {address=mfilx-shard-00-00.v2wzx.mongodb.net:27017, type=REPLICA_SET_SECONDARY, TagSet{[Tag{name='provider', value='AWS'}, Tag{name='workloadType', value='OPERATIONAL'}, Tag{name='nodeType', value='ELECTABLE'}, Tag{name='region', value='AP_SOUTH_1'}]}, roundTripTime=206.4 ms, state=CONNECTED}]
15:34:51.149 [cluster-ClusterId{value='61f905bbcc4ddf3004d1793a', description='null'}-mfilx-shard-00-01.v2wzx.mongodb.net:27017] DEBUG org.mongodb.driver.cluster - Updating cluster description to  {type=REPLICA_SET, servers=[{address=mfilx-shard-00-01.v2wzx.mongodb.net:27017, type=REPLICA_SET_SECONDARY, TagSet{[Tag{name='workloadType', value='OPERATIONAL'}, Tag{name='provider', value='AWS'}, Tag{name='region', value='AP_SOUTH_1'}, Tag{name='nodeType', value='ELECTABLE'}]}, roundTripTime=238.5 ms, state=CONNECTED}, {address=mfilx-shard-00-02.v2wzx.mongodb.net:27017, type=UNKNOWN, state=CONNECTING}, {address=mfilx-shard-00-00.v2wzx.mongodb.net:27017, type=UNKNOWN, state=CONNECTING}]
15:34:51.150 [cluster-ClusterId{value='61f905bbcc4ddf3004d1793a', description='null'}-mfilx-shard-00-00.v2wzx.mongodb.net:27017] DEBUG org.mongodb.driver.cluster - Updating cluster description to  {type=REPLICA_SET, servers=[{address=mfilx-shard-00-01.v2wzx.mongodb.net:27017, type=REPLICA_SET_SECONDARY, TagSet{[Tag{name='workloadType', value='OPERATIONAL'}, Tag{name='provider', value='AWS'}, Tag{name='region', value='AP_SOUTH_1'}, Tag{name='nodeType', value='ELECTABLE'}]}, roundTripTime=238.5 ms, state=CONNECTED}, {address=mfilx-shard-00-02.v2wzx.mongodb.net:27017, type=UNKNOWN, state=CONNECTING}, {address=mfilx-shard-00-00.v2wzx.mongodb.net:27017, type=REPLICA_SET_SECONDARY, TagSet{[Tag{name='provider', value='AWS'}, Tag{name='workloadType', value='OPERATIONAL'}, Tag{name='nodeType', value='ELECTABLE'}, Tag{name='region', value='AP_SOUTH_1'}]}, roundTripTime=220.0 ms, state=CONNECTED}]
15:34:51.150 [cluster-ClusterId{value='61f905bbcc4ddf3004d17939', description='null'}-mfilx-shard-00-02.v2wzx.mongodb.net:27017] INFO org.mongodb.driver.cluster - Setting max election id to 7fffffff0000000000000052 from replica set primary mfilx-shard-00-02.v2wzx.mongodb.net:27017
15:34:51.151 [cluster-ClusterId{value='61f905bbcc4ddf3004d17939', description='null'}-mfilx-shard-00-02.v2wzx.mongodb.net:27017] INFO org.mongodb.driver.cluster - Setting max set version to 5 from replica set primary mfilx-shard-00-02.v2wzx.mongodb.net:27017
15:34:51.152 [cluster-ClusterId{value='61f905bbcc4ddf3004d17939', description='null'}-mfilx-shard-00-02.v2wzx.mongodb.net:27017] INFO org.mongodb.driver.cluster - Discovered replica set primary mfilx-shard-00-02.v2wzx.mongodb.net:27017
15:34:51.153 [cluster-ClusterId{value='61f905bbcc4ddf3004d17939', description='null'}-mfilx-shard-00-02.v2wzx.mongodb.net:27017] DEBUG org.mongodb.driver.cluster - Updating cluster description to  {type=REPLICA_SET, servers=[{address=mfilx-shard-00-01.v2wzx.mongodb.net:27017, type=UNKNOWN, state=CONNECTING}, {address=mfilx-shard-00-02.v2wzx.mongodb.net:27017, type=REPLICA_SET_PRIMARY, TagSet{[Tag{name='workloadType', value='OPERATIONAL'}, Tag{name='nodeType', value='ELECTABLE'}, Tag{name='provider', value='AWS'}, Tag{name='region', value='AP_SOUTH_1'}]}, roundTripTime=206.1 ms, state=CONNECTED}, {address=mfilx-shard-00-00.v2wzx.mongodb.net:27017, type=UNKNOWN, state=CONNECTING}]
15:34:51.153 [cluster-ClusterId{value='61f905bbcc4ddf3004d17937', description='null'}-mfilx-shard-00-02.v2wzx.mongodb.net:27017] INFO org.mongodb.driver.cluster - Setting max election id to 7fffffff0000000000000052 from replica set primary mfilx-shard-00-02.v2wzx.mongodb.net:27017
15:34:51.153 [cluster-ClusterId{value='61f905bbcc4ddf3004d17937', description='null'}-mfilx-shard-00-02.v2wzx.mongodb.net:27017] INFO org.mongodb.driver.cluster - Setting max set version to 5 from replica set primary mfilx-shard-00-02.v2wzx.mongodb.net:27017
15:34:51.153 [cluster-ClusterId{value='61f905bbcc4ddf3004d17937', description='null'}-mfilx-shard-00-02.v2wzx.mongodb.net:27017] INFO org.mongodb.driver.cluster - Discovered replica set primary mfilx-shard-00-02.v2wzx.mongodb.net:27017
15:34:51.154 [cluster-ClusterId{value='61f905bbcc4ddf3004d17937', description='null'}-mfilx-shard-00-02.v2wzx.mongodb.net:27017] DEBUG org.mongodb.driver.cluster - Updating cluster description to  {type=REPLICA_SET, servers=[{address=mfilx-shard-00-01.v2wzx.mongodb.net:27017, type=REPLICA_SET_SECONDARY, TagSet{[Tag{name='workloadType', value='OPERATIONAL'}, Tag{name='provider', value='AWS'}, Tag{name='region', value='AP_SOUTH_1'}, Tag{name='nodeType', value='ELECTABLE'}]}, roundTripTime=186.2 ms, state=CONNECTED}, {address=mfilx-shard-00-02.v2wzx.mongodb.net:27017, type=REPLICA_SET_PRIMARY, TagSet{[Tag{name='workloadType', value='OPERATIONAL'}, Tag{name='nodeType', value='ELECTABLE'}, Tag{name='provider', value='AWS'}, Tag{name='region', value='AP_SOUTH_1'}]}, roundTripTime=254.3 ms, state=CONNECTED}, {address=mfilx-shard-00-00.v2wzx.mongodb.net:27017, type=UNKNOWN, state=CONNECTING}]
15:34:51.157 [cluster-ClusterId{value='61f905bbcc4ddf3004d17939', description='null'}-mfilx-shard-00-01.v2wzx.mongodb.net:27017] DEBUG org.mongodb.driver.cluster - Updating cluster description to  {type=REPLICA_SET, servers=[{address=mfilx-shard-00-01.v2wzx.mongodb.net:27017, type=REPLICA_SET_SECONDARY, TagSet{[Tag{name='workloadType', value='OPERATIONAL'}, Tag{name='provider', value='AWS'}, Tag{name='region', value='AP_SOUTH_1'}, Tag{name='nodeType', value='ELECTABLE'}]}, roundTripTime=254.4 ms, state=CONNECTED}, {address=mfilx-shard-00-02.v2wzx.mongodb.net:27017, type=REPLICA_SET_PRIMARY, TagSet{[Tag{name='workloadType', value='OPERATIONAL'}, Tag{name='nodeType', value='ELECTABLE'}, Tag{name='provider', value='AWS'}, Tag{name='region', value='AP_SOUTH_1'}]}, roundTripTime=206.1 ms, state=CONNECTED}, {address=mfilx-shard-00-00.v2wzx.mongodb.net:27017, type=UNKNOWN, state=CONNECTING}]
15:34:51.159 [cluster-ClusterId{value='61f905bbcc4ddf3004d17939', description='null'}-mfilx-shard-00-00.v2wzx.mongodb.net:27017] DEBUG org.mongodb.driver.cluster - Updating cluster description to  {type=REPLICA_SET, servers=[{address=mfilx-shard-00-01.v2wzx.mongodb.net:27017, type=REPLICA_SET_SECONDARY, TagSet{[Tag{name='workloadType', value='OPERATIONAL'}, Tag{name='provider', value='AWS'}, Tag{name='region', value='AP_SOUTH_1'}, Tag{name='nodeType', value='ELECTABLE'}]}, roundTripTime=254.4 ms, state=CONNECTED}, {address=mfilx-shard-00-02.v2wzx.mongodb.net:27017, type=REPLICA_SET_PRIMARY, TagSet{[Tag{name='workloadType', value='OPERATIONAL'}, Tag{name='nodeType', value='ELECTABLE'}, Tag{name='provider', value='AWS'}, Tag{name='region', value='AP_SOUTH_1'}]}, roundTripTime=206.1 ms, state=CONNECTED}, {address=mfilx-shard-00-00.v2wzx.mongodb.net:27017, type=REPLICA_SET_SECONDARY, TagSet{[Tag{name='region', value='AP_SOUTH_1'}, Tag{name='nodeType', value='ELECTABLE'}, Tag{name='workloadType', value='OPERATIONAL'}, Tag{name='provider', value='AWS'}]}, roundTripTime=182.3 ms, state=CONNECTED}]
15:34:51.160 [cluster-ClusterId{value='61f905b9cc4ddf3004d17935', description='null'}-mfilx-shard-00-02.v2wzx.mongodb.net:27017] INFO org.mongodb.driver.connection - Opened connection [connectionId{localValue:1, serverValue:11816}] to mfilx-shard-00-02.v2wzx.mongodb.net:27017
15:34:51.161 [cluster-ClusterId{value='61f905b9cc4ddf3004d17935', description='null'}-mfilx-shard-00-02.v2wzx.mongodb.net:27017] DEBUG org.mongodb.driver.cluster - Checking status of mfilx-shard-00-02.v2wzx.mongodb.net:27017
15:34:51.164 [cluster-ClusterId{value='61f905b9cc4ddf3004d17935', description='null'}-mfilx-shard-00-02.v2wzx.mongodb.net:27017] DEBUG org.mongodb.driver.protocol.command - Sending command '{ "ismaster" : 1, "$db" : "admin", "$clusterTime" : { "clusterTime" : { "$timestamp" : { "t" : 1643709896, "i" : 5 } }, "signature" : { "hash" : { "$binary" : { "base64" : "NJNqiwmFS+Yv6xjA1ouGSU7Cqdk=", "subType" : "00" } }, "keyId" : 7020870953009676292 } } }' with request id 84 to database admin on connection [connectionId{localValue:1, serverValue:11816}] to server mfilx-shard-00-02.v2wzx.mongodb.net:27017
15:34:51.165 [cluster-ClusterId{value='61f905b9cc4ddf3004d17935', description='null'}-mfilx-shard-00-01.v2wzx.mongodb.net:27017] DEBUG org.mongodb.driver.cluster - Updating cluster description to  {type=REPLICA_SET, servers=[{address=mfilx-shard-00-01.v2wzx.mongodb.net:27017, type=REPLICA_SET_SECONDARY, TagSet{[Tag{name='workloadType', value='OPERATIONAL'}, Tag{name='provider', value='AWS'}, Tag{name='region', value='AP_SOUTH_1'}, Tag{name='nodeType', value='ELECTABLE'}]}, roundTripTime=218.6 ms, state=CONNECTED}, {address=mfilx-shard-00-02.v2wzx.mongodb.net:27017, type=UNKNOWN, state=CONNECTING}, {address=mfilx-shard-00-00.v2wzx.mongodb.net:27017, type=REPLICA_SET_SECONDARY, TagSet{[Tag{name='provider', value='AWS'}, Tag{name='workloadType', value='OPERATIONAL'}, Tag{name='nodeType', value='ELECTABLE'}, Tag{name='region', value='AP_SOUTH_1'}]}, roundTripTime=215.6 ms, state=CONNECTED}]
15:34:51.166 [cluster-ClusterId{value='61f905bbcc4ddf3004d17937', description='null'}-mfilx-shard-00-00.v2wzx.mongodb.net:27017] DEBUG org.mongodb.driver.cluster - Updating cluster description to  {type=REPLICA_SET, servers=[{address=mfilx-shard-00-01.v2wzx.mongodb.net:27017, type=REPLICA_SET_SECONDARY, TagSet{[Tag{name='workloadType', value='OPERATIONAL'}, Tag{name='provider', value='AWS'}, Tag{name='region', value='AP_SOUTH_1'}, Tag{name='nodeType', value='ELECTABLE'}]}, roundTripTime=186.2 ms, state=CONNECTED}, {address=mfilx-shard-00-02.v2wzx.mongodb.net:27017, type=REPLICA_SET_PRIMARY, TagSet{[Tag{name='workloadType', value='OPERATIONAL'}, Tag{name='nodeType', value='ELECTABLE'}, Tag{name='provider', value='AWS'}, Tag{name='region', value='AP_SOUTH_1'}]}, roundTripTime=254.3 ms, state=CONNECTED}, {address=mfilx-shard-00-00.v2wzx.mongodb.net:27017, type=REPLICA_SET_SECONDARY, TagSet{[Tag{name='region', value='AP_SOUTH_1'}, Tag{name='nodeType', value='ELECTABLE'}, Tag{name='workloadType', value='OPERATIONAL'}, Tag{name='provider', value='AWS'}]}, roundTripTime=239.5 ms, state=CONNECTED}]
15:34:51.168 [cluster-ClusterId{value='61f905bbcc4ddf3004d1793a', description='null'}-mfilx-shard-00-02.v2wzx.mongodb.net:27017] INFO org.mongodb.driver.cluster - Setting max election id to 7fffffff0000000000000052 from replica set primary mfilx-shard-00-02.v2wzx.mongodb.net:27017
15:34:51.170 [cluster-ClusterId{value='61f905bbcc4ddf3004d1793a', description='null'}-mfilx-shard-00-02.v2wzx.mongodb.net:27017] INFO org.mongodb.driver.cluster - Setting max set version to 5 from replica set primary mfilx-shard-00-02.v2wzx.mongodb.net:27017
15:34:51.170 [cluster-ClusterId{value='61f905bbcc4ddf3004d1793a', description='null'}-mfilx-shard-00-02.v2wzx.mongodb.net:27017] INFO org.mongodb.driver.cluster - Discovered replica set primary mfilx-shard-00-02.v2wzx.mongodb.net:27017
15:34:51.170 [cluster-ClusterId{value='61f905bbcc4ddf3004d1793a', description='null'}-mfilx-shard-00-02.v2wzx.mongodb.net:27017] DEBUG org.mongodb.driver.cluster - Updating cluster description to  {type=REPLICA_SET, servers=[{address=mfilx-shard-00-01.v2wzx.mongodb.net:27017, type=REPLICA_SET_SECONDARY, TagSet{[Tag{name='workloadType', value='OPERATIONAL'}, Tag{name='provider', value='AWS'}, Tag{name='region', value='AP_SOUTH_1'}, Tag{name='nodeType', value='ELECTABLE'}]}, roundTripTime=238.5 ms, state=CONNECTED}, {address=mfilx-shard-00-02.v2wzx.mongodb.net:27017, type=REPLICA_SET_PRIMARY, TagSet{[Tag{name='workloadType', value='OPERATIONAL'}, Tag{name='nodeType', value='ELECTABLE'}, Tag{name='provider', value='AWS'}, Tag{name='region', value='AP_SOUTH_1'}]}, roundTripTime=162.8 ms, state=CONNECTED}, {address=mfilx-shard-00-00.v2wzx.mongodb.net:27017, type=REPLICA_SET_SECONDARY, TagSet{[Tag{name='provider', value='AWS'}, Tag{name='workloadType', value='OPERATIONAL'}, Tag{name='nodeType', value='ELECTABLE'}, Tag{name='region', value='AP_SOUTH_1'}]}, roundTripTime=220.0 ms, state=CONNECTED}]
15:34:51.235 [cluster-ClusterId{value='61f905b9cc4ddf3004d17935', description='null'}-mfilx-shard-00-02.v2wzx.mongodb.net:27017] DEBUG org.mongodb.driver.protocol.command - Execution of command with request id 84 completed successfully in 72.89 ms on connection [connectionId{localValue:1, serverValue:11816}] to server mfilx-shard-00-02.v2wzx.mongodb.net:27017
15:34:51.241 [cluster-ClusterId{value='61f905b9cc4ddf3004d17935', description='null'}-mfilx-shard-00-02.v2wzx.mongodb.net:27017] INFO org.mongodb.driver.cluster - Monitor thread successfully connected to server with description ServerDescription{address=mfilx-shard-00-02.v2wzx.mongodb.net:27017, type=REPLICA_SET_PRIMARY, state=CONNECTED, ok=true, version=ServerVersion{versionList=[4, 4, 12]}, minWireVersion=0, maxWireVersion=9, maxDocumentSize=16777216, logicalSessionTimeoutMinutes=30, roundTripTimeNanos=79453300, setName='atlas-csjqm5-shard-0', canonicalAddress=mfilx-shard-00-02.v2wzx.mongodb.net:27017, hosts=[mfilx-shard-00-00.v2wzx.mongodb.net:27017, mfilx-shard-00-01.v2wzx.mongodb.net:27017, mfilx-shard-00-02.v2wzx.mongodb.net:27017], passives=[], arbiters=[], primary='mfilx-shard-00-02.v2wzx.mongodb.net:27017', tagSet=TagSet{[Tag{name='provider', value='AWS'}, Tag{name='region', value='AP_SOUTH_1'}, Tag{name='workloadType', value='OPERATIONAL'}, Tag{name='nodeType', value='ELECTABLE'}]}, electionId=7fffffff0000000000000052, setVersion=5, lastWriteDate=Tue Feb 01 15:34:56 IST 2022, lastUpdateTimeNanos=246739528827600}
15:34:51.251 [cluster-ClusterId{value='61f905b9cc4ddf3004d17935', description='null'}-mfilx-shard-00-02.v2wzx.mongodb.net:27017] INFO org.mongodb.driver.cluster - Setting max election id to 7fffffff0000000000000052 from replica set primary mfilx-shard-00-02.v2wzx.mongodb.net:27017
15:34:51.251 [cluster-ClusterId{value='61f905b9cc4ddf3004d17935', description='null'}-mfilx-shard-00-02.v2wzx.mongodb.net:27017] INFO org.mongodb.driver.cluster - Setting max set version to 5 from replica set primary mfilx-shard-00-02.v2wzx.mongodb.net:27017
15:34:51.251 [cluster-ClusterId{value='61f905b9cc4ddf3004d17935', description='null'}-mfilx-shard-00-02.v2wzx.mongodb.net:27017] INFO org.mongodb.driver.cluster - Discovered replica set primary mfilx-shard-00-02.v2wzx.mongodb.net:27017
15:34:51.251 [cluster-ClusterId{value='61f905b9cc4ddf3004d17935', description='null'}-mfilx-shard-00-02.v2wzx.mongodb.net:27017] DEBUG org.mongodb.driver.cluster - Updating cluster description to  {type=REPLICA_SET, servers=[{address=mfilx-shard-00-01.v2wzx.mongodb.net:27017, type=REPLICA_SET_SECONDARY, TagSet{[Tag{name='workloadType', value='OPERATIONAL'}, Tag{name='provider', value='AWS'}, Tag{name='region', value='AP_SOUTH_1'}, Tag{name='nodeType', value='ELECTABLE'}]}, roundTripTime=218.6 ms, state=CONNECTED}, {address=mfilx-shard-00-02.v2wzx.mongodb.net:27017, type=REPLICA_SET_PRIMARY, TagSet{[Tag{name='provider', value='AWS'}, Tag{name='region', value='AP_SOUTH_1'}, Tag{name='workloadType', value='OPERATIONAL'}, Tag{name='nodeType', value='ELECTABLE'}]}, roundTripTime=79.5 ms, state=CONNECTED}, {address=mfilx-shard-00-00.v2wzx.mongodb.net:27017, type=REPLICA_SET_SECONDARY, TagSet{[Tag{name='provider', value='AWS'}, Tag{name='workloadType', value='OPERATIONAL'}, Tag{name='nodeType', value='ELECTABLE'}, Tag{name='region', value='AP_SOUTH_1'}]}, roundTripTime=215.6 ms, state=CONNECTED}]
15:35:01.148 [cluster-ClusterId{value='61f905bbcc4ddf3004d17936', description='null'}-mfilx-shard-00-00.v2wzx.mongodb.net:27017] DEBUG org.mongodb.driver.cluster - Checking status of mfilx-shard-00-00.v2wzx.mongodb.net:27017
15:35:01.148 [cluster-ClusterId{value='61f905bbcc4ddf3004d1793b', description='null'}-mfilx-shard-00-01.v2wzx.mongodb.net:27017] DEBUG org.mongodb.driver.cluster - Checking status of mfilx-shard-00-01.v2wzx.mongodb.net:27017
15:35:01.148 [cluster-ClusterId{value='61f905bbcc4ddf3004d17937', description='null'}-mfilx-shard-00-01.v2wzx.mongodb.net:27017] DEBUG org.mongodb.driver.cluster - Checking status of mfilx-shard-00-01.v2wzx.mongodb.net:27017
15:35:01.149 [cluster-ClusterId{value='61f905bbcc4ddf3004d17936', description='null'}-mfilx-shard-00-00.v2wzx.mongodb.net:27017] DEBUG org.mongodb.driver.protocol.command - Sending command '{ "ismaster" : 1, "$db" : "admin", "$clusterTime" : { "clusterTime" : { "$timestamp" : { "t" : 1643709896, "i" : 5 } }, "signature" : { "hash" : { "$binary" : { "base64" : "NJNqiwmFS+Yv6xjA1ouGSU7Cqdk=", "subType" : "00" } }, "keyId" : 7020870953009676292 } } }' with request id 85 to database admin on connection [connectionId{localValue:4, serverValue:11267}] to server mfilx-shard-00-00.v2wzx.mongodb.net:27017
15:35:01.149 [cluster-ClusterId{value='61f905bbcc4ddf3004d17937', description='null'}-mfilx-shard-00-01.v2wzx.mongodb.net:27017] DEBUG org.mongodb.driver.protocol.command - Sending command '{ "ismaster" : 1, "$db" : "admin", "$clusterTime" : { "clusterTime" : { "$timestamp" : { "t" : 1643709896, "i" : 5 } }, "signature" : { "hash" : { "$binary" : { "base64" : "NJNqiwmFS+Yv6xjA1ouGSU7Cqdk=", "subType" : "00" } }, "keyId" : 7020870953009676292 } } }' with request id 87 to database admin on connection [connectionId{localValue:8, serverValue:10396}] to server mfilx-shard-00-01.v2wzx.mongodb.net:27017
15:35:01.149 [cluster-ClusterId{value='61f905bbcc4ddf3004d1793b', description='null'}-mfilx-shard-00-01.v2wzx.mongodb.net:27017] DEBUG org.mongodb.driver.protocol.command - Sending command '{ "ismaster" : 1, "$db" : "admin", "$clusterTime" : { "clusterTime" : { "$timestamp" : { "t" : 1643709896, "i" : 5 } }, "signature" : { "hash" : { "$binary" : { "base64" : "NJNqiwmFS+Yv6xjA1ouGSU7Cqdk=", "subType" : "00" } }, "keyId" : 7020870953009676292 } } }' with request id 86 to database admin on connection [connectionId{localValue:20, serverValue:10396}] to server mfilx-shard-00-01.v2wzx.mongodb.net:27017
15:35:01.149 [cluster-ClusterId{value='61f905b9cc4ddf3004d17935', description='null'}-mfilx-shard-00-00.v2wzx.mongodb.net:27017] DEBUG org.mongodb.driver.cluster - Checking status of mfilx-shard-00-00.v2wzx.mongodb.net:27017
15:35:01.149 [cluster-ClusterId{value='61f905bbcc4ddf3004d1793b', description='null'}-mfilx-shard-00-00.v2wzx.mongodb.net:27017] DEBUG org.mongodb.driver.cluster - Checking status of mfilx-shard-00-00.v2wzx.mongodb.net:27017
15:35:01.150 [cluster-ClusterId{value='61f905bbcc4ddf3004d1793b', description='null'}-mfilx-shard-00-00.v2wzx.mongodb.net:27017] DEBUG org.mongodb.driver.protocol.command - Sending command '{ "ismaster" : 1, "$db" : "admin", "$clusterTime" : { "clusterTime" : { "$timestamp" : { "t" : 1643709896, "i" : 5 } }, "signature" : { "hash" : { "$binary" : { "base64" : "NJNqiwmFS+Yv6xjA1ouGSU7Cqdk=", "subType" : "00" } }, "keyId" : 7020870953009676292 } } }' with request id 89 to database admin on connection [connectionId{localValue:19, serverValue:11267}] to server mfilx-shard-00-00.v2wzx.mongodb.net:27017
15:35:01.148 [cluster-ClusterId{value='61f905bbcc4ddf3004d17938', description='null'}-mfilx-shard-00-02.v2wzx.mongodb.net:27017] DEBUG org.mongodb.driver.cluster - Checking status of mfilx-shard-00-02.v2wzx.mongodb.net:27017
15:35:01.148 [cluster-ClusterId{value='61f905bbcc4ddf3004d17938', description='null'}-mfilx-shard-00-00.v2wzx.mongodb.net:27017] DEBUG org.mongodb.driver.cluster - Checking status of mfilx-shard-00-00.v2wzx.mongodb.net:27017
15:35:01.149 [cluster-ClusterId{value='61f905bbcc4ddf3004d17938', description='null'}-mfilx-shard-00-01.v2wzx.mongodb.net:27017] DEBUG org.mongodb.driver.cluster - Checking status of mfilx-shard-00-01.v2wzx.mongodb.net:27017
15:35:01.150 [cluster-ClusterId{value='61f905b9cc4ddf3004d17935', description='null'}-mfilx-shard-00-00.v2wzx.mongodb.net:27017] DEBUG org.mongodb.driver.protocol.command - Sending command '{ "ismaster" : 1, "$db" : "admin", "$clusterTime" : { "clusterTime" : { "$timestamp" : { "t" : 1643709896, "i" : 6 } }, "signature" : { "hash" : { "$binary" : { "base64" : "NJNqiwmFS+Yv6xjA1ouGSU7Cqdk=", "subType" : "00" } }, "keyId" : 7020870953009676292 } } }' with request id 88 to database admin on connection [connectionId{localValue:3, serverValue:11267}] to server mfilx-shard-00-00.v2wzx.mongodb.net:27017
15:35:01.152 [cluster-ClusterId{value='61f905bbcc4ddf3004d17938', description='null'}-mfilx-shard-00-00.v2wzx.mongodb.net:27017] DEBUG org.mongodb.driver.protocol.command - Sending command '{ "ismaster" : 1, "$db" : "admin", "$clusterTime" : { "clusterTime" : { "$timestamp" : { "t" : 1643709896, "i" : 5 } }, "signature" : { "hash" : { "$binary" : { "base64" : "NJNqiwmFS+Yv6xjA1ouGSU7Cqdk=", "subType" : "00" } }, "keyId" : 7020870953009676292 } } }' with request id 91 to database admin on connection [connectionId{localValue:10, serverValue:11267}] to server mfilx-shard-00-00.v2wzx.mongodb.net:27017
15:35:01.152 [cluster-ClusterId{value='61f905bbcc4ddf3004d17938', description='null'}-mfilx-shard-00-02.v2wzx.mongodb.net:27017] DEBUG org.mongodb.driver.protocol.command - Sending command '{ "ismaster" : 1, "$db" : "admin", "$clusterTime" : { "clusterTime" : { "$timestamp" : { "t" : 1643709896, "i" : 5 } }, "signature" : { "hash" : { "$binary" : { "base64" : "NJNqiwmFS+Yv6xjA1ouGSU7Cqdk=", "subType" : "00" } }, "keyId" : 7020870953009676292 } } }' with request id 90 to database admin on connection [connectionId{localValue:12, serverValue:11816}] to server mfilx-shard-00-02.v2wzx.mongodb.net:27017
15:35:01.153 [cluster-ClusterId{value='61f905bbcc4ddf3004d17938', description='null'}-mfilx-shard-00-01.v2wzx.mongodb.net:27017] DEBUG org.mongodb.driver.protocol.command - Sending command '{ "ismaster" : 1, "$db" : "admin", "$clusterTime" : { "clusterTime" : { "$timestamp" : { "t" : 1643709896, "i" : 5 } }, "signature" : { "hash" : { "$binary" : { "base64" : "NJNqiwmFS+Yv6xjA1ouGSU7Cqdk=", "subType" : "00" } }, "keyId" : 7020870953009676292 } } }' with request id 92 to database admin on connection [connectionId{localValue:11, serverValue:10396}] to server mfilx-shard-00-01.v2wzx.mongodb.net:27017
15:35:01.163 [cluster-ClusterId{value='61f905bbcc4ddf3004d17939', description='null'}-mfilx-shard-00-00.v2wzx.mongodb.net:27017] DEBUG org.mongodb.driver.cluster - Checking status of mfilx-shard-00-00.v2wzx.mongodb.net:27017
15:35:01.163 [cluster-ClusterId{value='61f905bbcc4ddf3004d17937', description='null'}-mfilx-shard-00-02.v2wzx.mongodb.net:27017] DEBUG org.mongodb.driver.cluster - Checking status of mfilx-shard-00-02.v2wzx.mongodb.net:27017
15:35:01.165 [cluster-ClusterId{value='61f905bbcc4ddf3004d17937', description='null'}-mfilx-shard-00-02.v2wzx.mongodb.net:27017] DEBUG org.mongodb.driver.protocol.command - Sending command '{ "ismaster" : 1, "$db" : "admin", "$clusterTime" : { "clusterTime" : { "$timestamp" : { "t" : 1643709896, "i" : 5 } }, "signature" : { "hash" : { "$binary" : { "base64" : "NJNqiwmFS+Yv6xjA1ouGSU7Cqdk=", "subType" : "00" } }, "keyId" : 7020870953009676292 } } }' with request id 94 to database admin on connection [connectionId{localValue:9, serverValue:11816}] to server mfilx-shard-00-02.v2wzx.mongodb.net:27017
15:35:01.165 [cluster-ClusterId{value='61f905bbcc4ddf3004d17939', description='null'}-mfilx-shard-00-02.v2wzx.mongodb.net:27017] DEBUG org.mongodb.driver.cluster - Checking status of mfilx-shard-00-02.v2wzx.mongodb.net:27017
15:35:01.166 [cluster-ClusterId{value='61f905bbcc4ddf3004d1793a', description='null'}-mfilx-shard-00-00.v2wzx.mongodb.net:27017] DEBUG org.mongodb.driver.cluster - Checking status of mfilx-shard-00-00.v2wzx.mongodb.net:27017
15:35:01.166 [cluster-ClusterId{value='61f905bbcc4ddf3004d17939', description='null'}-mfilx-shard-00-02.v2wzx.mongodb.net:27017] DEBUG org.mongodb.driver.protocol.command - Sending command '{ "ismaster" : 1, "$db" : "admin", "$clusterTime" : { "clusterTime" : { "$timestamp" : { "t" : 1643709896, "i" : 5 } }, "signature" : { "hash" : { "$binary" : { "base64" : "NJNqiwmFS+Yv6xjA1ouGSU7Cqdk=", "subType" : "00" } }, "keyId" : 7020870953009676292 } } }' with request id 95 to database admin on connection [connectionId{localValue:15, serverValue:11816}] to server mfilx-shard-00-02.v2wzx.mongodb.net:27017
15:35:01.167 [cluster-ClusterId{value='61f905bbcc4ddf3004d1793b', description='null'}-mfilx-shard-00-02.v2wzx.mongodb.net:27017] DEBUG org.mongodb.driver.cluster - Checking status of mfilx-shard-00-02.v2wzx.mongodb.net:27017
15:35:01.167 [cluster-ClusterId{value='61f905bbcc4ddf3004d17936', description='null'}-mfilx-shard-00-02.v2wzx.mongodb.net:27017] DEBUG org.mongodb.driver.cluster - Checking status of mfilx-shard-00-02.v2wzx.mongodb.net:27017
15:35:01.168 [cluster-ClusterId{value='61f905bbcc4ddf3004d17936', description='null'}-mfilx-shard-00-02.v2wzx.mongodb.net:27017] DEBUG org.mongodb.driver.protocol.command - Sending command '{ "ismaster" : 1, "$db" : "admin", "$clusterTime" : { "clusterTime" : { "$timestamp" : { "t" : 1643709896, "i" : 5 } }, "signature" : { "hash" : { "$binary" : { "base64" : "NJNqiwmFS+Yv6xjA1ouGSU7Cqdk=", "subType" : "00" } }, "keyId" : 7020870953009676292 } } }' with request id 98 to database admin on connection [connectionId{localValue:6, serverValue:11816}] to server mfilx-shard-00-02.v2wzx.mongodb.net:27017
15:35:01.169 [cluster-ClusterId{value='61f905bbcc4ddf3004d1793b', description='null'}-mfilx-shard-00-02.v2wzx.mongodb.net:27017] DEBUG org.mongodb.driver.protocol.command - Sending command '{ "ismaster" : 1, "$db" : "admin", "$clusterTime" : { "clusterTime" : { "$timestamp" : { "t" : 1643709896, "i" : 5 } }, "signature" : { "hash" : { "$binary" : { "base64" : "NJNqiwmFS+Yv6xjA1ouGSU7Cqdk=", "subType" : "00" } }, "keyId" : 7020870953009676292 } } }' with request id 97 to database admin on connection [connectionId{localValue:21, serverValue:11816}] to server mfilx-shard-00-02.v2wzx.mongodb.net:27017
15:35:01.163 [cluster-ClusterId{value='61f905bbcc4ddf3004d17939', description='null'}-mfilx-shard-00-01.v2wzx.mongodb.net:27017] DEBUG org.mongodb.driver.cluster - Checking status of mfilx-shard-00-01.v2wzx.mongodb.net:27017
15:35:01.164 [cluster-ClusterId{value='61f905bbcc4ddf3004d17939', description='null'}-mfilx-shard-00-00.v2wzx.mongodb.net:27017] DEBUG org.mongodb.driver.protocol.command - Sending command '{ "ismaster" : 1, "$db" : "admin", "$clusterTime" : { "clusterTime" : { "$timestamp" : { "t" : 1643709896, "i" : 5 } }, "signature" : { "hash" : { "$binary" : { "base64" : "NJNqiwmFS+Yv6xjA1ouGSU7Cqdk=", "subType" : "00" } }, "keyId" : 7020870953009676292 } } }' with request id 93 to database admin on connection [connectionId{localValue:13, serverValue:11267}] to server mfilx-shard-00-00.v2wzx.mongodb.net:27017
15:35:01.171 [cluster-ClusterId{value='61f905bbcc4ddf3004d17939', description='null'}-mfilx-shard-00-01.v2wzx.mongodb.net:27017] DEBUG org.mongodb.driver.protocol.command - Sending command '{ "ismaster" : 1, "$db" : "admin", "$clusterTime" : { "clusterTime" : { "$timestamp" : { "t" : 1643709896, "i" : 5 } }, "signature" : { "hash" : { "$binary" : { "base64" : "NJNqiwmFS+Yv6xjA1ouGSU7Cqdk=", "subType" : "00" } }, "keyId" : 7020870953009676292 } } }' with request id 99 to database admin on connection [connectionId{localValue:14, serverValue:10396}] to server mfilx-shard-00-01.v2wzx.mongodb.net:27017
15:35:01.167 [cluster-ClusterId{value='61f905bbcc4ddf3004d1793a', description='null'}-mfilx-shard-00-00.v2wzx.mongodb.net:27017] DEBUG org.mongodb.driver.protocol.command - Sending command '{ "ismaster" : 1, "$db" : "admin", "$clusterTime" : { "clusterTime" : { "$timestamp" : { "t" : 1643709896, "i" : 5 } }, "signature" : { "hash" : { "$binary" : { "base64" : "NJNqiwmFS+Yv6xjA1ouGSU7Cqdk=", "subType" : "00" } }, "keyId" : 7020870953009676292 } } }' with request id 96 to database admin on connection [connectionId{localValue:16, serverValue:11267}] to server mfilx-shard-00-00.v2wzx.mongodb.net:27017
15:35:01.167 [cluster-ClusterId{value='61f905bbcc4ddf3004d17936', description='null'}-mfilx-shard-00-01.v2wzx.mongodb.net:27017] DEBUG org.mongodb.driver.cluster - Checking status of mfilx-shard-00-01.v2wzx.mongodb.net:27017
15:35:01.174 [cluster-ClusterId{value='61f905bbcc4ddf3004d17936', description='null'}-mfilx-shard-00-01.v2wzx.mongodb.net:27017] DEBUG org.mongodb.driver.protocol.command - Sending command '{ "ismaster" : 1, "$db" : "admin", "$clusterTime" : { "clusterTime" : { "$timestamp" : { "t" : 1643709896, "i" : 5 } }, "signature" : { "hash" : { "$binary" : { "base64" : "NJNqiwmFS+Yv6xjA1ouGSU7Cqdk=", "subType" : "00" } }, "keyId" : 7020870953009676292 } } }' with request id 100 to database admin on connection [connectionId{localValue:5, serverValue:10396}] to server mfilx-shard-00-01.v2wzx.mongodb.net:27017
15:35:01.175 [cluster-ClusterId{value='61f905bbcc4ddf3004d1793a', description='null'}-mfilx-shard-00-01.v2wzx.mongodb.net:27017] DEBUG org.mongodb.driver.cluster - Checking status of mfilx-shard-00-01.v2wzx.mongodb.net:27017
15:35:01.176 [cluster-ClusterId{value='61f905bbcc4ddf3004d1793a', description='null'}-mfilx-shard-00-01.v2wzx.mongodb.net:27017] DEBUG org.mongodb.driver.protocol.command - Sending command '{ "ismaster" : 1, "$db" : "admin", "$clusterTime" : { "clusterTime" : { "$timestamp" : { "t" : 1643709896, "i" : 5 } }, "signature" : { "hash" : { "$binary" : { "base64" : "NJNqiwmFS+Yv6xjA1ouGSU7Cqdk=", "subType" : "00" } }, "keyId" : 7020870953009676292 } } }' with request id 101 to database admin on connection [connectionId{localValue:17, serverValue:10396}] to server mfilx-shard-00-01.v2wzx.mongodb.net:27017
15:35:01.179 [cluster-ClusterId{value='61f905bbcc4ddf3004d1793a', description='null'}-mfilx-shard-00-02.v2wzx.mongodb.net:27017] DEBUG org.mongodb.driver.cluster - Checking status of mfilx-shard-00-02.v2wzx.mongodb.net:27017
15:35:01.179 [cluster-ClusterId{value='61f905bbcc4ddf3004d17937', description='null'}-mfilx-shard-00-00.v2wzx.mongodb.net:27017] DEBUG org.mongodb.driver.cluster - Checking status of mfilx-shard-00-00.v2wzx.mongodb.net:27017
15:35:01.183 [cluster-ClusterId{value='61f905bbcc4ddf3004d17937', description='null'}-mfilx-shard-00-00.v2wzx.mongodb.net:27017] DEBUG org.mongodb.driver.protocol.command - Sending command '{ "ismaster" : 1, "$db" : "admin", "$clusterTime" : { "clusterTime" : { "$timestamp" : { "t" : 1643709896, "i" : 5 } }, "signature" : { "hash" : { "$binary" : { "base64" : "NJNqiwmFS+Yv6xjA1ouGSU7Cqdk=", "subType" : "00" } }, "keyId" : 7020870953009676292 } } }' with request id 103 to database admin on connection [connectionId{localValue:7, serverValue:11267}] to server mfilx-shard-00-00.v2wzx.mongodb.net:27017
15:35:01.184 [cluster-ClusterId{value='61f905bbcc4ddf3004d1793b', description='null'}-mfilx-shard-00-00.v2wzx.mongodb.net:27017] DEBUG org.mongodb.driver.protocol.command - Execution of command with request id 89 completed successfully in 33.98 ms on connection [connectionId{localValue:19, serverValue:11267}] to server mfilx-shard-00-00.v2wzx.mongodb.net:27017
15:35:01.184 [cluster-ClusterId{value='61f905bbcc4ddf3004d1793b', description='null'}-mfilx-shard-00-01.v2wzx.mongodb.net:27017] DEBUG org.mongodb.driver.protocol.command - Execution of command with request id 86 completed successfully in 35.54 ms on connection [connectionId{localValue:20, serverValue:10396}] to server mfilx-shard-00-01.v2wzx.mongodb.net:27017
15:35:01.186 [cluster-ClusterId{value='61f905bbcc4ddf3004d1793b', description='null'}-mfilx-shard-00-00.v2wzx.mongodb.net:27017] INFO org.mongodb.driver.cluster - Monitor thread successfully connected to server with description ServerDescription{address=mfilx-shard-00-00.v2wzx.mongodb.net:27017, type=REPLICA_SET_SECONDARY, state=CONNECTED, ok=true, version=ServerVersion{versionList=[4, 4, 12]}, minWireVersion=0, maxWireVersion=9, maxDocumentSize=16777216, logicalSessionTimeoutMinutes=30, roundTripTimeNanos=211529360, setName='atlas-csjqm5-shard-0', canonicalAddress=mfilx-shard-00-00.v2wzx.mongodb.net:27017, hosts=[mfilx-shard-00-00.v2wzx.mongodb.net:27017, mfilx-shard-00-01.v2wzx.mongodb.net:27017, mfilx-shard-00-02.v2wzx.mongodb.net:27017], passives=[], arbiters=[], primary='mfilx-shard-00-02.v2wzx.mongodb.net:27017', tagSet=TagSet{[Tag{name='workloadType', value='OPERATIONAL'}, Tag{name='provider', value='AWS'}, Tag{name='region', value='AP_SOUTH_1'}, Tag{name='nodeType', value='ELECTABLE'}]}, electionId=null, setVersion=5, lastWriteDate=Tue Feb 01 15:35:06 IST 2022, lastUpdateTimeNanos=246749472933300}
15:35:01.187 [cluster-ClusterId{value='61f905bbcc4ddf3004d1793b', description='null'}-mfilx-shard-00-00.v2wzx.mongodb.net:27017] DEBUG org.mongodb.driver.cluster - Updating cluster description to  {type=REPLICA_SET, servers=[{address=mfilx-shard-00-01.v2wzx.mongodb.net:27017, type=REPLICA_SET_SECONDARY, TagSet{[Tag{name='workloadType', value='OPERATIONAL'}, Tag{name='provider', value='AWS'}, Tag{name='region', value='AP_SOUTH_1'}, Tag{name='nodeType', value='ELECTABLE'}]}, roundTripTime=246.8 ms, state=CONNECTED}, {address=mfilx-shard-00-02.v2wzx.mongodb.net:27017, type=REPLICA_SET_PRIMARY, TagSet{[Tag{name='workloadType', value='OPERATIONAL'}, Tag{name='nodeType', value='ELECTABLE'}, Tag{name='provider', value='AWS'}, Tag{name='region', value='AP_SOUTH_1'}]}, roundTripTime=179.5 ms, state=CONNECTED}, {address=mfilx-shard-00-00.v2wzx.mongodb.net:27017, type=REPLICA_SET_SECONDARY, TagSet{[Tag{name='workloadType', value='OPERATIONAL'}, Tag{name='provider', value='AWS'}, Tag{name='region', value='AP_SOUTH_1'}, Tag{name='nodeType', value='ELECTABLE'}]}, roundTripTime=211.5 ms, state=CONNECTED}]
15:35:01.187 [cluster-ClusterId{value='61f905bbcc4ddf3004d1793b', description='null'}-mfilx-shard-00-01.v2wzx.mongodb.net:27017] INFO org.mongodb.driver.cluster - Monitor thread successfully connected to server with description ServerDescription{address=mfilx-shard-00-01.v2wzx.mongodb.net:27017, type=REPLICA_SET_SECONDARY, state=CONNECTED, ok=true, version=ServerVersion{versionList=[4, 4, 12]}, minWireVersion=0, maxWireVersion=9, maxDocumentSize=16777216, logicalSessionTimeoutMinutes=30, roundTripTimeNanos=205131860, setName='atlas-csjqm5-shard-0', canonicalAddress=mfilx-shard-00-01.v2wzx.mongodb.net:27017, hosts=[mfilx-shard-00-00.v2wzx.mongodb.net:27017, mfilx-shard-00-01.v2wzx.mongodb.net:27017, mfilx-shard-00-02.v2wzx.mongodb.net:27017], passives=[], arbiters=[], primary='mfilx-shard-00-02.v2wzx.mongodb.net:27017', tagSet=TagSet{[Tag{name='nodeType', value='ELECTABLE'}, Tag{name='workloadType', value='OPERATIONAL'}, Tag{name='region', value='AP_SOUTH_1'}, Tag{name='provider', value='AWS'}]}, electionId=null, setVersion=5, lastWriteDate=Tue Feb 01 15:35:06 IST 2022, lastUpdateTimeNanos=246749475025900}
15:35:01.187 [cluster-ClusterId{value='61f905bbcc4ddf3004d1793b', description='null'}-mfilx-shard-00-01.v2wzx.mongodb.net:27017] DEBUG org.mongodb.driver.cluster - Updating cluster description to  {type=REPLICA_SET, servers=[{address=mfilx-shard-00-01.v2wzx.mongodb.net:27017, type=REPLICA_SET_SECONDARY, TagSet{[Tag{name='nodeType', value='ELECTABLE'}, Tag{name='workloadType', value='OPERATIONAL'}, Tag{name='region', value='AP_SOUTH_1'}, Tag{name='provider', value='AWS'}]}, roundTripTime=205.1 ms, state=CONNECTED}, {address=mfilx-shard-00-02.v2wzx.mongodb.net:27017, type=REPLICA_SET_PRIMARY, TagSet{[Tag{name='workloadType', value='OPERATIONAL'}, Tag{name='nodeType', value='ELECTABLE'}, Tag{name='provider', value='AWS'}, Tag{name='region', value='AP_SOUTH_1'}]}, roundTripTime=179.5 ms, state=CONNECTED}, {address=mfilx-shard-00-00.v2wzx.mongodb.net:27017, type=REPLICA_SET_SECONDARY, TagSet{[Tag{name='workloadType', value='OPERATIONAL'}, Tag{name='provider', value='AWS'}, Tag{name='region', value='AP_SOUTH_1'}, Tag{name='nodeType', value='ELECTABLE'}]}, roundTripTime=211.5 ms, state=CONNECTED}]
15:35:01.188 [cluster-ClusterId{value='61f905bbcc4ddf3004d17936', description='null'}-mfilx-shard-00-00.v2wzx.mongodb.net:27017] DEBUG org.mongodb.driver.protocol.command - Execution of command with request id 85 completed successfully in 38.90 ms on connection [connectionId{localValue:4, serverValue:11267}] to server mfilx-shard-00-00.v2wzx.mongodb.net:27017
15:35:01.188 [cluster-ClusterId{value='61f905bbcc4ddf3004d17937', description='null'}-mfilx-shard-00-01.v2wzx.mongodb.net:27017] DEBUG org.mongodb.driver.protocol.command - Execution of command with request id 87 completed successfully in 38.74 ms on connection [connectionId{localValue:8, serverValue:10396}] to server mfilx-shard-00-01.v2wzx.mongodb.net:27017
15:35:01.188 [cluster-ClusterId{value='61f905bbcc4ddf3004d17936', description='null'}-mfilx-shard-00-00.v2wzx.mongodb.net:27017] INFO org.mongodb.driver.cluster - Monitor thread successfully connected to server with description ServerDescription{address=mfilx-shard-00-00.v2wzx.mongodb.net:27017, type=REPLICA_SET_SECONDARY, state=CONNECTED, ok=true, version=ServerVersion{versionList=[4, 4, 12]}, minWireVersion=0, maxWireVersion=9, maxDocumentSize=16777216, logicalSessionTimeoutMinutes=30, roundTripTimeNanos=173032040, setName='atlas-csjqm5-shard-0', canonicalAddress=mfilx-shard-00-00.v2wzx.mongodb.net:27017, hosts=[mfilx-shard-00-00.v2wzx.mongodb.net:27017, mfilx-shard-00-01.v2wzx.mongodb.net:27017, mfilx-shard-00-02.v2wzx.mongodb.net:27017], passives=[], arbiters=[], primary='mfilx-shard-00-02.v2wzx.mongodb.net:27017', tagSet=TagSet{[Tag{name='nodeType', value='ELECTABLE'}, Tag{name='region', value='AP_SOUTH_1'}, Tag{name='provider', value='AWS'}, Tag{name='workloadType', value='OPERATIONAL'}]}, electionId=null, setVersion=5, lastWriteDate=Tue Feb 01 15:35:06 IST 2022, lastUpdateTimeNanos=246749476016700}
15:35:01.188 [cluster-ClusterId{value='61f905bbcc4ddf3004d17937', description='null'}-mfilx-shard-00-01.v2wzx.mongodb.net:27017] INFO org.mongodb.driver.cluster - Monitor thread successfully connected to server with description ServerDescription{address=mfilx-shard-00-01.v2wzx.mongodb.net:27017, type=REPLICA_SET_SECONDARY, state=CONNECTED, ok=true, version=ServerVersion{versionList=[4, 4, 12]}, minWireVersion=0, maxWireVersion=9, maxDocumentSize=16777216, logicalSessionTimeoutMinutes=30, roundTripTimeNanos=156831580, setName='atlas-csjqm5-shard-0', canonicalAddress=mfilx-shard-00-01.v2wzx.mongodb.net:27017, hosts=[mfilx-shard-00-00.v2wzx.mongodb.net:27017, mfilx-shard-00-01.v2wzx.mongodb.net:27017, mfilx-shard-00-02.v2wzx.mongodb.net:27017], passives=[], arbiters=[], primary='mfilx-shard-00-02.v2wzx.mongodb.net:27017', tagSet=TagSet{[Tag{name='nodeType', value='ELECTABLE'}, Tag{name='workloadType', value='OPERATIONAL'}, Tag{name='region', value='AP_SOUTH_1'}, Tag{name='provider', value='AWS'}]}, electionId=null, setVersion=5, lastWriteDate=Tue Feb 01 15:35:06 IST 2022, lastUpdateTimeNanos=246749476227000}
15:35:01.188 [cluster-ClusterId{value='61f905bbcc4ddf3004d17936', description='null'}-mfilx-shard-00-00.v2wzx.mongodb.net:27017] DEBUG org.mongodb.driver.cluster - Updating cluster description to  {type=REPLICA_SET, servers=[{address=mfilx-shard-00-01.v2wzx.mongodb.net:27017, type=REPLICA_SET_SECONDARY, TagSet{[Tag{name='workloadType', value='OPERATIONAL'}, Tag{name='provider', value='AWS'}, Tag{name='region', value='AP_SOUTH_1'}, Tag{name='nodeType', value='ELECTABLE'}]}, roundTripTime=201.6 ms, state=CONNECTED}, {address=mfilx-shard-00-02.v2wzx.mongodb.net:27017, type=REPLICA_SET_PRIMARY, TagSet{[Tag{name='workloadType', value='OPERATIONAL'}, Tag{name='nodeType', value='ELECTABLE'}, Tag{name='provider', value='AWS'}, Tag{name='region', value='AP_SOUTH_1'}]}, roundTripTime=177.4 ms, state=CONNECTED}, {address=mfilx-shard-00-00.v2wzx.mongodb.net:27017, type=REPLICA_SET_SECONDARY, TagSet{[Tag{name='nodeType', value='ELECTABLE'}, Tag{name='region', value='AP_SOUTH_1'}, Tag{name='provider', value='AWS'}, Tag{name='workloadType', value='OPERATIONAL'}]}, roundTripTime=173.0 ms, state=CONNECTED}]
15:35:01.189 [cluster-ClusterId{value='61f905bbcc4ddf3004d17937', description='null'}-mfilx-shard-00-01.v2wzx.mongodb.net:27017] DEBUG org.mongodb.driver.cluster - Updating cluster description to  {type=REPLICA_SET, servers=[{address=mfilx-shard-00-01.v2wzx.mongodb.net:27017, type=REPLICA_SET_SECONDARY, TagSet{[Tag{name='nodeType', value='ELECTABLE'}, Tag{name='workloadType', value='OPERATIONAL'}, Tag{name='region', value='AP_SOUTH_1'}, Tag{name='provider', value='AWS'}]}, roundTripTime=156.8 ms, state=CONNECTED}, {address=mfilx-shard-00-02.v2wzx.mongodb.net:27017, type=REPLICA_SET_PRIMARY, TagSet{[Tag{name='workloadType', value='OPERATIONAL'}, Tag{name='nodeType', value='ELECTABLE'}, Tag{name='provider', value='AWS'}, Tag{name='region', value='AP_SOUTH_1'}]}, roundTripTime=254.3 ms, state=CONNECTED}, {address=mfilx-shard-00-00.v2wzx.mongodb.net:27017, type=REPLICA_SET_SECONDARY, TagSet{[Tag{name='region', value='AP_SOUTH_1'}, Tag{name='nodeType', value='ELECTABLE'}, Tag{name='workloadType', value='OPERATIONAL'}, Tag{name='provider', value='AWS'}]}, roundTripTime=239.5 ms, state=CONNECTED}]
15:35:01.189 [cluster-ClusterId{value='61f905b9cc4ddf3004d17935', description='null'}-mfilx-shard-00-01.v2wzx.mongodb.net:27017] DEBUG org.mongodb.driver.cluster - Checking status of mfilx-shard-00-01.v2wzx.mongodb.net:27017
15:35:01.189 [cluster-ClusterId{value='61f905b9cc4ddf3004d17935', description='null'}-mfilx-shard-00-00.v2wzx.mongodb.net:27017] DEBUG org.mongodb.driver.protocol.command - Execution of command with request id 88 completed successfully in 38.88 ms on connection [connectionId{localValue:3, serverValue:11267}] to server mfilx-shard-00-00.v2wzx.mongodb.net:27017
15:35:01.189 [cluster-ClusterId{value='61f905b9cc4ddf3004d17935', description='null'}-mfilx-shard-00-00.v2wzx.mongodb.net:27017] INFO org.mongodb.driver.cluster - Monitor thread successfully connected to server with description ServerDescription{address=mfilx-shard-00-00.v2wzx.mongodb.net:27017, type=REPLICA_SET_SECONDARY, state=CONNECTED, ok=true, version=ServerVersion{versionList=[4, 4, 12]}, minWireVersion=0, maxWireVersion=9, maxDocumentSize=16777216, logicalSessionTimeoutMinutes=30, roundTripTimeNanos=180339340, setName='atlas-csjqm5-shard-0', canonicalAddress=mfilx-shard-00-00.v2wzx.mongodb.net:27017, hosts=[mfilx-shard-00-00.v2wzx.mongodb.net:27017, mfilx-shard-00-01.v2wzx.mongodb.net:27017, mfilx-shard-00-02.v2wzx.mongodb.net:27017], passives=[], arbiters=[], primary='mfilx-shard-00-02.v2wzx.mongodb.net:27017', tagSet=TagSet{[Tag{name='workloadType', value='OPERATIONAL'}, Tag{name='provider', value='AWS'}, Tag{name='region', value='AP_SOUTH_1'}, Tag{name='nodeType', value='ELECTABLE'}]}, electionId=null, setVersion=5, lastWriteDate=Tue Feb 01 15:35:06 IST 2022, lastUpdateTimeNanos=246749477278600}
15:35:01.190 [cluster-ClusterId{value='61f905b9cc4ddf3004d17935', description='null'}-mfilx-shard-00-00.v2wzx.mongodb.net:27017] DEBUG org.mongodb.driver.cluster - Updating cluster description to  {type=REPLICA_SET, servers=[{address=mfilx-shard-00-01.v2wzx.mongodb.net:27017, type=REPLICA_SET_SECONDARY, TagSet{[Tag{name='workloadType', value='OPERATIONAL'}, Tag{name='provider', value='AWS'}, Tag{name='region', value='AP_SOUTH_1'}, Tag{name='nodeType', value='ELECTABLE'}]}, roundTripTime=218.6 ms, state=CONNECTED}, {address=mfilx-shard-00-02.v2wzx.mongodb.net:27017, type=REPLICA_SET_PRIMARY, TagSet{[Tag{name='provider', value='AWS'}, Tag{name='region', value='AP_SOUTH_1'}, Tag{name='workloadType', value='OPERATIONAL'}, Tag{name='nodeType', value='ELECTABLE'}]}, roundTripTime=79.5 ms, state=CONNECTED}, {address=mfilx-shard-00-00.v2wzx.mongodb.net:27017, type=REPLICA_SET_SECONDARY, TagSet{[Tag{name='workloadType', value='OPERATIONAL'}, Tag{name='provider', value='AWS'}, Tag{name='region', value='AP_SOUTH_1'}, Tag{name='nodeType', value='ELECTABLE'}]}, roundTripTime=180.3 ms, state=CONNECTED}]
15:35:01.190 [cluster-ClusterId{value='61f905b9cc4ddf3004d17935', description='null'}-mfilx-shard-00-01.v2wzx.mongodb.net:27017] DEBUG org.mongodb.driver.protocol.command - Sending command '{ "ismaster" : 1, "$db" : "admin", "$clusterTime" : { "clusterTime" : { "$timestamp" : { "t" : 1643709906, "i" : 2 } }, "signature" : { "hash" : { "$binary" : { "base64" : "doap0Ay31RF9bvg+3WF5K2e6NnY=", "subType" : "00" } }, "keyId" : 7020870953009676292 } } }' with request id 104 to database admin on connection [connectionId{localValue:2, serverValue:10396}] to server mfilx-shard-00-01.v2wzx.mongodb.net:27017
15:35:01.191 [cluster-ClusterId{value='61f905bbcc4ddf3004d17938', description='null'}-mfilx-shard-00-02.v2wzx.mongodb.net:27017] DEBUG org.mongodb.driver.protocol.command - Execution of command with request id 90 completed successfully in 39.05 ms on connection [connectionId{localValue:12, serverValue:11816}] to server mfilx-shard-00-02.v2wzx.mongodb.net:27017
15:35:01.192 [cluster-ClusterId{value='61f905bbcc4ddf3004d17938', description='null'}-mfilx-shard-00-02.v2wzx.mongodb.net:27017] INFO org.mongodb.driver.cluster - Monitor thread successfully connected to server with description ServerDescription{address=mfilx-shard-00-02.v2wzx.mongodb.net:27017, type=REPLICA_SET_PRIMARY, state=CONNECTED, ok=true, version=ServerVersion{versionList=[4, 4, 12]}, minWireVersion=0, maxWireVersion=9, maxDocumentSize=16777216, logicalSessionTimeoutMinutes=30, roundTripTimeNanos=199053840, setName='atlas-csjqm5-shard-0', canonicalAddress=mfilx-shard-00-02.v2wzx.mongodb.net:27017, hosts=[mfilx-shard-00-00.v2wzx.mongodb.net:27017, mfilx-shard-00-01.v2wzx.mongodb.net:27017, mfilx-shard-00-02.v2wzx.mongodb.net:27017], passives=[], arbiters=[], primary='mfilx-shard-00-02.v2wzx.mongodb.net:27017', tagSet=TagSet{[Tag{name='provider', value='AWS'}, Tag{name='nodeType', value='ELECTABLE'}, Tag{name='workloadType', value='OPERATIONAL'}, Tag{name='region', value='AP_SOUTH_1'}]}, electionId=7fffffff0000000000000052, setVersion=5, lastWriteDate=Tue Feb 01 15:35:06 IST 2022, lastUpdateTimeNanos=246749479600100}
15:35:01.192 [cluster-ClusterId{value='61f905bbcc4ddf3004d17938', description='null'}-mfilx-shard-00-02.v2wzx.mongodb.net:27017] DEBUG org.mongodb.driver.cluster - Updating cluster description to  {type=REPLICA_SET, servers=[{address=mfilx-shard-00-01.v2wzx.mongodb.net:27017, type=REPLICA_SET_SECONDARY, TagSet{[Tag{name='workloadType', value='OPERATIONAL'}, Tag{name='provider', value='AWS'}, Tag{name='region', value='AP_SOUTH_1'}, Tag{name='nodeType', value='ELECTABLE'}]}, roundTripTime=200.2 ms, state=CONNECTED}, {address=mfilx-shard-00-02.v2wzx.mongodb.net:27017, type=REPLICA_SET_PRIMARY, TagSet{[Tag{name='provider', value='AWS'}, Tag{name='nodeType', value='ELECTABLE'}, Tag{name='workloadType', value='OPERATIONAL'}, Tag{name='region', value='AP_SOUTH_1'}]}, roundTripTime=199.1 ms, state=CONNECTED}, {address=mfilx-shard-00-00.v2wzx.mongodb.net:27017, type=REPLICA_SET_SECONDARY, TagSet{[Tag{name='region', value='AP_SOUTH_1'}, Tag{name='nodeType', value='ELECTABLE'}, Tag{name='workloadType', value='OPERATIONAL'}, Tag{name='provider', value='AWS'}]}, roundTripTime=226.2 ms, state=CONNECTED}]
15:35:01.193 [cluster-ClusterId{value='61f905bbcc4ddf3004d1793a', description='null'}-mfilx-shard-00-02.v2wzx.mongodb.net:27017] DEBUG org.mongodb.driver.protocol.command - Sending command '{ "ismaster" : 1, "$db" : "admin", "$clusterTime" : { "clusterTime" : { "$timestamp" : { "t" : 1643709896, "i" : 5 } }, "signature" : { "hash" : { "$binary" : { "base64" : "NJNqiwmFS+Yv6xjA1ouGSU7Cqdk=", "subType" : "00" } }, "keyId" : 7020870953009676292 } } }' with request id 102 to database admin on connection [connectionId{localValue:18, serverValue:11816}] to server mfilx-shard-00-02.v2wzx.mongodb.net:27017
15:35:01.197 [cluster-ClusterId{value='61f905bbcc4ddf3004d17938', description='null'}-mfilx-shard-00-01.v2wzx.mongodb.net:27017] DEBUG org.mongodb.driver.protocol.command - Execution of command with request id 92 completed successfully in 44.07 ms on connection [connectionId{localValue:11, serverValue:10396}] to server mfilx-shard-00-01.v2wzx.mongodb.net:27017
15:35:01.197 [cluster-ClusterId{value='61f905bbcc4ddf3004d17938', description='null'}-mfilx-shard-00-01.v2wzx.mongodb.net:27017] INFO org.mongodb.driver.cluster - Monitor thread successfully connected to server with description ServerDescription{address=mfilx-shard-00-01.v2wzx.mongodb.net:27017, type=REPLICA_SET_SECONDARY, state=CONNECTED, ok=true, version=ServerVersion{versionList=[4, 4, 12]}, minWireVersion=0, maxWireVersion=9, maxDocumentSize=16777216, logicalSessionTimeoutMinutes=30, roundTripTimeNanos=169138880, setName='atlas-csjqm5-shard-0', canonicalAddress=mfilx-shard-00-01.v2wzx.mongodb.net:27017, hosts=[mfilx-shard-00-00.v2wzx.mongodb.net:27017, mfilx-shard-00-01.v2wzx.mongodb.net:27017, mfilx-shard-00-02.v2wzx.mongodb.net:27017], passives=[], arbiters=[], primary='mfilx-shard-00-02.v2wzx.mongodb.net:27017', tagSet=TagSet{[Tag{name='nodeType', value='ELECTABLE'}, Tag{name='workloadType', value='OPERATIONAL'}, Tag{name='region', value='AP_SOUTH_1'}, Tag{name='provider', value='AWS'}]}, electionId=null, setVersion=5, lastWriteDate=Tue Feb 01 15:35:06 IST 2022, lastUpdateTimeNanos=246749485213900}
15:35:01.198 [cluster-ClusterId{value='61f905bbcc4ddf3004d17938', description='null'}-mfilx-shard-00-01.v2wzx.mongodb.net:27017] DEBUG org.mongodb.driver.cluster - Updating cluster description to  {type=REPLICA_SET, servers=[{address=mfilx-shard-00-01.v2wzx.mongodb.net:27017, type=REPLICA_SET_SECONDARY, TagSet{[Tag{name='nodeType', value='ELECTABLE'}, Tag{name='workloadType', value='OPERATIONAL'}, Tag{name='region', value='AP_SOUTH_1'}, Tag{name='provider', value='AWS'}]}, roundTripTime=169.1 ms, state=CONNECTED}, {address=mfilx-shard-00-02.v2wzx.mongodb.net:27017, type=REPLICA_SET_PRIMARY, TagSet{[Tag{name='provider', value='AWS'}, Tag{name='nodeType', value='ELECTABLE'}, Tag{name='workloadType', value='OPERATIONAL'}, Tag{name='region', value='AP_SOUTH_1'}]}, roundTripTime=199.1 ms, state=CONNECTED}, {address=mfilx-shard-00-00.v2wzx.mongodb.net:27017, type=REPLICA_SET_SECONDARY, TagSet{[Tag{name='region', value='AP_SOUTH_1'}, Tag{name='nodeType', value='ELECTABLE'}, Tag{name='workloadType', value='OPERATIONAL'}, Tag{name='provider', value='AWS'}]}, roundTripTime=226.2 ms, state=CONNECTED}]
15:35:01.199 [cluster-ClusterId{value='61f905bbcc4ddf3004d17937', description='null'}-mfilx-shard-00-02.v2wzx.mongodb.net:27017] DEBUG org.mongodb.driver.protocol.command - Execution of command with request id 94 completed successfully in 34.14 ms on connection [connectionId{localValue:9, serverValue:11816}] to server mfilx-shard-00-02.v2wzx.mongodb.net:27017
15:35:01.200 [cluster-ClusterId{value='61f905bbcc4ddf3004d17937', description='null'}-mfilx-shard-00-02.v2wzx.mongodb.net:27017] INFO org.mongodb.driver.cluster - Monitor thread successfully connected to server with description ServerDescription{address=mfilx-shard-00-02.v2wzx.mongodb.net:27017, type=REPLICA_SET_PRIMARY, state=CONNECTED, ok=true, version=ServerVersion{versionList=[4, 4, 12]}, minWireVersion=0, maxWireVersion=9, maxDocumentSize=16777216, logicalSessionTimeoutMinutes=30, roundTripTimeNanos=210431600, setName='atlas-csjqm5-shard-0', canonicalAddress=mfilx-shard-00-02.v2wzx.mongodb.net:27017, hosts=[mfilx-shard-00-00.v2wzx.mongodb.net:27017, mfilx-shard-00-01.v2wzx.mongodb.net:27017, mfilx-shard-00-02.v2wzx.mongodb.net:27017], passives=[], arbiters=[], primary='mfilx-shard-00-02.v2wzx.mongodb.net:27017', tagSet=TagSet{[Tag{name='provider', value='AWS'}, Tag{name='nodeType', value='ELECTABLE'}, Tag{name='workloadType', value='OPERATIONAL'}, Tag{name='region', value='AP_SOUTH_1'}]}, electionId=7fffffff0000000000000052, setVersion=5, lastWriteDate=Tue Feb 01 15:35:06 IST 2022, lastUpdateTimeNanos=246749487362200}
15:35:01.200 [cluster-ClusterId{value='61f905bbcc4ddf3004d17939', description='null'}-mfilx-shard-00-02.v2wzx.mongodb.net:27017] DEBUG org.mongodb.driver.protocol.command - Execution of command with request id 95 completed successfully in 33.84 ms on connection [connectionId{localValue:15, serverValue:11816}] to server mfilx-shard-00-02.v2wzx.mongodb.net:27017
15:35:01.200 [cluster-ClusterId{value='61f905bbcc4ddf3004d17937', description='null'}-mfilx-shard-00-02.v2wzx.mongodb.net:27017] DEBUG org.mongodb.driver.cluster - Updating cluster description to  {type=REPLICA_SET, servers=[{address=mfilx-shard-00-01.v2wzx.mongodb.net:27017, type=REPLICA_SET_SECONDARY, TagSet{[Tag{name='nodeType', value='ELECTABLE'}, Tag{name='workloadType', value='OPERATIONAL'}, Tag{name='region', value='AP_SOUTH_1'}, Tag{name='provider', value='AWS'}]}, roundTripTime=156.8 ms, state=CONNECTED}, {address=mfilx-shard-00-02.v2wzx.mongodb.net:27017, type=REPLICA_SET_PRIMARY, TagSet{[Tag{name='provider', value='AWS'}, Tag{name='nodeType', value='ELECTABLE'}, Tag{name='workloadType', value='OPERATIONAL'}, Tag{name='region', value='AP_SOUTH_1'}]}, roundTripTime=210.4 ms, state=CONNECTED}, {address=mfilx-shard-00-00.v2wzx.mongodb.net:27017, type=REPLICA_SET_SECONDARY, TagSet{[Tag{name='region', value='AP_SOUTH_1'}, Tag{name='nodeType', value='ELECTABLE'}, Tag{name='workloadType', value='OPERATIONAL'}, Tag{name='provider', value='AWS'}]}, roundTripTime=239.5 ms, state=CONNECTED}]
15:35:01.200 [cluster-ClusterId{value='61f905bbcc4ddf3004d17939', description='null'}-mfilx-shard-00-02.v2wzx.mongodb.net:27017] INFO org.mongodb.driver.cluster - Monitor thread successfully connected to server with description ServerDescription{address=mfilx-shard-00-02.v2wzx.mongodb.net:27017, type=REPLICA_SET_PRIMARY, state=CONNECTED, ok=true, version=ServerVersion{versionList=[4, 4, 12]}, minWireVersion=0, maxWireVersion=9, maxDocumentSize=16777216, logicalSessionTimeoutMinutes=30, roundTripTimeNanos=171782780, setName='atlas-csjqm5-shard-0', canonicalAddress=mfilx-shard-00-02.v2wzx.mongodb.net:27017, hosts=[mfilx-shard-00-00.v2wzx.mongodb.net:27017, mfilx-shard-00-01.v2wzx.mongodb.net:27017, mfilx-shard-00-02.v2wzx.mongodb.net:27017], passives=[], arbiters=[], primary='mfilx-shard-00-02.v2wzx.mongodb.net:27017', tagSet=TagSet{[Tag{name='provider', value='AWS'}, Tag{name='nodeType', value='ELECTABLE'}, Tag{name='workloadType', value='OPERATIONAL'}, Tag{name='region', value='AP_SOUTH_1'}]}, electionId=7fffffff0000000000000052, setVersion=5, lastWriteDate=Tue Feb 01 15:35:06 IST 2022, lastUpdateTimeNanos=246749488075400}
15:35:01.201 [cluster-ClusterId{value='61f905bbcc4ddf3004d17939', description='null'}-mfilx-shard-00-02.v2wzx.mongodb.net:27017] DEBUG org.mongodb.driver.cluster - Updating cluster description to  {type=REPLICA_SET, servers=[{address=mfilx-shard-00-01.v2wzx.mongodb.net:27017, type=REPLICA_SET_SECONDARY, TagSet{[Tag{name='workloadType', value='OPERATIONAL'}, Tag{name='provider', value='AWS'}, Tag{name='region', value='AP_SOUTH_1'}, Tag{name='nodeType', value='ELECTABLE'}]}, roundTripTime=254.4 ms, state=CONNECTED}, {address=mfilx-shard-00-02.v2wzx.mongodb.net:27017, type=REPLICA_SET_PRIMARY, TagSet{[Tag{name='provider', value='AWS'}, Tag{name='nodeType', value='ELECTABLE'}, Tag{name='workloadType', value='OPERATIONAL'}, Tag{name='region', value='AP_SOUTH_1'}]}, roundTripTime=171.8 ms, state=CONNECTED}, {address=mfilx-shard-00-00.v2wzx.mongodb.net:27017, type=REPLICA_SET_SECONDARY, TagSet{[Tag{name='region', value='AP_SOUTH_1'}, Tag{name='nodeType', value='ELECTABLE'}, Tag{name='workloadType', value='OPERATIONAL'}, Tag{name='provider', value='AWS'}]}, roundTripTime=182.3 ms, state=CONNECTED}]
15:35:01.202 [cluster-ClusterId{value='61f905bbcc4ddf3004d17936', description='null'}-mfilx-shard-00-02.v2wzx.mongodb.net:27017] DEBUG org.mongodb.driver.protocol.command - Execution of command with request id 98 completed successfully in 34.47 ms on connection [connectionId{localValue:6, serverValue:11816}] to server mfilx-shard-00-02.v2wzx.mongodb.net:27017
15:35:01.203 [cluster-ClusterId{value='61f905bbcc4ddf3004d17936', description='null'}-mfilx-shard-00-02.v2wzx.mongodb.net:27017] INFO org.mongodb.driver.cluster - Monitor thread successfully connected to server with description ServerDescription{address=mfilx-shard-00-02.v2wzx.mongodb.net:27017, type=REPLICA_SET_PRIMARY, state=CONNECTED, ok=true, version=ServerVersion{versionList=[4, 4, 12]}, minWireVersion=0, maxWireVersion=9, maxDocumentSize=16777216, logicalSessionTimeoutMinutes=30, roundTripTimeNanos=148953820, setName='atlas-csjqm5-shard-0', canonicalAddress=mfilx-shard-00-02.v2wzx.mongodb.net:27017, hosts=[mfilx-shard-00-00.v2wzx.mongodb.net:27017, mfilx-shard-00-01.v2wzx.mongodb.net:27017, mfilx-shard-00-02.v2wzx.mongodb.net:27017], passives=[], arbiters=[], primary='mfilx-shard-00-02.v2wzx.mongodb.net:27017', tagSet=TagSet{[Tag{name='provider', value='AWS'}, Tag{name='nodeType', value='ELECTABLE'}, Tag{name='workloadType', value='OPERATIONAL'}, Tag{name='region', value='AP_SOUTH_1'}]}, electionId=7fffffff0000000000000052, setVersion=5, lastWriteDate=Tue Feb 01 15:35:06 IST 2022, lastUpdateTimeNanos=246749490342300}
15:35:01.203 [cluster-ClusterId{value='61f905bbcc4ddf3004d17936', description='null'}-mfilx-shard-00-02.v2wzx.mongodb.net:27017] DEBUG org.mongodb.driver.cluster - Updating cluster description to  {type=REPLICA_SET, servers=[{address=mfilx-shard-00-01.v2wzx.mongodb.net:27017, type=REPLICA_SET_SECONDARY, TagSet{[Tag{name='workloadType', value='OPERATIONAL'}, Tag{name='provider', value='AWS'}, Tag{name='region', value='AP_SOUTH_1'}, Tag{name='nodeType', value='ELECTABLE'}]}, roundTripTime=201.6 ms, state=CONNECTED}, {address=mfilx-shard-00-02.v2wzx.mongodb.net:27017, type=REPLICA_SET_PRIMARY, TagSet{[Tag{name='provider', value='AWS'}, Tag{name='nodeType', value='ELECTABLE'}, Tag{name='workloadType', value='OPERATIONAL'}, Tag{name='region', value='AP_SOUTH_1'}]}, roundTripTime=149.0 ms, state=CONNECTED}, {address=mfilx-shard-00-00.v2wzx.mongodb.net:27017, type=REPLICA_SET_SECONDARY, TagSet{[Tag{name='nodeType', value='ELECTABLE'}, Tag{name='region', value='AP_SOUTH_1'}, Tag{name='provider', value='AWS'}, Tag{name='workloadType', value='OPERATIONAL'}]}, roundTripTime=173.0 ms, state=CONNECTED}]
15:35:01.203 [cluster-ClusterId{value='61f905bbcc4ddf3004d17938', description='null'}-mfilx-shard-00-00.v2wzx.mongodb.net:27017] DEBUG org.mongodb.driver.protocol.command - Execution of command with request id 91 completed successfully in 51.88 ms on connection [connectionId{localValue:10, serverValue:11267}] to server mfilx-shard-00-00.v2wzx.mongodb.net:27017
15:35:01.204 [cluster-ClusterId{value='61f905bbcc4ddf3004d17939', description='null'}-mfilx-shard-00-00.v2wzx.mongodb.net:27017] DEBUG org.mongodb.driver.protocol.command - Execution of command with request id 93 completed successfully in 40.17 ms on connection [connectionId{localValue:13, serverValue:11267}] to server mfilx-shard-00-00.v2wzx.mongodb.net:27017
15:35:01.204 [cluster-ClusterId{value='61f905bbcc4ddf3004d17938', description='null'}-mfilx-shard-00-00.v2wzx.mongodb.net:27017] INFO org.mongodb.driver.cluster - Monitor thread successfully connected to server with description ServerDescription{address=mfilx-shard-00-00.v2wzx.mongodb.net:27017, type=REPLICA_SET_SECONDARY, state=CONNECTED, ok=true, version=ServerVersion{versionList=[4, 4, 12]}, minWireVersion=0, maxWireVersion=9, maxDocumentSize=16777216, logicalSessionTimeoutMinutes=30, roundTripTimeNanos=191393800, setName='atlas-csjqm5-shard-0', canonicalAddress=mfilx-shard-00-00.v2wzx.mongodb.net:27017, hosts=[mfilx-shard-00-00.v2wzx.mongodb.net:27017, mfilx-shard-00-01.v2wzx.mongodb.net:27017, mfilx-shard-00-02.v2wzx.mongodb.net:27017], passives=[], arbiters=[], primary='mfilx-shard-00-02.v2wzx.mongodb.net:27017', tagSet=TagSet{[Tag{name='workloadType', value='OPERATIONAL'}, Tag{name='provider', value='AWS'}, Tag{name='region', value='AP_SOUTH_1'}, Tag{name='nodeType', value='ELECTABLE'}]}, electionId=null, setVersion=5, lastWriteDate=Tue Feb 01 15:35:06 IST 2022, lastUpdateTimeNanos=246749491706200}
15:35:01.204 [cluster-ClusterId{value='61f905bbcc4ddf3004d17938', description='null'}-mfilx-shard-00-00.v2wzx.mongodb.net:27017] DEBUG org.mongodb.driver.cluster - Updating cluster description to  {type=REPLICA_SET, servers=[{address=mfilx-shard-00-01.v2wzx.mongodb.net:27017, type=REPLICA_SET_SECONDARY, TagSet{[Tag{name='nodeType', value='ELECTABLE'}, Tag{name='workloadType', value='OPERATIONAL'}, Tag{name='region', value='AP_SOUTH_1'}, Tag{name='provider', value='AWS'}]}, roundTripTime=169.1 ms, state=CONNECTED}, {address=mfilx-shard-00-02.v2wzx.mongodb.net:27017, type=REPLICA_SET_PRIMARY, TagSet{[Tag{name='provider', value='AWS'}, Tag{name='nodeType', value='ELECTABLE'}, Tag{name='workloadType', value='OPERATIONAL'}, Tag{name='region', value='AP_SOUTH_1'}]}, roundTripTime=199.1 ms, state=CONNECTED}, {address=mfilx-shard-00-00.v2wzx.mongodb.net:27017, type=REPLICA_SET_SECONDARY, TagSet{[Tag{name='workloadType', value='OPERATIONAL'}, Tag{name='provider', value='AWS'}, Tag{name='region', value='AP_SOUTH_1'}, Tag{name='nodeType', value='ELECTABLE'}]}, roundTripTime=191.4 ms, state=CONNECTED}]
15:35:01.204 [cluster-ClusterId{value='61f905bbcc4ddf3004d17939', description='null'}-mfilx-shard-00-00.v2wzx.mongodb.net:27017] INFO org.mongodb.driver.cluster - Monitor thread successfully connected to server with description ServerDescription{address=mfilx-shard-00-00.v2wzx.mongodb.net:27017, type=REPLICA_SET_SECONDARY, state=CONNECTED, ok=true, version=ServerVersion{versionList=[4, 4, 12]}, minWireVersion=0, maxWireVersion=9, maxDocumentSize=16777216, logicalSessionTimeoutMinutes=30, roundTripTimeNanos=153979760, setName='atlas-csjqm5-shard-0', canonicalAddress=mfilx-shard-00-00.v2wzx.mongodb.net:27017, hosts=[mfilx-shard-00-00.v2wzx.mongodb.net:27017, mfilx-shard-00-01.v2wzx.mongodb.net:27017, mfilx-shard-00-02.v2wzx.mongodb.net:27017], passives=[], arbiters=[], primary='mfilx-shard-00-02.v2wzx.mongodb.net:27017', tagSet=TagSet{[Tag{name='workloadType', value='OPERATIONAL'}, Tag{name='provider', value='AWS'}, Tag{name='region', value='AP_SOUTH_1'}, Tag{name='nodeType', value='ELECTABLE'}]}, electionId=null, setVersion=5, lastWriteDate=Tue Feb 01 15:35:06 IST 2022, lastUpdateTimeNanos=246749492097300}
15:35:01.205 [cluster-ClusterId{value='61f905bbcc4ddf3004d17939', description='null'}-mfilx-shard-00-00.v2wzx.mongodb.net:27017] DEBUG org.mongodb.driver.cluster - Updating cluster description to  {type=REPLICA_SET, servers=[{address=mfilx-shard-00-01.v2wzx.mongodb.net:27017, type=REPLICA_SET_SECONDARY, TagSet{[Tag{name='workloadType', value='OPERATIONAL'}, Tag{name='provider', value='AWS'}, Tag{name='region', value='AP_SOUTH_1'}, Tag{name='nodeType', value='ELECTABLE'}]}, roundTripTime=254.4 ms, state=CONNECTED}, {address=mfilx-shard-00-02.v2wzx.mongodb.net:27017, type=REPLICA_SET_PRIMARY, TagSet{[Tag{name='provider', value='AWS'}, Tag{name='nodeType', value='ELECTABLE'}, Tag{name='workloadType', value='OPERATIONAL'}, Tag{name='region', value='AP_SOUTH_1'}]}, roundTripTime=171.8 ms, state=CONNECTED}, {address=mfilx-shard-00-00.v2wzx.mongodb.net:27017, type=REPLICA_SET_SECONDARY, TagSet{[Tag{name='workloadType', value='OPERATIONAL'}, Tag{name='provider', value='AWS'}, Tag{name='region', value='AP_SOUTH_1'}, Tag{name='nodeType', value='ELECTABLE'}]}, roundTripTime=154.0 ms, state=CONNECTED}]
15:35:01.205 [cluster-ClusterId{value='61f905bbcc4ddf3004d17939', description='null'}-mfilx-shard-00-01.v2wzx.mongodb.net:27017] DEBUG org.mongodb.driver.protocol.command - Execution of command with request id 99 completed successfully in 34.41 ms on connection [connectionId{localValue:14, serverValue:10396}] to server mfilx-shard-00-01.v2wzx.mongodb.net:27017
15:35:01.205 [cluster-ClusterId{value='61f905bbcc4ddf3004d17939', description='null'}-mfilx-shard-00-01.v2wzx.mongodb.net:27017] INFO org.mongodb.driver.cluster - Monitor thread successfully connected to server with description ServerDescription{address=mfilx-shard-00-01.v2wzx.mongodb.net:27017, type=REPLICA_SET_SECONDARY, state=CONNECTED, ok=true, version=ServerVersion{versionList=[4, 4, 12]}, minWireVersion=0, maxWireVersion=9, maxDocumentSize=16777216, logicalSessionTimeoutMinutes=30, roundTripTimeNanos=210466460, setName='atlas-csjqm5-shard-0', canonicalAddress=mfilx-shard-00-01.v2wzx.mongodb.net:27017, hosts=[mfilx-shard-00-00.v2wzx.mongodb.net:27017, mfilx-shard-00-01.v2wzx.mongodb.net:27017, mfilx-shard-00-02.v2wzx.mongodb.net:27017], passives=[], arbiters=[], primary='mfilx-shard-00-02.v2wzx.mongodb.net:27017', tagSet=TagSet{[Tag{name='nodeType', value='ELECTABLE'}, Tag{name='workloadType', value='OPERATIONAL'}, Tag{name='region', value='AP_SOUTH_1'}, Tag{name='provider', value='AWS'}]}, electionId=null, setVersion=5, lastWriteDate=Tue Feb 01 15:35:06 IST 2022, lastUpdateTimeNanos=246749493042800}
15:35:01.206 [cluster-ClusterId{value='61f905bbcc4ddf3004d17939', description='null'}-mfilx-shard-00-01.v2wzx.mongodb.net:27017] DEBUG org.mongodb.driver.cluster - Updating cluster description to  {type=REPLICA_SET, servers=[{address=mfilx-shard-00-01.v2wzx.mongodb.net:27017, type=REPLICA_SET_SECONDARY, TagSet{[Tag{name='nodeType', value='ELECTABLE'}, Tag{name='workloadType', value='OPERATIONAL'}, Tag{name='region', value='AP_SOUTH_1'}, Tag{name='provider', value='AWS'}]}, roundTripTime=210.5 ms, state=CONNECTED}, {address=mfilx-shard-00-02.v2wzx.mongodb.net:27017, type=REPLICA_SET_PRIMARY, TagSet{[Tag{name='provider', value='AWS'}, Tag{name='nodeType', value='ELECTABLE'}, Tag{name='workloadType', value='OPERATIONAL'}, Tag{name='region', value='AP_SOUTH_1'}]}, roundTripTime=171.8 ms, state=CONNECTED}, {address=mfilx-shard-00-00.v2wzx.mongodb.net:27017, type=REPLICA_SET_SECONDARY, TagSet{[Tag{name='workloadType', value='OPERATIONAL'}, Tag{name='provider', value='AWS'}, Tag{name='region', value='AP_SOUTH_1'}, Tag{name='nodeType', value='ELECTABLE'}]}, roundTripTime=154.0 ms, state=CONNECTED}]
15:35:01.207 [cluster-ClusterId{value='61f905bbcc4ddf3004d1793b', description='null'}-mfilx-shard-00-02.v2wzx.mongodb.net:27017] DEBUG org.mongodb.driver.protocol.command - Execution of command with request id 97 completed successfully in 39.60 ms on connection [connectionId{localValue:21, serverValue:11816}] to server mfilx-shard-00-02.v2wzx.mongodb.net:27017
15:35:01.208 [cluster-ClusterId{value='61f905bbcc4ddf3004d1793b', description='null'}-mfilx-shard-00-02.v2wzx.mongodb.net:27017] INFO org.mongodb.driver.cluster - Monitor thread successfully connected to server with description ServerDescription{address=mfilx-shard-00-02.v2wzx.mongodb.net:27017, type=REPLICA_SET_PRIMARY, state=CONNECTED, ok=true, version=ServerVersion{versionList=[4, 4, 12]}, minWireVersion=0, maxWireVersion=9, maxDocumentSize=16777216, logicalSessionTimeoutMinutes=30, roundTripTimeNanos=151645540, setName='atlas-csjqm5-shard-0', canonicalAddress=mfilx-shard-00-02.v2wzx.mongodb.net:27017, hosts=[mfilx-shard-00-00.v2wzx.mongodb.net:27017, mfilx-shard-00-01.v2wzx.mongodb.net:27017, mfilx-shard-00-02.v2wzx.mongodb.net:27017], passives=[], arbiters=[], primary='mfilx-shard-00-02.v2wzx.mongodb.net:27017', tagSet=TagSet{[Tag{name='nodeType', value='ELECTABLE'}, Tag{name='region', value='AP_SOUTH_1'}, Tag{name='provider', value='AWS'}, Tag{name='workloadType', value='OPERATIONAL'}]}, electionId=7fffffff0000000000000052, setVersion=5, lastWriteDate=Tue Feb 01 15:35:06 IST 2022, lastUpdateTimeNanos=246749495392100}
15:35:01.208 [cluster-ClusterId{value='61f905bbcc4ddf3004d1793b', description='null'}-mfilx-shard-00-02.v2wzx.mongodb.net:27017] DEBUG org.mongodb.driver.cluster - Updating cluster description to  {type=REPLICA_SET, servers=[{address=mfilx-shard-00-01.v2wzx.mongodb.net:27017, type=REPLICA_SET_SECONDARY, TagSet{[Tag{name='nodeType', value='ELECTABLE'}, Tag{name='workloadType', value='OPERATIONAL'}, Tag{name='region', value='AP_SOUTH_1'}, Tag{name='provider', value='AWS'}]}, roundTripTime=205.1 ms, state=CONNECTED}, {address=mfilx-shard-00-02.v2wzx.mongodb.net:27017, type=REPLICA_SET_PRIMARY, TagSet{[Tag{name='nodeType', value='ELECTABLE'}, Tag{name='region', value='AP_SOUTH_1'}, Tag{name='provider', value='AWS'}, Tag{name='workloadType', value='OPERATIONAL'}]}, roundTripTime=151.6 ms, state=CONNECTED}, {address=mfilx-shard-00-00.v2wzx.mongodb.net:27017, type=REPLICA_SET_SECONDARY, TagSet{[Tag{name='workloadType', value='OPERATIONAL'}, Tag{name='provider', value='AWS'}, Tag{name='region', value='AP_SOUTH_1'}, Tag{name='nodeType', value='ELECTABLE'}]}, roundTripTime=211.5 ms, state=CONNECTED}]
15:35:01.209 [cluster-ClusterId{value='61f905bbcc4ddf3004d1793a', description='null'}-mfilx-shard-00-00.v2wzx.mongodb.net:27017] DEBUG org.mongodb.driver.protocol.command - Execution of command with request id 96 completed successfully in 42.59 ms on connection [connectionId{localValue:16, serverValue:11267}] to server mfilx-shard-00-00.v2wzx.mongodb.net:27017
15:35:01.210 [cluster-ClusterId{value='61f905bbcc4ddf3004d1793a', description='null'}-mfilx-shard-00-00.v2wzx.mongodb.net:27017] INFO org.mongodb.driver.cluster - Monitor thread successfully connected to server with description ServerDescription{address=mfilx-shard-00-00.v2wzx.mongodb.net:27017, type=REPLICA_SET_SECONDARY, state=CONNECTED, ok=true, version=ServerVersion{versionList=[4, 4, 12]}, minWireVersion=0, maxWireVersion=9, maxDocumentSize=16777216, logicalSessionTimeoutMinutes=30, roundTripTimeNanos=184628840, setName='atlas-csjqm5-shard-0', canonicalAddress=mfilx-shard-00-00.v2wzx.mongodb.net:27017, hosts=[mfilx-shard-00-00.v2wzx.mongodb.net:27017, mfilx-shard-00-01.v2wzx.mongodb.net:27017, mfilx-shard-00-02.v2wzx.mongodb.net:27017], passives=[], arbiters=[], primary='mfilx-shard-00-02.v2wzx.mongodb.net:27017', tagSet=TagSet{[Tag{name='workloadType', value='OPERATIONAL'}, Tag{name='provider', value='AWS'}, Tag{name='region', value='AP_SOUTH_1'}, Tag{name='nodeType', value='ELECTABLE'}]}, electionId=null, setVersion=5, lastWriteDate=Tue Feb 01 15:35:06 IST 2022, lastUpdateTimeNanos=246749497425600}
15:35:01.210 [cluster-ClusterId{value='61f905bbcc4ddf3004d1793a', description='null'}-mfilx-shard-00-00.v2wzx.mongodb.net:27017] DEBUG org.mongodb.driver.cluster - Updating cluster description to  {type=REPLICA_SET, servers=[{address=mfilx-shard-00-01.v2wzx.mongodb.net:27017, type=REPLICA_SET_SECONDARY, TagSet{[Tag{name='workloadType', value='OPERATIONAL'}, Tag{name='provider', value='AWS'}, Tag{name='region', value='AP_SOUTH_1'}, Tag{name='nodeType', value='ELECTABLE'}]}, roundTripTime=238.5 ms, state=CONNECTED}, {address=mfilx-shard-00-02.v2wzx.mongodb.net:27017, type=REPLICA_SET_PRIMARY, TagSet{[Tag{name='workloadType', value='OPERATIONAL'}, Tag{name='nodeType', value='ELECTABLE'}, Tag{name='provider', value='AWS'}, Tag{name='region', value='AP_SOUTH_1'}]}, roundTripTime=162.8 ms, state=CONNECTED}, {address=mfilx-shard-00-00.v2wzx.mongodb.net:27017, type=REPLICA_SET_SECONDARY, TagSet{[Tag{name='workloadType', value='OPERATIONAL'}, Tag{name='provider', value='AWS'}, Tag{name='region', value='AP_SOUTH_1'}, Tag{name='nodeType', value='ELECTABLE'}]}, roundTripTime=184.6 ms, state=CONNECTED}]
15:35:01.211 [cluster-ClusterId{value='61f905bbcc4ddf3004d1793a', description='null'}-mfilx-shard-00-01.v2wzx.mongodb.net:27017] DEBUG org.mongodb.driver.protocol.command - Execution of command with request id 101 completed successfully in 34.60 ms on connection [connectionId{localValue:17, serverValue:10396}] to server mfilx-shard-00-01.v2wzx.mongodb.net:27017
15:35:01.211 [cluster-ClusterId{value='61f905bbcc4ddf3004d1793a', description='null'}-mfilx-shard-00-01.v2wzx.mongodb.net:27017] INFO org.mongodb.driver.cluster - Monitor thread successfully connected to server with description ServerDescription{address=mfilx-shard-00-01.v2wzx.mongodb.net:27017, type=REPLICA_SET_SECONDARY, state=CONNECTED, ok=true, version=ServerVersion{versionList=[4, 4, 12]}, minWireVersion=0, maxWireVersion=9, maxDocumentSize=16777216, logicalSessionTimeoutMinutes=30, roundTripTimeNanos=197815360, setName='atlas-csjqm5-shard-0', canonicalAddress=mfilx-shard-00-01.v2wzx.mongodb.net:27017, hosts=[mfilx-shard-00-00.v2wzx.mongodb.net:27017, mfilx-shard-00-01.v2wzx.mongodb.net:27017, mfilx-shard-00-02.v2wzx.mongodb.net:27017], passives=[], arbiters=[], primary='mfilx-shard-00-02.v2wzx.mongodb.net:27017', tagSet=TagSet{[Tag{name='nodeType', value='ELECTABLE'}, Tag{name='workloadType', value='OPERATIONAL'}, Tag{name='region', value='AP_SOUTH_1'}, Tag{name='provider', value='AWS'}]}, electionId=null, setVersion=5, lastWriteDate=Tue Feb 01 15:35:06 IST 2022, lastUpdateTimeNanos=246749498921100}
15:35:01.211 [cluster-ClusterId{value='61f905bbcc4ddf3004d1793a', description='null'}-mfilx-shard-00-01.v2wzx.mongodb.net:27017] DEBUG org.mongodb.driver.cluster - Updating cluster description to  {type=REPLICA_SET, servers=[{address=mfilx-shard-00-01.v2wzx.mongodb.net:27017, type=REPLICA_SET_SECONDARY, TagSet{[Tag{name='nodeType', value='ELECTABLE'}, Tag{name='workloadType', value='OPERATIONAL'}, Tag{name='region', value='AP_SOUTH_1'}, Tag{name='provider', value='AWS'}]}, roundTripTime=197.8 ms, state=CONNECTED}, {address=mfilx-shard-00-02.v2wzx.mongodb.net:27017, type=REPLICA_SET_PRIMARY, TagSet{[Tag{name='workloadType', value='OPERATIONAL'}, Tag{name='nodeType', value='ELECTABLE'}, Tag{name='provider', value='AWS'}, Tag{name='region', value='AP_SOUTH_1'}]}, roundTripTime=162.8 ms, state=CONNECTED}, {address=mfilx-shard-00-00.v2wzx.mongodb.net:27017, type=REPLICA_SET_SECONDARY, TagSet{[Tag{name='workloadType', value='OPERATIONAL'}, Tag{name='provider', value='AWS'}, Tag{name='region', value='AP_SOUTH_1'}, Tag{name='nodeType', value='ELECTABLE'}]}, roundTripTime=184.6 ms, state=CONNECTED}]
15:35:01.213 [cluster-ClusterId{value='61f905bbcc4ddf3004d17936', description='null'}-mfilx-shard-00-01.v2wzx.mongodb.net:27017] DEBUG org.mongodb.driver.protocol.command - Execution of command with request id 100 completed successfully in 40.58 ms on connection [connectionId{localValue:5, serverValue:10396}] to server mfilx-shard-00-01.v2wzx.mongodb.net:27017
15:35:01.214 [cluster-ClusterId{value='61f905bbcc4ddf3004d17936', description='null'}-mfilx-shard-00-01.v2wzx.mongodb.net:27017] INFO org.mongodb.driver.cluster - Monitor thread successfully connected to server with description ServerDescription{address=mfilx-shard-00-01.v2wzx.mongodb.net:27017, type=REPLICA_SET_SECONDARY, state=CONNECTED, ok=true, version=ServerVersion{versionList=[4, 4, 12]}, minWireVersion=0, maxWireVersion=9, maxDocumentSize=16777216, logicalSessionTimeoutMinutes=30, roundTripTimeNanos=169562520, setName='atlas-csjqm5-shard-0', canonicalAddress=mfilx-shard-00-01.v2wzx.mongodb.net:27017, hosts=[mfilx-shard-00-00.v2wzx.mongodb.net:27017, mfilx-shard-00-01.v2wzx.mongodb.net:27017, mfilx-shard-00-02.v2wzx.mongodb.net:27017], passives=[], arbiters=[], primary='mfilx-shard-00-02.v2wzx.mongodb.net:27017', tagSet=TagSet{[Tag{name='nodeType', value='ELECTABLE'}, Tag{name='workloadType', value='OPERATIONAL'}, Tag{name='region', value='AP_SOUTH_1'}, Tag{name='provider', value='AWS'}]}, electionId=null, setVersion=5, lastWriteDate=Tue Feb 01 15:35:06 IST 2022, lastUpdateTimeNanos=246749501696000}
15:35:01.214 [cluster-ClusterId{value='61f905bbcc4ddf3004d17936', description='null'}-mfilx-shard-00-01.v2wzx.mongodb.net:27017] DEBUG org.mongodb.driver.cluster - Updating cluster description to  {type=REPLICA_SET, servers=[{address=mfilx-shard-00-01.v2wzx.mongodb.net:27017, type=REPLICA_SET_SECONDARY, TagSet{[Tag{name='nodeType', value='ELECTABLE'}, Tag{name='workloadType', value='OPERATIONAL'}, Tag{name='region', value='AP_SOUTH_1'}, Tag{name='provider', value='AWS'}]}, roundTripTime=169.6 ms, state=CONNECTED}, {address=mfilx-shard-00-02.v2wzx.mongodb.net:27017, type=REPLICA_SET_PRIMARY, TagSet{[Tag{name='provider', value='AWS'}, Tag{name='nodeType', value='ELECTABLE'}, Tag{name='workloadType', value='OPERATIONAL'}, Tag{name='region', value='AP_SOUTH_1'}]}, roundTripTime=149.0 ms, state=CONNECTED}, {address=mfilx-shard-00-00.v2wzx.mongodb.net:27017, type=REPLICA_SET_SECONDARY, TagSet{[Tag{name='nodeType', value='ELECTABLE'}, Tag{name='region', value='AP_SOUTH_1'}, Tag{name='provider', value='AWS'}, Tag{name='workloadType', value='OPERATIONAL'}]}, roundTripTime=173.0 ms, state=CONNECTED}]
15:35:01.226 [cluster-ClusterId{value='61f905bbcc4ddf3004d17937', description='null'}-mfilx-shard-00-00.v2wzx.mongodb.net:27017] DEBUG org.mongodb.driver.protocol.command - Execution of command with request id 103 completed successfully in 43.29 ms on connection [connectionId{localValue:7, serverValue:11267}] to server mfilx-shard-00-00.v2wzx.mongodb.net:27017
15:35:01.227 [cluster-ClusterId{value='61f905bbcc4ddf3004d17937', description='null'}-mfilx-shard-00-00.v2wzx.mongodb.net:27017] INFO org.mongodb.driver.cluster - Monitor thread successfully connected to server with description ServerDescription{address=mfilx-shard-00-00.v2wzx.mongodb.net:27017, type=REPLICA_SET_SECONDARY, state=CONNECTED, ok=true, version=ServerVersion{versionList=[4, 4, 12]}, minWireVersion=0, maxWireVersion=9, maxDocumentSize=16777216, logicalSessionTimeoutMinutes=30, roundTripTimeNanos=200988920, setName='atlas-csjqm5-shard-0', canonicalAddress=mfilx-shard-00-00.v2wzx.mongodb.net:27017, hosts=[mfilx-shard-00-00.v2wzx.mongodb.net:27017, mfilx-shard-00-01.v2wzx.mongodb.net:27017, mfilx-shard-00-02.v2wzx.mongodb.net:27017], passives=[], arbiters=[], primary='mfilx-shard-00-02.v2wzx.mongodb.net:27017', tagSet=TagSet{[Tag{name='workloadType', value='OPERATIONAL'}, Tag{name='provider', value='AWS'}, Tag{name='region', value='AP_SOUTH_1'}, Tag{name='nodeType', value='ELECTABLE'}]}, electionId=null, setVersion=5, lastWriteDate=Tue Feb 01 15:35:06 IST 2022, lastUpdateTimeNanos=246749514694700}
15:35:01.227 [cluster-ClusterId{value='61f905bbcc4ddf3004d17937', description='null'}-mfilx-shard-00-00.v2wzx.mongodb.net:27017] DEBUG org.mongodb.driver.cluster - Updating cluster description to  {type=REPLICA_SET, servers=[{address=mfilx-shard-00-01.v2wzx.mongodb.net:27017, type=REPLICA_SET_SECONDARY, TagSet{[Tag{name='nodeType', value='ELECTABLE'}, Tag{name='workloadType', value='OPERATIONAL'}, Tag{name='region', value='AP_SOUTH_1'}, Tag{name='provider', value='AWS'}]}, roundTripTime=156.8 ms, state=CONNECTED}, {address=mfilx-shard-00-02.v2wzx.mongodb.net:27017, type=REPLICA_SET_PRIMARY, TagSet{[Tag{name='provider', value='AWS'}, Tag{name='nodeType', value='ELECTABLE'}, Tag{name='workloadType', value='OPERATIONAL'}, Tag{name='region', value='AP_SOUTH_1'}]}, roundTripTime=210.4 ms, state=CONNECTED}, {address=mfilx-shard-00-00.v2wzx.mongodb.net:27017, type=REPLICA_SET_SECONDARY, TagSet{[Tag{name='workloadType', value='OPERATIONAL'}, Tag{name='provider', value='AWS'}, Tag{name='region', value='AP_SOUTH_1'}, Tag{name='nodeType', value='ELECTABLE'}]}, roundTripTime=201.0 ms, state=CONNECTED}]
15:35:01.228 [cluster-ClusterId{value='61f905bbcc4ddf3004d1793a', description='null'}-mfilx-shard-00-02.v2wzx.mongodb.net:27017] DEBUG org.mongodb.driver.protocol.command - Execution of command with request id 102 completed successfully in 48.56 ms on connection [connectionId{localValue:18, serverValue:11816}] to server mfilx-shard-00-02.v2wzx.mongodb.net:27017
15:35:01.238 [cluster-ClusterId{value='61f905bbcc4ddf3004d1793a', description='null'}-mfilx-shard-00-02.v2wzx.mongodb.net:27017] DEBUG org.mongodb.driver.cluster - Updating cluster description to  {type=REPLICA_SET, servers=[{address=mfilx-shard-00-01.v2wzx.mongodb.net:27017, type=REPLICA_SET_SECONDARY, TagSet{[Tag{name='nodeType', value='ELECTABLE'}, Tag{name='workloadType', value='OPERATIONAL'}, Tag{name='region', value='AP_SOUTH_1'}, Tag{name='provider', value='AWS'}]}, roundTripTime=197.8 ms, state=CONNECTED}, {address=mfilx-shard-00-02.v2wzx.mongodb.net:27017, type=REPLICA_SET_PRIMARY, TagSet{[Tag{name='workloadType', value='OPERATIONAL'}, Tag{name='nodeType', value='ELECTABLE'}, Tag{name='provider', value='AWS'}, Tag{name='region', value='AP_SOUTH_1'}]}, roundTripTime=141.8 ms, state=CONNECTED}, {address=mfilx-shard-00-00.v2wzx.mongodb.net:27017, type=REPLICA_SET_SECONDARY, TagSet{[Tag{name='workloadType', value='OPERATIONAL'}, Tag{name='provider', value='AWS'}, Tag{name='region', value='AP_SOUTH_1'}, Tag{name='nodeType', value='ELECTABLE'}]}, roundTripTime=184.6 ms, state=CONNECTED}]
15:35:01.242 [cluster-ClusterId{value='61f905b9cc4ddf3004d17935', description='null'}-mfilx-shard-00-01.v2wzx.mongodb.net:27017] DEBUG org.mongodb.driver.protocol.command - Execution of command with request id 104 completed successfully in 52.38 ms on connection [connectionId{localValue:2, serverValue:10396}] to server mfilx-shard-00-01.v2wzx.mongodb.net:27017
15:35:01.243 [cluster-ClusterId{value='61f905b9cc4ddf3004d17935', description='null'}-mfilx-shard-00-01.v2wzx.mongodb.net:27017] INFO org.mongodb.driver.cluster - Monitor thread successfully connected to server with description ServerDescription{address=mfilx-shard-00-01.v2wzx.mongodb.net:27017, type=REPLICA_SET_SECONDARY, state=CONNECTED, ok=true, version=ServerVersion{versionList=[4, 4, 12]}, minWireVersion=0, maxWireVersion=9, maxDocumentSize=16777216, logicalSessionTimeoutMinutes=30, roundTripTimeNanos=185570680, setName='atlas-csjqm5-shard-0', canonicalAddress=mfilx-shard-00-01.v2wzx.mongodb.net:27017, hosts=[mfilx-shard-00-00.v2wzx.mongodb.net:27017, mfilx-shard-00-01.v2wzx.mongodb.net:27017, mfilx-shard-00-02.v2wzx.mongodb.net:27017], passives=[], arbiters=[], primary='mfilx-shard-00-02.v2wzx.mongodb.net:27017', tagSet=TagSet{[Tag{name='nodeType', value='ELECTABLE'}, Tag{name='workloadType', value='OPERATIONAL'}, Tag{name='region', value='AP_SOUTH_1'}, Tag{name='provider', value='AWS'}]}, electionId=null, setVersion=5, lastWriteDate=Tue Feb 01 15:35:06 IST 2022, lastUpdateTimeNanos=246749530700400}
15:35:01.243 [cluster-ClusterId{value='61f905b9cc4ddf3004d17935', description='null'}-mfilx-shard-00-01.v2wzx.mongodb.net:27017] DEBUG org.mongodb.driver.cluster - Updating cluster description to  {type=REPLICA_SET, servers=[{address=mfilx-shard-00-01.v2wzx.mongodb.net:27017, type=REPLICA_SET_SECONDARY, TagSet{[Tag{name='nodeType', value='ELECTABLE'}, Tag{name='workloadType', value='OPERATIONAL'}, Tag{name='region', value='AP_SOUTH_1'}, Tag{name='provider', value='AWS'}]}, roundTripTime=185.6 ms, state=CONNECTED}, {address=mfilx-shard-00-02.v2wzx.mongodb.net:27017, type=REPLICA_SET_PRIMARY, TagSet{[Tag{name='provider', value='AWS'}, Tag{name='region', value='AP_SOUTH_1'}, Tag{name='workloadType', value='OPERATIONAL'}, Tag{name='nodeType', value='ELECTABLE'}]}, roundTripTime=79.5 ms, state=CONNECTED}, {address=mfilx-shard-00-00.v2wzx.mongodb.net:27017, type=REPLICA_SET_SECONDARY, TagSet{[Tag{name='workloadType', value='OPERATIONAL'}, Tag{name='provider', value='AWS'}, Tag{name='region', value='AP_SOUTH_1'}, Tag{name='nodeType', value='ELECTABLE'}]}, roundTripTime=180.3 ms, state=CONNECTED}]
15:35:01.254 [cluster-ClusterId{value='61f905b9cc4ddf3004d17935', description='null'}-mfilx-shard-00-02.v2wzx.mongodb.net:27017] DEBUG org.mongodb.driver.cluster - Checking status of mfilx-shard-00-02.v2wzx.mongodb.net:27017
15:35:01.255 [cluster-ClusterId{value='61f905b9cc4ddf3004d17935', description='null'}-mfilx-shard-00-02.v2wzx.mongodb.net:27017] DEBUG org.mongodb.driver.protocol.command - Sending command '{ "ismaster" : 1, "$db" : "admin", "$clusterTime" : { "clusterTime" : { "$timestamp" : { "t" : 1643709906, "i" : 2 } }, "signature" : { "hash" : { "$binary" : { "base64" : "doap0Ay31RF9bvg+3WF5K2e6NnY=", "subType" : "00" } }, "keyId" : 7020870953009676292 } } }' with request id 105 to database admin on connection [connectionId{localValue:1, serverValue:11816}] to server mfilx-shard-00-02.v2wzx.mongodb.net:27017
15:35:01.290 [cluster-ClusterId{value='61f905b9cc4ddf3004d17935', description='null'}-mfilx-shard-00-02.v2wzx.mongodb.net:27017] DEBUG org.mongodb.driver.protocol.command - Execution of command with request id 105 completed successfully in 35.25 ms on connection [connectionId{localValue:1, serverValue:11816}] to server mfilx-shard-00-02.v2wzx.mongodb.net:27017
15:35:01.291 [cluster-ClusterId{value='61f905b9cc4ddf3004d17935', description='null'}-mfilx-shard-00-02.v2wzx.mongodb.net:27017] INFO org.mongodb.driver.cluster - Monitor thread successfully connected to server with description ServerDescription{address=mfilx-shard-00-02.v2wzx.mongodb.net:27017, type=REPLICA_SET_PRIMARY, state=CONNECTED, ok=true, version=ServerVersion{versionList=[4, 4, 12]}, minWireVersion=0, maxWireVersion=9, maxDocumentSize=16777216, logicalSessionTimeoutMinutes=30, roundTripTimeNanos=70904660, setName='atlas-csjqm5-shard-0', canonicalAddress=mfilx-shard-00-02.v2wzx.mongodb.net:27017, hosts=[mfilx-shard-00-00.v2wzx.mongodb.net:27017, mfilx-shard-00-01.v2wzx.mongodb.net:27017, mfilx-shard-00-02.v2wzx.mongodb.net:27017], passives=[], arbiters=[], primary='mfilx-shard-00-02.v2wzx.mongodb.net:27017', tagSet=TagSet{[Tag{name='nodeType', value='ELECTABLE'}, Tag{name='region', value='AP_SOUTH_1'}, Tag{name='provider', value='AWS'}, Tag{name='workloadType', value='OPERATIONAL'}]}, electionId=7fffffff0000000000000052, setVersion=5, lastWriteDate=Tue Feb 01 15:35:06 IST 2022, lastUpdateTimeNanos=246749579050600}
15:35:01.292 [cluster-ClusterId{value='61f905b9cc4ddf3004d17935', description='null'}-mfilx-shard-00-02.v2wzx.mongodb.net:27017] DEBUG org.mongodb.driver.cluster - Updating cluster description to  {type=REPLICA_SET, servers=[{address=mfilx-shard-00-01.v2wzx.mongodb.net:27017, type=REPLICA_SET_SECONDARY, TagSet{[Tag{name='nodeType', value='ELECTABLE'}, Tag{name='workloadType', value='OPERATIONAL'}, Tag{name='region', value='AP_SOUTH_1'}, Tag{name='provider', value='AWS'}]}, roundTripTime=185.6 ms, state=CONNECTED}, {address=mfilx-shard-00-02.v2wzx.mongodb.net:27017, type=REPLICA_SET_PRIMARY, TagSet{[Tag{name='nodeType', value='ELECTABLE'}, Tag{name='region', value='AP_SOUTH_1'}, Tag{name='provider', value='AWS'}, Tag{name='workloadType', value='OPERATIONAL'}]}, roundTripTime=70.9 ms, state=CONNECTED}, {address=mfilx-shard-00-00.v2wzx.mongodb.net:27017, type=REPLICA_SET_SECONDARY, TagSet{[Tag{name='workloadType', value='OPERATIONAL'}, Tag{name='provider', value='AWS'}, Tag{name='region', value='AP_SOUTH_1'}, Tag{name='nodeType', value='ELECTABLE'}]}, roundTripTime=180.3 ms, state=CONNECTED}]
15:35:11.200 [cluster-ClusterId{value='61f905bbcc4ddf3004d17938', description='null'}-mfilx-shard-00-01.v2wzx.mongodb.net:27017] DEBUG org.mongodb.driver.cluster - Checking status of mfilx-shard-00-01.v2wzx.mongodb.net:27017
15:35:11.200 [cluster-ClusterId{value='61f905bbcc4ddf3004d17936', description='null'}-mfilx-shard-00-00.v2wzx.mongodb.net:27017] DEBUG org.mongodb.driver.cluster - Checking status of mfilx-shard-00-00.v2wzx.mongodb.net:27017
15:35:11.200 [cluster-ClusterId{value='61f905b9cc4ddf3004d17935', description='null'}-mfilx-shard-00-00.v2wzx.mongodb.net:27017] DEBUG org.mongodb.driver.cluster - Checking status of mfilx-shard-00-00.v2wzx.mongodb.net:27017
15:35:11.201 [cluster-ClusterId{value='61f905bbcc4ddf3004d17938', description='null'}-mfilx-shard-00-01.v2wzx.mongodb.net:27017] DEBUG org.mongodb.driver.protocol.command - Sending command '{ "ismaster" : 1, "$db" : "admin", "$clusterTime" : { "clusterTime" : { "$timestamp" : { "t" : 1643709906, "i" : 2 } }, "signature" : { "hash" : { "$binary" : { "base64" : "doap0Ay31RF9bvg+3WF5K2e6NnY=", "subType" : "00" } }, "keyId" : 7020870953009676292 } } }' with request id 106 to database admin on connection [connectionId{localValue:11, serverValue:10396}] to server mfilx-shard-00-01.v2wzx.mongodb.net:27017
15:35:11.200 [cluster-ClusterId{value='61f905bbcc4ddf3004d17938', description='null'}-mfilx-shard-00-02.v2wzx.mongodb.net:27017] DEBUG org.mongodb.driver.cluster - Checking status of mfilx-shard-00-02.v2wzx.mongodb.net:27017
15:35:11.200 [cluster-ClusterId{value='61f905bbcc4ddf3004d1793b', description='null'}-mfilx-shard-00-01.v2wzx.mongodb.net:27017] DEBUG org.mongodb.driver.cluster - Checking status of mfilx-shard-00-01.v2wzx.mongodb.net:27017
15:35:11.201 [cluster-ClusterId{value='61f905b9cc4ddf3004d17935', description='null'}-mfilx-shard-00-00.v2wzx.mongodb.net:27017] DEBUG org.mongodb.driver.protocol.command - Sending command '{ "ismaster" : 1, "$db" : "admin", "$clusterTime" : { "clusterTime" : { "$timestamp" : { "t" : 1643709906, "i" : 3 } }, "signature" : { "hash" : { "$binary" : { "base64" : "doap0Ay31RF9bvg+3WF5K2e6NnY=", "subType" : "00" } }, "keyId" : 7020870953009676292 } } }' with request id 108 to database admin on connection [connectionId{localValue:3, serverValue:11267}] to server mfilx-shard-00-00.v2wzx.mongodb.net:27017
15:35:11.202 [cluster-ClusterId{value='61f905bbcc4ddf3004d1793b', description='null'}-mfilx-shard-00-01.v2wzx.mongodb.net:27017] DEBUG org.mongodb.driver.protocol.command - Sending command '{ "ismaster" : 1, "$db" : "admin", "$clusterTime" : { "clusterTime" : { "$timestamp" : { "t" : 1643709906, "i" : 2 } }, "signature" : { "hash" : { "$binary" : { "base64" : "doap0Ay31RF9bvg+3WF5K2e6NnY=", "subType" : "00" } }, "keyId" : 7020870953009676292 } } }' with request id 110 to database admin on connection [connectionId{localValue:20, serverValue:10396}] to server mfilx-shard-00-01.v2wzx.mongodb.net:27017
15:35:11.200 [cluster-ClusterId{value='61f905bbcc4ddf3004d17937', description='null'}-mfilx-shard-00-01.v2wzx.mongodb.net:27017] DEBUG org.mongodb.driver.cluster - Checking status of mfilx-shard-00-01.v2wzx.mongodb.net:27017
15:35:11.201 [cluster-ClusterId{value='61f905bbcc4ddf3004d1793b', description='null'}-mfilx-shard-00-00.v2wzx.mongodb.net:27017] DEBUG org.mongodb.driver.cluster - Checking status of mfilx-shard-00-00.v2wzx.mongodb.net:27017
15:35:11.201 [cluster-ClusterId{value='61f905bbcc4ddf3004d17936', description='null'}-mfilx-shard-00-00.v2wzx.mongodb.net:27017] DEBUG org.mongodb.driver.protocol.command - Sending command '{ "ismaster" : 1, "$db" : "admin", "$clusterTime" : { "clusterTime" : { "$timestamp" : { "t" : 1643709906, "i" : 2 } }, "signature" : { "hash" : { "$binary" : { "base64" : "doap0Ay31RF9bvg+3WF5K2e6NnY=", "subType" : "00" } }, "keyId" : 7020870953009676292 } } }' with request id 107 to database admin on connection [connectionId{localValue:4, serverValue:11267}] to server mfilx-shard-00-00.v2wzx.mongodb.net:27017
15:35:11.202 [cluster-ClusterId{value='61f905bbcc4ddf3004d17938', description='null'}-mfilx-shard-00-02.v2wzx.mongodb.net:27017] DEBUG org.mongodb.driver.protocol.command - Sending command '{ "ismaster" : 1, "$db" : "admin", "$clusterTime" : { "clusterTime" : { "$timestamp" : { "t" : 1643709906, "i" : 2 } }, "signature" : { "hash" : { "$binary" : { "base64" : "doap0Ay31RF9bvg+3WF5K2e6NnY=", "subType" : "00" } }, "keyId" : 7020870953009676292 } } }' with request id 109 to database admin on connection [connectionId{localValue:12, serverValue:11816}] to server mfilx-shard-00-02.v2wzx.mongodb.net:27017
15:35:11.203 [cluster-ClusterId{value='61f905bbcc4ddf3004d1793b', description='null'}-mfilx-shard-00-00.v2wzx.mongodb.net:27017] DEBUG org.mongodb.driver.protocol.command - Sending command '{ "ismaster" : 1, "$db" : "admin", "$clusterTime" : { "clusterTime" : { "$timestamp" : { "t" : 1643709906, "i" : 2 } }, "signature" : { "hash" : { "$binary" : { "base64" : "doap0Ay31RF9bvg+3WF5K2e6NnY=", "subType" : "00" } }, "keyId" : 7020870953009676292 } } }' with request id 112 to database admin on connection [connectionId{localValue:19, serverValue:11267}] to server mfilx-shard-00-00.v2wzx.mongodb.net:27017
15:35:11.203 [cluster-ClusterId{value='61f905bbcc4ddf3004d17937', description='null'}-mfilx-shard-00-01.v2wzx.mongodb.net:27017] DEBUG org.mongodb.driver.protocol.command - Sending command '{ "ismaster" : 1, "$db" : "admin", "$clusterTime" : { "clusterTime" : { "$timestamp" : { "t" : 1643709906, "i" : 2 } }, "signature" : { "hash" : { "$binary" : { "base64" : "doap0Ay31RF9bvg+3WF5K2e6NnY=", "subType" : "00" } }, "keyId" : 7020870953009676292 } } }' with request id 111 to database admin on connection [connectionId{localValue:8, serverValue:10396}] to server mfilx-shard-00-01.v2wzx.mongodb.net:27017
15:35:11.216 [cluster-ClusterId{value='61f905bbcc4ddf3004d1793a', description='null'}-mfilx-shard-00-00.v2wzx.mongodb.net:27017] DEBUG org.mongodb.driver.cluster - Checking status of mfilx-shard-00-00.v2wzx.mongodb.net:27017
15:35:11.216 [cluster-ClusterId{value='61f905bbcc4ddf3004d17939', description='null'}-mfilx-shard-00-00.v2wzx.mongodb.net:27017] DEBUG org.mongodb.driver.cluster - Checking status of mfilx-shard-00-00.v2wzx.mongodb.net:27017
15:35:11.216 [cluster-ClusterId{value='61f905bbcc4ddf3004d17939', description='null'}-mfilx-shard-00-01.v2wzx.mongodb.net:27017] DEBUG org.mongodb.driver.cluster - Checking status of mfilx-shard-00-01.v2wzx.mongodb.net:27017
15:35:11.217 [cluster-ClusterId{value='61f905bbcc4ddf3004d17938', description='null'}-mfilx-shard-00-00.v2wzx.mongodb.net:27017] DEBUG org.mongodb.driver.cluster - Checking status of mfilx-shard-00-00.v2wzx.mongodb.net:27017
15:35:11.218 [cluster-ClusterId{value='61f905bbcc4ddf3004d17938', description='null'}-mfilx-shard-00-00.v2wzx.mongodb.net:27017] DEBUG org.mongodb.driver.protocol.command - Sending command '{ "ismaster" : 1, "$db" : "admin", "$clusterTime" : { "clusterTime" : { "$timestamp" : { "t" : 1643709906, "i" : 2 } }, "signature" : { "hash" : { "$binary" : { "base64" : "doap0Ay31RF9bvg+3WF5K2e6NnY=", "subType" : "00" } }, "keyId" : 7020870953009676292 } } }' with request id 116 to database admin on connection [connectionId{localValue:10, serverValue:11267}] to server mfilx-shard-00-00.v2wzx.mongodb.net:27017
15:35:11.219 [cluster-ClusterId{value='61f905bbcc4ddf3004d17936', description='null'}-mfilx-shard-00-02.v2wzx.mongodb.net:27017] DEBUG org.mongodb.driver.cluster - Checking status of mfilx-shard-00-02.v2wzx.mongodb.net:27017
15:35:11.219 [cluster-ClusterId{value='61f905bbcc4ddf3004d17936', description='null'}-mfilx-shard-00-02.v2wzx.mongodb.net:27017] DEBUG org.mongodb.driver.protocol.command - Sending command '{ "ismaster" : 1, "$db" : "admin", "$clusterTime" : { "clusterTime" : { "$timestamp" : { "t" : 1643709906, "i" : 2 } }, "signature" : { "hash" : { "$binary" : { "base64" : "doap0Ay31RF9bvg+3WF5K2e6NnY=", "subType" : "00" } }, "keyId" : 7020870953009676292 } } }' with request id 117 to database admin on connection [connectionId{localValue:6, serverValue:11816}] to server mfilx-shard-00-02.v2wzx.mongodb.net:27017
15:35:11.221 [cluster-ClusterId{value='61f905bbcc4ddf3004d17939', description='null'}-mfilx-shard-00-02.v2wzx.mongodb.net:27017] DEBUG org.mongodb.driver.cluster - Checking status of mfilx-shard-00-02.v2wzx.mongodb.net:27017
15:35:11.216 [cluster-ClusterId{value='61f905bbcc4ddf3004d1793b', description='null'}-mfilx-shard-00-02.v2wzx.mongodb.net:27017] DEBUG org.mongodb.driver.cluster - Checking status of mfilx-shard-00-02.v2wzx.mongodb.net:27017
15:35:11.222 [cluster-ClusterId{value='61f905bbcc4ddf3004d17939', description='null'}-mfilx-shard-00-02.v2wzx.mongodb.net:27017] DEBUG org.mongodb.driver.protocol.command - Sending command '{ "ismaster" : 1, "$db" : "admin", "$clusterTime" : { "clusterTime" : { "$timestamp" : { "t" : 1643709906, "i" : 2 } }, "signature" : { "hash" : { "$binary" : { "base64" : "doap0Ay31RF9bvg+3WF5K2e6NnY=", "subType" : "00" } }, "keyId" : 7020870953009676292 } } }' with request id 118 to database admin on connection [connectionId{localValue:15, serverValue:11816}] to server mfilx-shard-00-02.v2wzx.mongodb.net:27017
15:35:11.222 [cluster-ClusterId{value='61f905bbcc4ddf3004d1793b', description='null'}-mfilx-shard-00-02.v2wzx.mongodb.net:27017] DEBUG org.mongodb.driver.protocol.command - Sending command '{ "ismaster" : 1, "$db" : "admin", "$clusterTime" : { "clusterTime" : { "$timestamp" : { "t" : 1643709906, "i" : 2 } }, "signature" : { "hash" : { "$binary" : { "base64" : "doap0Ay31RF9bvg+3WF5K2e6NnY=", "subType" : "00" } }, "keyId" : 7020870953009676292 } } }' with request id 119 to database admin on connection [connectionId{localValue:21, serverValue:11816}] to server mfilx-shard-00-02.v2wzx.mongodb.net:27017
15:35:11.223 [cluster-ClusterId{value='61f905bbcc4ddf3004d17939', description='null'}-mfilx-shard-00-01.v2wzx.mongodb.net:27017] DEBUG org.mongodb.driver.protocol.command - Sending command '{ "ismaster" : 1, "$db" : "admin", "$clusterTime" : { "clusterTime" : { "$timestamp" : { "t" : 1643709906, "i" : 2 } }, "signature" : { "hash" : { "$binary" : { "base64" : "doap0Ay31RF9bvg+3WF5K2e6NnY=", "subType" : "00" } }, "keyId" : 7020870953009676292 } } }' with request id 115 to database admin on connection [connectionId{localValue:14, serverValue:10396}] to server mfilx-shard-00-01.v2wzx.mongodb.net:27017
15:35:11.224 [cluster-ClusterId{value='61f905bbcc4ddf3004d1793a', description='null'}-mfilx-shard-00-00.v2wzx.mongodb.net:27017] DEBUG org.mongodb.driver.protocol.command - Sending command '{ "ismaster" : 1, "$db" : "admin", "$clusterTime" : { "clusterTime" : { "$timestamp" : { "t" : 1643709906, "i" : 3 } }, "signature" : { "hash" : { "$binary" : { "base64" : "doap0Ay31RF9bvg+3WF5K2e6NnY=", "subType" : "00" } }, "keyId" : 7020870953009676292 } } }' with request id 113 to database admin on connection [connectionId{localValue:16, serverValue:11267}] to server mfilx-shard-00-00.v2wzx.mongodb.net:27017
15:35:11.216 [cluster-ClusterId{value='61f905bbcc4ddf3004d1793a', description='null'}-mfilx-shard-00-01.v2wzx.mongodb.net:27017] DEBUG org.mongodb.driver.cluster - Checking status of mfilx-shard-00-01.v2wzx.mongodb.net:27017
15:35:11.217 [cluster-ClusterId{value='61f905bbcc4ddf3004d17939', description='null'}-mfilx-shard-00-00.v2wzx.mongodb.net:27017] DEBUG org.mongodb.driver.protocol.command - Sending command '{ "ismaster" : 1, "$db" : "admin", "$clusterTime" : { "clusterTime" : { "$timestamp" : { "t" : 1643709906, "i" : 2 } }, "signature" : { "hash" : { "$binary" : { "base64" : "doap0Ay31RF9bvg+3WF5K2e6NnY=", "subType" : "00" } }, "keyId" : 7020870953009676292 } } }' with request id 114 to database admin on connection [connectionId{localValue:13, serverValue:11267}] to server mfilx-shard-00-00.v2wzx.mongodb.net:27017
15:35:11.221 [cluster-ClusterId{value='61f905bbcc4ddf3004d17937', description='null'}-mfilx-shard-00-02.v2wzx.mongodb.net:27017] DEBUG org.mongodb.driver.cluster - Checking status of mfilx-shard-00-02.v2wzx.mongodb.net:27017
15:35:11.221 [cluster-ClusterId{value='61f905bbcc4ddf3004d17936', description='null'}-mfilx-shard-00-01.v2wzx.mongodb.net:27017] DEBUG org.mongodb.driver.cluster - Checking status of mfilx-shard-00-01.v2wzx.mongodb.net:27017
15:35:11.227 [cluster-ClusterId{value='61f905bbcc4ddf3004d17936', description='null'}-mfilx-shard-00-01.v2wzx.mongodb.net:27017] DEBUG org.mongodb.driver.protocol.command - Sending command '{ "ismaster" : 1, "$db" : "admin", "$clusterTime" : { "clusterTime" : { "$timestamp" : { "t" : 1643709906, "i" : 2 } }, "signature" : { "hash" : { "$binary" : { "base64" : "doap0Ay31RF9bvg+3WF5K2e6NnY=", "subType" : "00" } }, "keyId" : 7020870953009676292 } } }' with request id 122 to database admin on connection [connectionId{localValue:5, serverValue:10396}] to server mfilx-shard-00-01.v2wzx.mongodb.net:27017
15:35:11.226 [cluster-ClusterId{value='61f905bbcc4ddf3004d1793a', description='null'}-mfilx-shard-00-01.v2wzx.mongodb.net:27017] DEBUG org.mongodb.driver.protocol.command - Sending command '{ "ismaster" : 1, "$db" : "admin", "$clusterTime" : { "clusterTime" : { "$timestamp" : { "t" : 1643709906, "i" : 3 } }, "signature" : { "hash" : { "$binary" : { "base64" : "doap0Ay31RF9bvg+3WF5K2e6NnY=", "subType" : "00" } }, "keyId" : 7020870953009676292 } } }' with request id 120 to database admin on connection [connectionId{localValue:17, serverValue:10396}] to server mfilx-shard-00-01.v2wzx.mongodb.net:27017
15:35:11.227 [cluster-ClusterId{value='61f905bbcc4ddf3004d17937', description='null'}-mfilx-shard-00-02.v2wzx.mongodb.net:27017] DEBUG org.mongodb.driver.protocol.command - Sending command '{ "ismaster" : 1, "$db" : "admin", "$clusterTime" : { "clusterTime" : { "$timestamp" : { "t" : 1643709906, "i" : 2 } }, "signature" : { "hash" : { "$binary" : { "base64" : "doap0Ay31RF9bvg+3WF5K2e6NnY=", "subType" : "00" } }, "keyId" : 7020870953009676292 } } }' with request id 121 to database admin on connection [connectionId{localValue:9, serverValue:11816}] to server mfilx-shard-00-02.v2wzx.mongodb.net:27017
15:35:11.232 [cluster-ClusterId{value='61f905bbcc4ddf3004d17937', description='null'}-mfilx-shard-00-00.v2wzx.mongodb.net:27017] DEBUG org.mongodb.driver.cluster - Checking status of mfilx-shard-00-00.v2wzx.mongodb.net:27017
15:35:11.233 [cluster-ClusterId{value='61f905bbcc4ddf3004d17937', description='null'}-mfilx-shard-00-00.v2wzx.mongodb.net:27017] DEBUG org.mongodb.driver.protocol.command - Sending command '{ "ismaster" : 1, "$db" : "admin", "$clusterTime" : { "clusterTime" : { "$timestamp" : { "t" : 1643709906, "i" : 2 } }, "signature" : { "hash" : { "$binary" : { "base64" : "doap0Ay31RF9bvg+3WF5K2e6NnY=", "subType" : "00" } }, "keyId" : 7020870953009676292 } } }' with request id 123 to database admin on connection [connectionId{localValue:7, serverValue:11267}] to server mfilx-shard-00-00.v2wzx.mongodb.net:27017
15:35:11.236 [cluster-ClusterId{value='61f905bbcc4ddf3004d17936', description='null'}-mfilx-shard-00-00.v2wzx.mongodb.net:27017] DEBUG org.mongodb.driver.protocol.command - Execution of command with request id 107 completed successfully in 35.50 ms on connection [connectionId{localValue:4, serverValue:11267}] to server mfilx-shard-00-00.v2wzx.mongodb.net:27017
15:35:11.238 [cluster-ClusterId{value='61f905bbcc4ddf3004d17936', description='null'}-mfilx-shard-00-00.v2wzx.mongodb.net:27017] INFO org.mongodb.driver.cluster - Monitor thread successfully connected to server with description ServerDescription{address=mfilx-shard-00-00.v2wzx.mongodb.net:27017, type=REPLICA_SET_SECONDARY, state=CONNECTED, ok=true, version=ServerVersion{versionList=[4, 4, 12]}, minWireVersion=0, maxWireVersion=9, maxDocumentSize=16777216, logicalSessionTimeoutMinutes=30, roundTripTimeNanos=145651892, setName='atlas-csjqm5-shard-0', canonicalAddress=mfilx-shard-00-00.v2wzx.mongodb.net:27017, hosts=[mfilx-shard-00-00.v2wzx.mongodb.net:27017, mfilx-shard-00-01.v2wzx.mongodb.net:27017, mfilx-shard-00-02.v2wzx.mongodb.net:27017], passives=[], arbiters=[], primary='mfilx-shard-00-02.v2wzx.mongodb.net:27017', tagSet=TagSet{[Tag{name='workloadType', value='OPERATIONAL'}, Tag{name='provider', value='AWS'}, Tag{name='region', value='AP_SOUTH_1'}, Tag{name='nodeType', value='ELECTABLE'}]}, electionId=null, setVersion=5, lastWriteDate=Tue Feb 01 15:35:15 IST 2022, lastUpdateTimeNanos=246759525805700}
15:35:11.239 [cluster-ClusterId{value='61f905bbcc4ddf3004d17936', description='null'}-mfilx-shard-00-00.v2wzx.mongodb.net:27017] DEBUG org.mongodb.driver.cluster - Updating cluster description to  {type=REPLICA_SET, servers=[{address=mfilx-shard-00-01.v2wzx.mongodb.net:27017, type=REPLICA_SET_SECONDARY, TagSet{[Tag{name='nodeType', value='ELECTABLE'}, Tag{name='workloadType', value='OPERATIONAL'}, Tag{name='region', value='AP_SOUTH_1'}, Tag{name='provider', value='AWS'}]}, roundTripTime=169.6 ms, state=CONNECTED}, {address=mfilx-shard-00-02.v2wzx.mongodb.net:27017, type=REPLICA_SET_PRIMARY, TagSet{[Tag{name='provider', value='AWS'}, Tag{name='nodeType', value='ELECTABLE'}, Tag{name='workloadType', value='OPERATIONAL'}, Tag{name='region', value='AP_SOUTH_1'}]}, roundTripTime=149.0 ms, state=CONNECTED}, {address=mfilx-shard-00-00.v2wzx.mongodb.net:27017, type=REPLICA_SET_SECONDARY, TagSet{[Tag{name='workloadType', value='OPERATIONAL'}, Tag{name='provider', value='AWS'}, Tag{name='region', value='AP_SOUTH_1'}, Tag{name='nodeType', value='ELECTABLE'}]}, roundTripTime=145.7 ms, state=CONNECTED}]
15:35:11.239 [cluster-ClusterId{value='61f905bbcc4ddf3004d1793b', description='null'}-mfilx-shard-00-01.v2wzx.mongodb.net:27017] DEBUG org.mongodb.driver.protocol.command - Execution of command with request id 110 completed successfully in 37.34 ms on connection [connectionId{localValue:20, serverValue:10396}] to server mfilx-shard-00-01.v2wzx.mongodb.net:27017
15:35:11.239 [cluster-ClusterId{value='61f905bbcc4ddf3004d1793b', description='null'}-mfilx-shard-00-01.v2wzx.mongodb.net:27017] INFO org.mongodb.driver.cluster - Monitor thread successfully connected to server with description ServerDescription{address=mfilx-shard-00-01.v2wzx.mongodb.net:27017, type=REPLICA_SET_SECONDARY, state=CONNECTED, ok=true, version=ServerVersion{versionList=[4, 4, 12]}, minWireVersion=0, maxWireVersion=9, maxDocumentSize=16777216, logicalSessionTimeoutMinutes=30, roundTripTimeNanos=171658188, setName='atlas-csjqm5-shard-0', canonicalAddress=mfilx-shard-00-01.v2wzx.mongodb.net:27017, hosts=[mfilx-shard-00-00.v2wzx.mongodb.net:27017, mfilx-shard-00-01.v2wzx.mongodb.net:27017, mfilx-shard-00-02.v2wzx.mongodb.net:27017], passives=[], arbiters=[], primary='mfilx-shard-00-02.v2wzx.mongodb.net:27017', tagSet=TagSet{[Tag{name='provider', value='AWS'}, Tag{name='workloadType', value='OPERATIONAL'}, Tag{name='nodeType', value='ELECTABLE'}, Tag{name='region', value='AP_SOUTH_1'}]}, electionId=null, setVersion=5, lastWriteDate=Tue Feb 01 15:35:15 IST 2022, lastUpdateTimeNanos=246759527535300}
15:35:11.243 [cluster-ClusterId{value='61f905b9cc4ddf3004d17935', description='null'}-mfilx-shard-00-00.v2wzx.mongodb.net:27017] DEBUG org.mongodb.driver.protocol.command - Execution of command with request id 108 completed successfully in 41.59 ms on connection [connectionId{localValue:3, serverValue:11267}] to server mfilx-shard-00-00.v2wzx.mongodb.net:27017
15:35:11.244 [cluster-ClusterId{value='61f905b9cc4ddf3004d17935', description='null'}-mfilx-shard-00-00.v2wzx.mongodb.net:27017] DEBUG org.mongodb.driver.cluster - Updating cluster description to  {type=REPLICA_SET, servers=[{address=mfilx-shard-00-01.v2wzx.mongodb.net:27017, type=REPLICA_SET_SECONDARY, TagSet{[Tag{name='nodeType', value='ELECTABLE'}, Tag{name='workloadType', value='OPERATIONAL'}, Tag{name='region', value='AP_SOUTH_1'}, Tag{name='provider', value='AWS'}]}, roundTripTime=185.6 ms, state=CONNECTED}, {address=mfilx-shard-00-02.v2wzx.mongodb.net:27017, type=REPLICA_SET_PRIMARY, TagSet{[Tag{name='nodeType', value='ELECTABLE'}, Tag{name='region', value='AP_SOUTH_1'}, Tag{name='provider', value='AWS'}, Tag{name='workloadType', value='OPERATIONAL'}]}, roundTripTime=70.9 ms, state=CONNECTED}, {address=mfilx-shard-00-00.v2wzx.mongodb.net:27017, type=REPLICA_SET_SECONDARY, TagSet{[Tag{name='workloadType', value='OPERATIONAL'}, Tag{name='provider', value='AWS'}, Tag{name='region', value='AP_SOUTH_1'}, Tag{name='nodeType', value='ELECTABLE'}]}, roundTripTime=152.8 ms, state=CONNECTED}]
15:35:11.244 [cluster-ClusterId{value='61f905bbcc4ddf3004d17937', description='null'}-mfilx-shard-00-01.v2wzx.mongodb.net:27017] DEBUG org.mongodb.driver.protocol.command - Execution of command with request id 111 completed successfully in 38.99 ms on connection [connectionId{localValue:8, serverValue:10396}] to server mfilx-shard-00-01.v2wzx.mongodb.net:27017
15:35:11.245 [cluster-ClusterId{value='61f905bbcc4ddf3004d1793b', description='null'}-mfilx-shard-00-00.v2wzx.mongodb.net:27017] DEBUG org.mongodb.driver.protocol.command - Execution of command with request id 112 completed successfully in 42.07 ms on connection [connectionId{localValue:19, serverValue:11267}] to server mfilx-shard-00-00.v2wzx.mongodb.net:27017
15:35:11.245 [cluster-ClusterId{value='61f905bbcc4ddf3004d17937', description='null'}-mfilx-shard-00-01.v2wzx.mongodb.net:27017] INFO org.mongodb.driver.cluster - Monitor thread successfully connected to server with description ServerDescription{address=mfilx-shard-00-01.v2wzx.mongodb.net:27017, type=REPLICA_SET_SECONDARY, state=CONNECTED, ok=true, version=ServerVersion{versionList=[4, 4, 12]}, minWireVersion=0, maxWireVersion=9, maxDocumentSize=16777216, logicalSessionTimeoutMinutes=30, roundTripTimeNanos=133954044, setName='atlas-csjqm5-shard-0', canonicalAddress=mfilx-shard-00-01.v2wzx.mongodb.net:27017, hosts=[mfilx-shard-00-00.v2wzx.mongodb.net:27017, mfilx-shard-00-01.v2wzx.mongodb.net:27017, mfilx-shard-00-02.v2wzx.mongodb.net:27017], passives=[], arbiters=[], primary='mfilx-shard-00-02.v2wzx.mongodb.net:27017', tagSet=TagSet{[Tag{name='provider', value='AWS'}, Tag{name='workloadType', value='OPERATIONAL'}, Tag{name='nodeType', value='ELECTABLE'}, Tag{name='region', value='AP_SOUTH_1'}]}, electionId=null, setVersion=5, lastWriteDate=Tue Feb 01 15:35:15 IST 2022, lastUpdateTimeNanos=246759532913600}
15:35:11.245 [cluster-ClusterId{value='61f905bbcc4ddf3004d17937', description='null'}-mfilx-shard-00-01.v2wzx.mongodb.net:27017] DEBUG org.mongodb.driver.cluster - Updating cluster description to  {type=REPLICA_SET, servers=[{address=mfilx-shard-00-01.v2wzx.mongodb.net:27017, type=REPLICA_SET_SECONDARY, TagSet{[Tag{name='provider', value='AWS'}, Tag{name='workloadType', value='OPERATIONAL'}, Tag{name='nodeType', value='ELECTABLE'}, Tag{name='region', value='AP_SOUTH_1'}]}, roundTripTime=134.0 ms, state=CONNECTED}, {address=mfilx-shard-00-02.v2wzx.mongodb.net:27017, type=REPLICA_SET_PRIMARY, TagSet{[Tag{name='provider', value='AWS'}, Tag{name='nodeType', value='ELECTABLE'}, Tag{name='workloadType', value='OPERATIONAL'}, Tag{name='region', value='AP_SOUTH_1'}]}, roundTripTime=210.4 ms, state=CONNECTED}, {address=mfilx-shard-00-00.v2wzx.mongodb.net:27017, type=REPLICA_SET_SECONDARY, TagSet{[Tag{name='workloadType', value='OPERATIONAL'}, Tag{name='provider', value='AWS'}, Tag{name='region', value='AP_SOUTH_1'}, Tag{name='nodeType', value='ELECTABLE'}]}, roundTripTime=201.0 ms, state=CONNECTED}]
15:35:11.245 [cluster-ClusterId{value='61f905bbcc4ddf3004d17938', description='null'}-mfilx-shard-00-02.v2wzx.mongodb.net:27017] DEBUG org.mongodb.driver.protocol.command - Execution of command with request id 109 completed successfully in 43.74 ms on connection [connectionId{localValue:12, serverValue:11816}] to server mfilx-shard-00-02.v2wzx.mongodb.net:27017
15:35:11.245 [cluster-ClusterId{value='61f905bbcc4ddf3004d17938', description='null'}-mfilx-shard-00-01.v2wzx.mongodb.net:27017] DEBUG org.mongodb.driver.protocol.command - Execution of command with request id 106 completed successfully in 45.02 ms on connection [connectionId{localValue:11, serverValue:10396}] to server mfilx-shard-00-01.v2wzx.mongodb.net:27017
15:35:11.246 [cluster-ClusterId{value='61f905bbcc4ddf3004d17938', description='null'}-mfilx-shard-00-01.v2wzx.mongodb.net:27017] INFO org.mongodb.driver.cluster - Monitor thread successfully connected to server with description ServerDescription{address=mfilx-shard-00-01.v2wzx.mongodb.net:27017, type=REPLICA_SET_SECONDARY, state=CONNECTED, ok=true, version=ServerVersion{versionList=[4, 4, 12]}, minWireVersion=0, maxWireVersion=9, maxDocumentSize=16777216, logicalSessionTimeoutMinutes=30, roundTripTimeNanos=144420024, setName='atlas-csjqm5-shard-0', canonicalAddress=mfilx-shard-00-01.v2wzx.mongodb.net:27017, hosts=[mfilx-shard-00-00.v2wzx.mongodb.net:27017, mfilx-shard-00-01.v2wzx.mongodb.net:27017, mfilx-shard-00-02.v2wzx.mongodb.net:27017], passives=[], arbiters=[], primary='mfilx-shard-00-02.v2wzx.mongodb.net:27017', tagSet=TagSet{[Tag{name='provider', value='AWS'}, Tag{name='workloadType', value='OPERATIONAL'}, Tag{name='nodeType', value='ELECTABLE'}, Tag{name='region', value='AP_SOUTH_1'}]}, electionId=null, setVersion=5, lastWriteDate=Tue Feb 01 15:35:15 IST 2022, lastUpdateTimeNanos=246759533966200}
15:35:11.246 [cluster-ClusterId{value='61f905bbcc4ddf3004d17938', description='null'}-mfilx-shard-00-02.v2wzx.mongodb.net:27017] INFO org.mongodb.driver.cluster - Monitor thread successfully connected to server with description ServerDescription{address=mfilx-shard-00-02.v2wzx.mongodb.net:27017, type=REPLICA_SET_PRIMARY, state=CONNECTED, ok=true, version=ServerVersion{versionList=[4, 4, 12]}, minWireVersion=0, maxWireVersion=9, maxDocumentSize=16777216, logicalSessionTimeoutMinutes=30, roundTripTimeNanos=168102672, setName='atlas-csjqm5-shard-0', canonicalAddress=mfilx-shard-00-02.v2wzx.mongodb.net:27017, hosts=[mfilx-shard-00-00.v2wzx.mongodb.net:27017, mfilx-shard-00-01.v2wzx.mongodb.net:27017, mfilx-shard-00-02.v2wzx.mongodb.net:27017], passives=[], arbiters=[], primary='mfilx-shard-00-02.v2wzx.mongodb.net:27017', tagSet=TagSet{[Tag{name='workloadType', value='OPERATIONAL'}, Tag{name='nodeType', value='ELECTABLE'}, Tag{name='provider', value='AWS'}, Tag{name='region', value='AP_SOUTH_1'}]}, electionId=7fffffff0000000000000052, setVersion=5, lastWriteDate=Tue Feb 01 15:35:15 IST 2022, lastUpdateTimeNanos=246759533925300}
15:35:11.246 [cluster-ClusterId{value='61f905bbcc4ddf3004d17938', description='null'}-mfilx-shard-00-01.v2wzx.mongodb.net:27017] DEBUG org.mongodb.driver.cluster - Updating cluster description to  {type=REPLICA_SET, servers=[{address=mfilx-shard-00-01.v2wzx.mongodb.net:27017, type=REPLICA_SET_SECONDARY, TagSet{[Tag{name='provider', value='AWS'}, Tag{name='workloadType', value='OPERATIONAL'}, Tag{name='nodeType', value='ELECTABLE'}, Tag{name='region', value='AP_SOUTH_1'}]}, roundTripTime=144.4 ms, state=CONNECTED}, {address=mfilx-shard-00-02.v2wzx.mongodb.net:27017, type=REPLICA_SET_PRIMARY, TagSet{[Tag{name='provider', value='AWS'}, Tag{name='nodeType', value='ELECTABLE'}, Tag{name='workloadType', value='OPERATIONAL'}, Tag{name='region', value='AP_SOUTH_1'}]}, roundTripTime=199.1 ms, state=CONNECTED}, {address=mfilx-shard-00-00.v2wzx.mongodb.net:27017, type=REPLICA_SET_SECONDARY, TagSet{[Tag{name='workloadType', value='OPERATIONAL'}, Tag{name='provider', value='AWS'}, Tag{name='region', value='AP_SOUTH_1'}, Tag{name='nodeType', value='ELECTABLE'}]}, roundTripTime=191.4 ms, state=CONNECTED}]
15:35:11.246 [cluster-ClusterId{value='61f905bbcc4ddf3004d17938', description='null'}-mfilx-shard-00-02.v2wzx.mongodb.net:27017] DEBUG org.mongodb.driver.cluster - Updating cluster description to  {type=REPLICA_SET, servers=[{address=mfilx-shard-00-01.v2wzx.mongodb.net:27017, type=REPLICA_SET_SECONDARY, TagSet{[Tag{name='provider', value='AWS'}, Tag{name='workloadType', value='OPERATIONAL'}, Tag{name='nodeType', value='ELECTABLE'}, Tag{name='region', value='AP_SOUTH_1'}]}, roundTripTime=144.4 ms, state=CONNECTED}, {address=mfilx-shard-00-02.v2wzx.mongodb.net:27017, type=REPLICA_SET_PRIMARY, TagSet{[Tag{name='workloadType', value='OPERATIONAL'}, Tag{name='nodeType', value='ELECTABLE'}, Tag{name='provider', value='AWS'}, Tag{name='region', value='AP_SOUTH_1'}]}, roundTripTime=168.1 ms, state=CONNECTED}, {address=mfilx-shard-00-00.v2wzx.mongodb.net:27017, type=REPLICA_SET_SECONDARY, TagSet{[Tag{name='workloadType', value='OPERATIONAL'}, Tag{name='provider', value='AWS'}, Tag{name='region', value='AP_SOUTH_1'}, Tag{name='nodeType', value='ELECTABLE'}]}, roundTripTime=191.4 ms, state=CONNECTED}]
15:35:11.247 [cluster-ClusterId{value='61f905b9cc4ddf3004d17935', description='null'}-mfilx-shard-00-01.v2wzx.mongodb.net:27017] DEBUG org.mongodb.driver.cluster - Checking status of mfilx-shard-00-01.v2wzx.mongodb.net:27017
15:35:11.247 [cluster-ClusterId{value='61f905bbcc4ddf3004d1793b', description='null'}-mfilx-shard-00-01.v2wzx.mongodb.net:27017] DEBUG org.mongodb.driver.cluster - Updating cluster description to  {type=REPLICA_SET, servers=[{address=mfilx-shard-00-01.v2wzx.mongodb.net:27017, type=REPLICA_SET_SECONDARY, TagSet{[Tag{name='provider', value='AWS'}, Tag{name='workloadType', value='OPERATIONAL'}, Tag{name='nodeType', value='ELECTABLE'}, Tag{name='region', value='AP_SOUTH_1'}]}, roundTripTime=171.7 ms, state=CONNECTED}, {address=mfilx-shard-00-02.v2wzx.mongodb.net:27017, type=REPLICA_SET_PRIMARY, TagSet{[Tag{name='nodeType', value='ELECTABLE'}, Tag{name='region', value='AP_SOUTH_1'}, Tag{name='provider', value='AWS'}, Tag{name='workloadType', value='OPERATIONAL'}]}, roundTripTime=151.6 ms, state=CONNECTED}, {address=mfilx-shard-00-00.v2wzx.mongodb.net:27017, type=REPLICA_SET_SECONDARY, TagSet{[Tag{name='workloadType', value='OPERATIONAL'}, Tag{name='provider', value='AWS'}, Tag{name='region', value='AP_SOUTH_1'}, Tag{name='nodeType', value='ELECTABLE'}]}, roundTripTime=211.5 ms, state=CONNECTED}]
15:35:11.247 [cluster-ClusterId{value='61f905bbcc4ddf3004d1793b', description='null'}-mfilx-shard-00-00.v2wzx.mongodb.net:27017] DEBUG org.mongodb.driver.cluster - Updating cluster description to  {type=REPLICA_SET, servers=[{address=mfilx-shard-00-01.v2wzx.mongodb.net:27017, type=REPLICA_SET_SECONDARY, TagSet{[Tag{name='provider', value='AWS'}, Tag{name='workloadType', value='OPERATIONAL'}, Tag{name='nodeType', value='ELECTABLE'}, Tag{name='region', value='AP_SOUTH_1'}]}, roundTripTime=171.7 ms, state=CONNECTED}, {address=mfilx-shard-00-02.v2wzx.mongodb.net:27017, type=REPLICA_SET_PRIMARY, TagSet{[Tag{name='nodeType', value='ELECTABLE'}, Tag{name='region', value='AP_SOUTH_1'}, Tag{name='provider', value='AWS'}, Tag{name='workloadType', value='OPERATIONAL'}]}, roundTripTime=151.6 ms, state=CONNECTED}, {address=mfilx-shard-00-00.v2wzx.mongodb.net:27017, type=REPLICA_SET_SECONDARY, TagSet{[Tag{name='workloadType', value='OPERATIONAL'}, Tag{name='provider', value='AWS'}, Tag{name='region', value='AP_SOUTH_1'}, Tag{name='nodeType', value='ELECTABLE'}]}, roundTripTime=177.7 ms, state=CONNECTED}]
15:35:11.248 [cluster-ClusterId{value='61f905b9cc4ddf3004d17935', description='null'}-mfilx-shard-00-01.v2wzx.mongodb.net:27017] DEBUG org.mongodb.driver.protocol.command - Sending command '{ "ismaster" : 1, "$db" : "admin", "$clusterTime" : { "clusterTime" : { "$timestamp" : { "t" : 1643709916, "i" : 1 } }, "signature" : { "hash" : { "$binary" : { "base64" : "cmkxZk/Z0NWA6fRsmSGuOCe2S5E=", "subType" : "00" } }, "keyId" : 7020870953009676292 } } }' with request id 124 to database admin on connection [connectionId{localValue:2, serverValue:10396}] to server mfilx-shard-00-01.v2wzx.mongodb.net:27017
15:35:11.248 [cluster-ClusterId{value='61f905bbcc4ddf3004d1793a', description='null'}-mfilx-shard-00-02.v2wzx.mongodb.net:27017] DEBUG org.mongodb.driver.cluster - Checking status of mfilx-shard-00-02.v2wzx.mongodb.net:27017
15:35:11.249 [cluster-ClusterId{value='61f905bbcc4ddf3004d1793a', description='null'}-mfilx-shard-00-02.v2wzx.mongodb.net:27017] DEBUG org.mongodb.driver.protocol.command - Sending command '{ "ismaster" : 1, "$db" : "admin", "$clusterTime" : { "clusterTime" : { "$timestamp" : { "t" : 1643709906, "i" : 3 } }, "signature" : { "hash" : { "$binary" : { "base64" : "doap0Ay31RF9bvg+3WF5K2e6NnY=", "subType" : "00" } }, "keyId" : 7020870953009676292 } } }' with request id 125 to database admin on connection [connectionId{localValue:18, serverValue:11816}] to server mfilx-shard-00-02.v2wzx.mongodb.net:27017
15:35:11.255 [cluster-ClusterId{value='61f905bbcc4ddf3004d17939', description='null'}-mfilx-shard-00-02.v2wzx.mongodb.net:27017] DEBUG org.mongodb.driver.protocol.command - Execution of command with request id 118 completed successfully in 34.10 ms on connection [connectionId{localValue:15, serverValue:11816}] to server mfilx-shard-00-02.v2wzx.mongodb.net:27017
15:35:11.256 [cluster-ClusterId{value='61f905bbcc4ddf3004d17936', description='null'}-mfilx-shard-00-02.v2wzx.mongodb.net:27017] DEBUG org.mongodb.driver.protocol.command - Execution of command with request id 117 completed successfully in 36.66 ms on connection [connectionId{localValue:6, serverValue:11816}] to server mfilx-shard-00-02.v2wzx.mongodb.net:27017
15:35:11.256 [cluster-ClusterId{value='61f905bbcc4ddf3004d17939', description='null'}-mfilx-shard-00-02.v2wzx.mongodb.net:27017] INFO org.mongodb.driver.cluster - Monitor thread successfully connected to server with description ServerDescription{address=mfilx-shard-00-02.v2wzx.mongodb.net:27017, type=REPLICA_SET_PRIMARY, state=CONNECTED, ok=true, version=ServerVersion{versionList=[4, 4, 12]}, minWireVersion=0, maxWireVersion=9, maxDocumentSize=16777216, logicalSessionTimeoutMinutes=30, roundTripTimeNanos=144369424, setName='atlas-csjqm5-shard-0', canonicalAddress=mfilx-shard-00-02.v2wzx.mongodb.net:27017, hosts=[mfilx-shard-00-00.v2wzx.mongodb.net:27017, mfilx-shard-00-01.v2wzx.mongodb.net:27017, mfilx-shard-00-02.v2wzx.mongodb.net:27017], passives=[], arbiters=[], primary='mfilx-shard-00-02.v2wzx.mongodb.net:27017', tagSet=TagSet{[Tag{name='workloadType', value='OPERATIONAL'}, Tag{name='nodeType', value='ELECTABLE'}, Tag{name='provider', value='AWS'}, Tag{name='region', value='AP_SOUTH_1'}]}, electionId=7fffffff0000000000000052, setVersion=5, lastWriteDate=Tue Feb 01 15:35:15 IST 2022, lastUpdateTimeNanos=246759544010400}
15:35:11.256 [cluster-ClusterId{value='61f905bbcc4ddf3004d17936', description='null'}-mfilx-shard-00-02.v2wzx.mongodb.net:27017] INFO org.mongodb.driver.cluster - Monitor thread successfully connected to server with description ServerDescription{address=mfilx-shard-00-02.v2wzx.mongodb.net:27017, type=REPLICA_SET_PRIMARY, state=CONNECTED, ok=true, version=ServerVersion{versionList=[4, 4, 12]}, minWireVersion=0, maxWireVersion=9, maxDocumentSize=16777216, logicalSessionTimeoutMinutes=30, roundTripTimeNanos=126627296, setName='atlas-csjqm5-shard-0', canonicalAddress=mfilx-shard-00-02.v2wzx.mongodb.net:27017, hosts=[mfilx-shard-00-00.v2wzx.mongodb.net:27017, mfilx-shard-00-01.v2wzx.mongodb.net:27017, mfilx-shard-00-02.v2wzx.mongodb.net:27017], passives=[], arbiters=[], primary='mfilx-shard-00-02.v2wzx.mongodb.net:27017', tagSet=TagSet{[Tag{name='workloadType', value='OPERATIONAL'}, Tag{name='nodeType', value='ELECTABLE'}, Tag{name='provider', value='AWS'}, Tag{name='region', value='AP_SOUTH_1'}]}, electionId=7fffffff0000000000000052, setVersion=5, lastWriteDate=Tue Feb 01 15:35:15 IST 2022, lastUpdateTimeNanos=246759544553200}
15:35:11.257 [cluster-ClusterId{value='61f905bbcc4ddf3004d17936', description='null'}-mfilx-shard-00-02.v2wzx.mongodb.net:27017] DEBUG org.mongodb.driver.cluster - Updating cluster description to  {type=REPLICA_SET, servers=[{address=mfilx-shard-00-01.v2wzx.mongodb.net:27017, type=REPLICA_SET_SECONDARY, TagSet{[Tag{name='nodeType', value='ELECTABLE'}, Tag{name='workloadType', value='OPERATIONAL'}, Tag{name='region', value='AP_SOUTH_1'}, Tag{name='provider', value='AWS'}]}, roundTripTime=169.6 ms, state=CONNECTED}, {address=mfilx-shard-00-02.v2wzx.mongodb.net:27017, type=REPLICA_SET_PRIMARY, TagSet{[Tag{name='workloadType', value='OPERATIONAL'}, Tag{name='nodeType', value='ELECTABLE'}, Tag{name='provider', value='AWS'}, Tag{name='region', value='AP_SOUTH_1'}]}, roundTripTime=126.6 ms, state=CONNECTED}, {address=mfilx-shard-00-00.v2wzx.mongodb.net:27017, type=REPLICA_SET_SECONDARY, TagSet{[Tag{name='workloadType', value='OPERATIONAL'}, Tag{name='provider', value='AWS'}, Tag{name='region', value='AP_SOUTH_1'}, Tag{name='nodeType', value='ELECTABLE'}]}, roundTripTime=145.7 ms, state=CONNECTED}]
15:35:11.258 [cluster-ClusterId{value='61f905bbcc4ddf3004d17939', description='null'}-mfilx-shard-00-01.v2wzx.mongodb.net:27017] DEBUG org.mongodb.driver.protocol.command - Execution of command with request id 115 completed successfully in 41.31 ms on connection [connectionId{localValue:14, serverValue:10396}] to server mfilx-shard-00-01.v2wzx.mongodb.net:27017
15:35:11.259 [cluster-ClusterId{value='61f905bbcc4ddf3004d17939', description='null'}-mfilx-shard-00-01.v2wzx.mongodb.net:27017] INFO org.mongodb.driver.cluster - Monitor thread successfully connected to server with description ServerDescription{address=mfilx-shard-00-01.v2wzx.mongodb.net:27017, type=REPLICA_SET_SECONDARY, state=CONNECTED, ok=true, version=ServerVersion{versionList=[4, 4, 12]}, minWireVersion=0, maxWireVersion=9, maxDocumentSize=16777216, logicalSessionTimeoutMinutes=30, roundTripTimeNanos=176789568, setName='atlas-csjqm5-shard-0', canonicalAddress=mfilx-shard-00-01.v2wzx.mongodb.net:27017, hosts=[mfilx-shard-00-00.v2wzx.mongodb.net:27017, mfilx-shard-00-01.v2wzx.mongodb.net:27017, mfilx-shard-00-02.v2wzx.mongodb.net:27017], passives=[], arbiters=[], primary='mfilx-shard-00-02.v2wzx.mongodb.net:27017', tagSet=TagSet{[Tag{name='provider', value='AWS'}, Tag{name='workloadType', value='OPERATIONAL'}, Tag{name='nodeType', value='ELECTABLE'}, Tag{name='region', value='AP_SOUTH_1'}]}, electionId=null, setVersion=5, lastWriteDate=Tue Feb 01 15:35:15 IST 2022, lastUpdateTimeNanos=246759546941900}
15:35:11.260 [cluster-ClusterId{value='61f905bbcc4ddf3004d17939', description='null'}-mfilx-shard-00-00.v2wzx.mongodb.net:27017] DEBUG org.mongodb.driver.protocol.command - Execution of command with request id 114 completed successfully in 43.70 ms on connection [connectionId{localValue:13, serverValue:11267}] to server mfilx-shard-00-00.v2wzx.mongodb.net:27017
15:35:11.262 [cluster-ClusterId{value='61f905bbcc4ddf3004d1793a', description='null'}-mfilx-shard-00-00.v2wzx.mongodb.net:27017] DEBUG org.mongodb.driver.protocol.command - Execution of command with request id 113 completed successfully in 45.10 ms on connection [connectionId{localValue:16, serverValue:11267}] to server mfilx-shard-00-00.v2wzx.mongodb.net:27017
15:35:11.264 [cluster-ClusterId{value='61f905bbcc4ddf3004d17939', description='null'}-mfilx-shard-00-02.v2wzx.mongodb.net:27017] DEBUG org.mongodb.driver.cluster - Updating cluster description to  {type=REPLICA_SET, servers=[{address=mfilx-shard-00-01.v2wzx.mongodb.net:27017, type=REPLICA_SET_SECONDARY, TagSet{[Tag{name='nodeType', value='ELECTABLE'}, Tag{name='workloadType', value='OPERATIONAL'}, Tag{name='region', value='AP_SOUTH_1'}, Tag{name='provider', value='AWS'}]}, roundTripTime=210.5 ms, state=CONNECTED}, {address=mfilx-shard-00-02.v2wzx.mongodb.net:27017, type=REPLICA_SET_PRIMARY, TagSet{[Tag{name='workloadType', value='OPERATIONAL'}, Tag{name='nodeType', value='ELECTABLE'}, Tag{name='provider', value='AWS'}, Tag{name='region', value='AP_SOUTH_1'}]}, roundTripTime=144.4 ms, state=CONNECTED}, {address=mfilx-shard-00-00.v2wzx.mongodb.net:27017, type=REPLICA_SET_SECONDARY, TagSet{[Tag{name='workloadType', value='OPERATIONAL'}, Tag{name='provider', value='AWS'}, Tag{name='region', value='AP_SOUTH_1'}, Tag{name='nodeType', value='ELECTABLE'}]}, roundTripTime=154.0 ms, state=CONNECTED}]
15:35:11.264 [cluster-ClusterId{value='61f905bbcc4ddf3004d1793a', description='null'}-mfilx-shard-00-00.v2wzx.mongodb.net:27017] DEBUG org.mongodb.driver.cluster - Updating cluster description to  {type=REPLICA_SET, servers=[{address=mfilx-shard-00-01.v2wzx.mongodb.net:27017, type=REPLICA_SET_SECONDARY, TagSet{[Tag{name='nodeType', value='ELECTABLE'}, Tag{name='workloadType', value='OPERATIONAL'}, Tag{name='region', value='AP_SOUTH_1'}, Tag{name='provider', value='AWS'}]}, roundTripTime=197.8 ms, state=CONNECTED}, {address=mfilx-shard-00-02.v2wzx.mongodb.net:27017, type=REPLICA_SET_PRIMARY, TagSet{[Tag{name='workloadType', value='OPERATIONAL'}, Tag{name='nodeType', value='ELECTABLE'}, Tag{name='provider', value='AWS'}, Tag{name='region', value='AP_SOUTH_1'}]}, roundTripTime=141.8 ms, state=CONNECTED}, {address=mfilx-shard-00-00.v2wzx.mongodb.net:27017, type=REPLICA_SET_SECONDARY, TagSet{[Tag{name='workloadType', value='OPERATIONAL'}, Tag{name='provider', value='AWS'}, Tag{name='region', value='AP_SOUTH_1'}, Tag{name='nodeType', value='ELECTABLE'}]}, roundTripTime=156.9 ms, state=CONNECTED}]
15:35:11.264 [cluster-ClusterId{value='61f905bbcc4ddf3004d17939', description='null'}-mfilx-shard-00-01.v2wzx.mongodb.net:27017] DEBUG org.mongodb.driver.cluster - Updating cluster description to  {type=REPLICA_SET, servers=[{address=mfilx-shard-00-01.v2wzx.mongodb.net:27017, type=REPLICA_SET_SECONDARY, TagSet{[Tag{name='provider', value='AWS'}, Tag{name='workloadType', value='OPERATIONAL'}, Tag{name='nodeType', value='ELECTABLE'}, Tag{name='region', value='AP_SOUTH_1'}]}, roundTripTime=176.8 ms, state=CONNECTED}, {address=mfilx-shard-00-02.v2wzx.mongodb.net:27017, type=REPLICA_SET_PRIMARY, TagSet{[Tag{name='workloadType', value='OPERATIONAL'}, Tag{name='nodeType', value='ELECTABLE'}, Tag{name='provider', value='AWS'}, Tag{name='region', value='AP_SOUTH_1'}]}, roundTripTime=144.4 ms, state=CONNECTED}, {address=mfilx-shard-00-00.v2wzx.mongodb.net:27017, type=REPLICA_SET_SECONDARY, TagSet{[Tag{name='workloadType', value='OPERATIONAL'}, Tag{name='provider', value='AWS'}, Tag{name='region', value='AP_SOUTH_1'}, Tag{name='nodeType', value='ELECTABLE'}]}, roundTripTime=154.0 ms, state=CONNECTED}]
15:35:11.265 [cluster-ClusterId{value='61f905bbcc4ddf3004d1793a', description='null'}-mfilx-shard-00-01.v2wzx.mongodb.net:27017] DEBUG org.mongodb.driver.protocol.command - Execution of command with request id 120 completed successfully in 39.74 ms on connection [connectionId{localValue:17, serverValue:10396}] to server mfilx-shard-00-01.v2wzx.mongodb.net:27017
15:35:11.265 [cluster-ClusterId{value='61f905bbcc4ddf3004d17937', description='null'}-mfilx-shard-00-02.v2wzx.mongodb.net:27017] DEBUG org.mongodb.driver.protocol.command - Execution of command with request id 121 completed successfully in 37.74 ms on connection [connectionId{localValue:9, serverValue:11816}] to server mfilx-shard-00-02.v2wzx.mongodb.net:27017
15:35:11.265 [cluster-ClusterId{value='61f905bbcc4ddf3004d1793a', description='null'}-mfilx-shard-00-01.v2wzx.mongodb.net:27017] INFO org.mongodb.driver.cluster - Monitor thread successfully connected to server with description ServerDescription{address=mfilx-shard-00-01.v2wzx.mongodb.net:27017, type=REPLICA_SET_SECONDARY, state=CONNECTED, ok=true, version=ServerVersion{versionList=[4, 4, 12]}, minWireVersion=0, maxWireVersion=9, maxDocumentSize=16777216, logicalSessionTimeoutMinutes=30, roundTripTimeNanos=166313228, setName='atlas-csjqm5-shard-0', canonicalAddress=mfilx-shard-00-01.v2wzx.mongodb.net:27017, hosts=[mfilx-shard-00-00.v2wzx.mongodb.net:27017, mfilx-shard-00-01.v2wzx.mongodb.net:27017, mfilx-shard-00-02.v2wzx.mongodb.net:27017], passives=[], arbiters=[], primary='mfilx-shard-00-02.v2wzx.mongodb.net:27017', tagSet=TagSet{[Tag{name='provider', value='AWS'}, Tag{name='workloadType', value='OPERATIONAL'}, Tag{name='nodeType', value='ELECTABLE'}, Tag{name='region', value='AP_SOUTH_1'}]}, electionId=null, setVersion=5, lastWriteDate=Tue Feb 01 15:35:15 IST 2022, lastUpdateTimeNanos=246759553045600}
15:35:11.265 [cluster-ClusterId{value='61f905bbcc4ddf3004d1793b', description='null'}-mfilx-shard-00-02.v2wzx.mongodb.net:27017] DEBUG org.mongodb.driver.protocol.command - Execution of command with request id 119 completed successfully in 43.10 ms on connection [connectionId{localValue:21, serverValue:11816}] to server mfilx-shard-00-02.v2wzx.mongodb.net:27017
15:35:11.265 [cluster-ClusterId{value='61f905bbcc4ddf3004d1793a', description='null'}-mfilx-shard-00-01.v2wzx.mongodb.net:27017] DEBUG org.mongodb.driver.cluster - Updating cluster description to  {type=REPLICA_SET, servers=[{address=mfilx-shard-00-01.v2wzx.mongodb.net:27017, type=REPLICA_SET_SECONDARY, TagSet{[Tag{name='provider', value='AWS'}, Tag{name='workloadType', value='OPERATIONAL'}, Tag{name='nodeType', value='ELECTABLE'}, Tag{name='region', value='AP_SOUTH_1'}]}, roundTripTime=166.3 ms, state=CONNECTED}, {address=mfilx-shard-00-02.v2wzx.mongodb.net:27017, type=REPLICA_SET_PRIMARY, TagSet{[Tag{name='workloadType', value='OPERATIONAL'}, Tag{name='nodeType', value='ELECTABLE'}, Tag{name='provider', value='AWS'}, Tag{name='region', value='AP_SOUTH_1'}]}, roundTripTime=141.8 ms, state=CONNECTED}, {address=mfilx-shard-00-00.v2wzx.mongodb.net:27017, type=REPLICA_SET_SECONDARY, TagSet{[Tag{name='workloadType', value='OPERATIONAL'}, Tag{name='provider', value='AWS'}, Tag{name='region', value='AP_SOUTH_1'}, Tag{name='nodeType', value='ELECTABLE'}]}, roundTripTime=156.9 ms, state=CONNECTED}]
15:35:11.265 [cluster-ClusterId{value='61f905bbcc4ddf3004d17937', description='null'}-mfilx-shard-00-02.v2wzx.mongodb.net:27017] INFO org.mongodb.driver.cluster - Monitor thread successfully connected to server with description ServerDescription{address=mfilx-shard-00-02.v2wzx.mongodb.net:27017, type=REPLICA_SET_PRIMARY, state=CONNECTED, ok=true, version=ServerVersion{versionList=[4, 4, 12]}, minWireVersion=0, maxWireVersion=9, maxDocumentSize=16777216, logicalSessionTimeoutMinutes=30, roundTripTimeNanos=176069100, setName='atlas-csjqm5-shard-0', canonicalAddress=mfilx-shard-00-02.v2wzx.mongodb.net:27017, hosts=[mfilx-shard-00-00.v2wzx.mongodb.net:27017, mfilx-shard-00-01.v2wzx.mongodb.net:27017, mfilx-shard-00-02.v2wzx.mongodb.net:27017], passives=[], arbiters=[], primary='mfilx-shard-00-02.v2wzx.mongodb.net:27017', tagSet=TagSet{[Tag{name='workloadType', value='OPERATIONAL'}, Tag{name='nodeType', value='ELECTABLE'}, Tag{name='provider', value='AWS'}, Tag{name='region', value='AP_SOUTH_1'}]}, electionId=7fffffff0000000000000052, setVersion=5, lastWriteDate=Tue Feb 01 15:35:15 IST 2022, lastUpdateTimeNanos=246759553091200}
15:35:11.266 [cluster-ClusterId{value='61f905bbcc4ddf3004d17939', description='null'}-mfilx-shard-00-00.v2wzx.mongodb.net:27017] DEBUG org.mongodb.driver.cluster - Updating cluster description to  {type=REPLICA_SET, servers=[{address=mfilx-shard-00-01.v2wzx.mongodb.net:27017, type=REPLICA_SET_SECONDARY, TagSet{[Tag{name='provider', value='AWS'}, Tag{name='workloadType', value='OPERATIONAL'}, Tag{name='nodeType', value='ELECTABLE'}, Tag{name='region', value='AP_SOUTH_1'}]}, roundTripTime=176.8 ms, state=CONNECTED}, {address=mfilx-shard-00-02.v2wzx.mongodb.net:27017, type=REPLICA_SET_PRIMARY, TagSet{[Tag{name='workloadType', value='OPERATIONAL'}, Tag{name='nodeType', value='ELECTABLE'}, Tag{name='provider', value='AWS'}, Tag{name='region', value='AP_SOUTH_1'}]}, roundTripTime=144.4 ms, state=CONNECTED}, {address=mfilx-shard-00-00.v2wzx.mongodb.net:27017, type=REPLICA_SET_SECONDARY, TagSet{[Tag{name='workloadType', value='OPERATIONAL'}, Tag{name='provider', value='AWS'}, Tag{name='region', value='AP_SOUTH_1'}, Tag{name='nodeType', value='ELECTABLE'}]}, roundTripTime=132.1 ms, state=CONNECTED}]
15:35:11.266 [cluster-ClusterId{value='61f905bbcc4ddf3004d1793b', description='null'}-mfilx-shard-00-02.v2wzx.mongodb.net:27017] INFO org.mongodb.driver.cluster - Monitor thread successfully connected to server with description ServerDescription{address=mfilx-shard-00-02.v2wzx.mongodb.net:27017, type=REPLICA_SET_PRIMARY, state=CONNECTED, ok=true, version=ServerVersion{versionList=[4, 4, 12]}, minWireVersion=0, maxWireVersion=9, maxDocumentSize=16777216, logicalSessionTimeoutMinutes=30, roundTripTimeNanos=130027292, setName='atlas-csjqm5-shard-0', canonicalAddress=mfilx-shard-00-02.v2wzx.mongodb.net:27017, hosts=[mfilx-shard-00-00.v2wzx.mongodb.net:27017, mfilx-shard-00-01.v2wzx.mongodb.net:27017, mfilx-shard-00-02.v2wzx.mongodb.net:27017], passives=[], arbiters=[], primary='mfilx-shard-00-02.v2wzx.mongodb.net:27017', tagSet=TagSet{[Tag{name='workloadType', value='OPERATIONAL'}, Tag{name='nodeType', value='ELECTABLE'}, Tag{name='provider', value='AWS'}, Tag{name='region', value='AP_SOUTH_1'}]}, electionId=7fffffff0000000000000052, setVersion=5, lastWriteDate=Tue Feb 01 15:35:15 IST 2022, lastUpdateTimeNanos=246759553657500}
15:35:11.266 [cluster-ClusterId{value='61f905bbcc4ddf3004d1793b', description='null'}-mfilx-shard-00-02.v2wzx.mongodb.net:27017] DEBUG org.mongodb.driver.cluster - Updating cluster description to  {type=REPLICA_SET, servers=[{address=mfilx-shard-00-01.v2wzx.mongodb.net:27017, type=REPLICA_SET_SECONDARY, TagSet{[Tag{name='provider', value='AWS'}, Tag{name='workloadType', value='OPERATIONAL'}, Tag{name='nodeType', value='ELECTABLE'}, Tag{name='region', value='AP_SOUTH_1'}]}, roundTripTime=171.7 ms, state=CONNECTED}, {address=mfilx-shard-00-02.v2wzx.mongodb.net:27017, type=REPLICA_SET_PRIMARY, TagSet{[Tag{name='workloadType', value='OPERATIONAL'}, Tag{name='nodeType', value='ELECTABLE'}, Tag{name='provider', value='AWS'}, Tag{name='region', value='AP_SOUTH_1'}]}, roundTripTime=130.0 ms, state=CONNECTED}, {address=mfilx-shard-00-00.v2wzx.mongodb.net:27017, type=REPLICA_SET_SECONDARY, TagSet{[Tag{name='workloadType', value='OPERATIONAL'}, Tag{name='provider', value='AWS'}, Tag{name='region', value='AP_SOUTH_1'}, Tag{name='nodeType', value='ELECTABLE'}]}, roundTripTime=177.7 ms, state=CONNECTED}]
15:35:11.267 [cluster-ClusterId{value='61f905bbcc4ddf3004d17936', description='null'}-mfilx-shard-00-01.v2wzx.mongodb.net:27017] DEBUG org.mongodb.driver.protocol.command - Execution of command with request id 122 completed successfully in 39.91 ms on connection [connectionId{localValue:5, serverValue:10396}] to server mfilx-shard-00-01.v2wzx.mongodb.net:27017
15:35:11.267 [cluster-ClusterId{value='61f905bbcc4ddf3004d17936', description='null'}-mfilx-shard-00-01.v2wzx.mongodb.net:27017] INFO org.mongodb.driver.cluster - Monitor thread successfully connected to server with description ServerDescription{address=mfilx-shard-00-01.v2wzx.mongodb.net:27017, type=REPLICA_SET_SECONDARY, state=CONNECTED, ok=true, version=ServerVersion{versionList=[4, 4, 12]}, minWireVersion=0, maxWireVersion=9, maxDocumentSize=16777216, logicalSessionTimeoutMinutes=30, roundTripTimeNanos=143769636, setName='atlas-csjqm5-shard-0', canonicalAddress=mfilx-shard-00-01.v2wzx.mongodb.net:27017, hosts=[mfilx-shard-00-00.v2wzx.mongodb.net:27017, mfilx-shard-00-01.v2wzx.mongodb.net:27017, mfilx-shard-00-02.v2wzx.mongodb.net:27017], passives=[], arbiters=[], primary='mfilx-shard-00-02.v2wzx.mongodb.net:27017', tagSet=TagSet{[Tag{name='provider', value='AWS'}, Tag{name='workloadType', value='OPERATIONAL'}, Tag{name='nodeType', value='ELECTABLE'}, Tag{name='region', value='AP_SOUTH_1'}]}, electionId=null, setVersion=5, lastWriteDate=Tue Feb 01 15:35:15 IST 2022, lastUpdateTimeNanos=246759555384700}
15:35:11.268 [cluster-ClusterId{value='61f905bbcc4ddf3004d17936', description='null'}-mfilx-shard-00-01.v2wzx.mongodb.net:27017] DEBUG org.mongodb.driver.cluster - Updating cluster description to  {type=REPLICA_SET, servers=[{address=mfilx-shard-00-01.v2wzx.mongodb.net:27017, type=REPLICA_SET_SECONDARY, TagSet{[Tag{name='provider', value='AWS'}, Tag{name='workloadType', value='OPERATIONAL'}, Tag{name='nodeType', value='ELECTABLE'}, Tag{name='region', value='AP_SOUTH_1'}]}, roundTripTime=143.8 ms, state=CONNECTED}, {address=mfilx-shard-00-02.v2wzx.mongodb.net:27017, type=REPLICA_SET_PRIMARY, TagSet{[Tag{name='workloadType', value='OPERATIONAL'}, Tag{name='nodeType', value='ELECTABLE'}, Tag{name='provider', value='AWS'}, Tag{name='region', value='AP_SOUTH_1'}]}, roundTripTime=126.6 ms, state=CONNECTED}, {address=mfilx-shard-00-00.v2wzx.mongodb.net:27017, type=REPLICA_SET_SECONDARY, TagSet{[Tag{name='workloadType', value='OPERATIONAL'}, Tag{name='provider', value='AWS'}, Tag{name='region', value='AP_SOUTH_1'}, Tag{name='nodeType', value='ELECTABLE'}]}, roundTripTime=145.7 ms, state=CONNECTED}]
15:35:11.266 [cluster-ClusterId{value='61f905bbcc4ddf3004d17937', description='null'}-mfilx-shard-00-02.v2wzx.mongodb.net:27017] DEBUG org.mongodb.driver.cluster - Updating cluster description to  {type=REPLICA_SET, servers=[{address=mfilx-shard-00-01.v2wzx.mongodb.net:27017, type=REPLICA_SET_SECONDARY, TagSet{[Tag{name='provider', value='AWS'}, Tag{name='workloadType', value='OPERATIONAL'}, Tag{name='nodeType', value='ELECTABLE'}, Tag{name='region', value='AP_SOUTH_1'}]}, roundTripTime=134.0 ms, state=CONNECTED}, {address=mfilx-shard-00-02.v2wzx.mongodb.net:27017, type=REPLICA_SET_PRIMARY, TagSet{[Tag{name='workloadType', value='OPERATIONAL'}, Tag{name='nodeType', value='ELECTABLE'}, Tag{name='provider', value='AWS'}, Tag{name='region', value='AP_SOUTH_1'}]}, roundTripTime=176.1 ms, state=CONNECTED}, {address=mfilx-shard-00-00.v2wzx.mongodb.net:27017, type=REPLICA_SET_SECONDARY, TagSet{[Tag{name='workloadType', value='OPERATIONAL'}, Tag{name='provider', value='AWS'}, Tag{name='region', value='AP_SOUTH_1'}, Tag{name='nodeType', value='ELECTABLE'}]}, roundTripTime=201.0 ms, state=CONNECTED}]
15:35:11.268 [cluster-ClusterId{value='61f905bbcc4ddf3004d17937', description='null'}-mfilx-shard-00-00.v2wzx.mongodb.net:27017] DEBUG org.mongodb.driver.protocol.command - Execution of command with request id 123 completed successfully in 35.83 ms on connection [connectionId{localValue:7, serverValue:11267}] to server mfilx-shard-00-00.v2wzx.mongodb.net:27017
15:35:11.269 [cluster-ClusterId{value='61f905bbcc4ddf3004d17937', description='null'}-mfilx-shard-00-00.v2wzx.mongodb.net:27017] DEBUG org.mongodb.driver.cluster - Updating cluster description to  {type=REPLICA_SET, servers=[{address=mfilx-shard-00-01.v2wzx.mongodb.net:27017, type=REPLICA_SET_SECONDARY, TagSet{[Tag{name='provider', value='AWS'}, Tag{name='workloadType', value='OPERATIONAL'}, Tag{name='nodeType', value='ELECTABLE'}, Tag{name='region', value='AP_SOUTH_1'}]}, roundTripTime=134.0 ms, state=CONNECTED}, {address=mfilx-shard-00-02.v2wzx.mongodb.net:27017, type=REPLICA_SET_PRIMARY, TagSet{[Tag{name='workloadType', value='OPERATIONAL'}, Tag{name='nodeType', value='ELECTABLE'}, Tag{name='provider', value='AWS'}, Tag{name='region', value='AP_SOUTH_1'}]}, roundTripTime=176.1 ms, state=CONNECTED}, {address=mfilx-shard-00-00.v2wzx.mongodb.net:27017, type=REPLICA_SET_SECONDARY, TagSet{[Tag{name='workloadType', value='OPERATIONAL'}, Tag{name='provider', value='AWS'}, Tag{name='region', value='AP_SOUTH_1'}, Tag{name='nodeType', value='ELECTABLE'}]}, roundTripTime=168.1 ms, state=CONNECTED}]
15:35:11.270 [cluster-ClusterId{value='61f905bbcc4ddf3004d17938', description='null'}-mfilx-shard-00-00.v2wzx.mongodb.net:27017] DEBUG org.mongodb.driver.protocol.command - Execution of command with request id 116 completed successfully in 52.58 ms on connection [connectionId{localValue:10, serverValue:11267}] to server mfilx-shard-00-00.v2wzx.mongodb.net:27017
15:35:11.271 [cluster-ClusterId{value='61f905bbcc4ddf3004d17938', description='null'}-mfilx-shard-00-00.v2wzx.mongodb.net:27017] DEBUG org.mongodb.driver.cluster - Updating cluster description to  {type=REPLICA_SET, servers=[{address=mfilx-shard-00-01.v2wzx.mongodb.net:27017, type=REPLICA_SET_SECONDARY, TagSet{[Tag{name='provider', value='AWS'}, Tag{name='workloadType', value='OPERATIONAL'}, Tag{name='nodeType', value='ELECTABLE'}, Tag{name='region', value='AP_SOUTH_1'}]}, roundTripTime=144.4 ms, state=CONNECTED}, {address=mfilx-shard-00-02.v2wzx.mongodb.net:27017, type=REPLICA_SET_PRIMARY, TagSet{[Tag{name='workloadType', value='OPERATIONAL'}, Tag{name='nodeType', value='ELECTABLE'}, Tag{name='provider', value='AWS'}, Tag{name='region', value='AP_SOUTH_1'}]}, roundTripTime=168.1 ms, state=CONNECTED}, {address=mfilx-shard-00-00.v2wzx.mongodb.net:27017, type=REPLICA_SET_SECONDARY, TagSet{[Tag{name='workloadType', value='OPERATIONAL'}, Tag{name='provider', value='AWS'}, Tag{name='region', value='AP_SOUTH_1'}, Tag{name='nodeType', value='ELECTABLE'}]}, roundTripTime=163.8 ms, state=CONNECTED}]
15:35:11.283 [cluster-ClusterId{value='61f905bbcc4ddf3004d1793a', description='null'}-mfilx-shard-00-02.v2wzx.mongodb.net:27017] DEBUG org.mongodb.driver.protocol.command - Execution of command with request id 125 completed successfully in 34.33 ms on connection [connectionId{localValue:18, serverValue:11816}] to server mfilx-shard-00-02.v2wzx.mongodb.net:27017
15:35:11.284 [cluster-ClusterId{value='61f905bbcc4ddf3004d1793a', description='null'}-mfilx-shard-00-02.v2wzx.mongodb.net:27017] INFO org.mongodb.driver.cluster - Monitor thread successfully connected to server with description ServerDescription{address=mfilx-shard-00-02.v2wzx.mongodb.net:27017, type=REPLICA_SET_PRIMARY, state=CONNECTED, ok=true, version=ServerVersion{versionList=[4, 4, 12]}, minWireVersion=0, maxWireVersion=9, maxDocumentSize=16777216, logicalSessionTimeoutMinutes=30, roundTripTimeNanos=120469848, setName='atlas-csjqm5-shard-0', canonicalAddress=mfilx-shard-00-02.v2wzx.mongodb.net:27017, hosts=[mfilx-shard-00-00.v2wzx.mongodb.net:27017, mfilx-shard-00-01.v2wzx.mongodb.net:27017, mfilx-shard-00-02.v2wzx.mongodb.net:27017], passives=[], arbiters=[], primary='mfilx-shard-00-02.v2wzx.mongodb.net:27017', tagSet=TagSet{[Tag{name='workloadType', value='OPERATIONAL'}, Tag{name='nodeType', value='ELECTABLE'}, Tag{name='region', value='AP_SOUTH_1'}, Tag{name='provider', value='AWS'}]}, electionId=7fffffff0000000000000052, setVersion=5, lastWriteDate=Tue Feb 01 15:35:16 IST 2022, lastUpdateTimeNanos=246759571949100}
15:35:11.284 [cluster-ClusterId{value='61f905bbcc4ddf3004d1793a', description='null'}-mfilx-shard-00-02.v2wzx.mongodb.net:27017] DEBUG org.mongodb.driver.cluster - Updating cluster description to  {type=REPLICA_SET, servers=[{address=mfilx-shard-00-01.v2wzx.mongodb.net:27017, type=REPLICA_SET_SECONDARY, TagSet{[Tag{name='provider', value='AWS'}, Tag{name='workloadType', value='OPERATIONAL'}, Tag{name='nodeType', value='ELECTABLE'}, Tag{name='region', value='AP_SOUTH_1'}]}, roundTripTime=166.3 ms, state=CONNECTED}, {address=mfilx-shard-00-02.v2wzx.mongodb.net:27017, type=REPLICA_SET_PRIMARY, TagSet{[Tag{name='workloadType', value='OPERATIONAL'}, Tag{name='nodeType', value='ELECTABLE'}, Tag{name='region', value='AP_SOUTH_1'}, Tag{name='provider', value='AWS'}]}, roundTripTime=120.5 ms, state=CONNECTED}, {address=mfilx-shard-00-00.v2wzx.mongodb.net:27017, type=REPLICA_SET_SECONDARY, TagSet{[Tag{name='workloadType', value='OPERATIONAL'}, Tag{name='provider', value='AWS'}, Tag{name='region', value='AP_SOUTH_1'}, Tag{name='nodeType', value='ELECTABLE'}]}, roundTripTime=156.9 ms, state=CONNECTED}]
15:35:11.293 [cluster-ClusterId{value='61f905b9cc4ddf3004d17935', description='null'}-mfilx-shard-00-02.v2wzx.mongodb.net:27017] DEBUG org.mongodb.driver.cluster - Checking status of mfilx-shard-00-02.v2wzx.mongodb.net:27017
15:35:11.294 [cluster-ClusterId{value='61f905b9cc4ddf3004d17935', description='null'}-mfilx-shard-00-02.v2wzx.mongodb.net:27017] DEBUG org.mongodb.driver.protocol.command - Sending command '{ "ismaster" : 1, "$db" : "admin", "$clusterTime" : { "clusterTime" : { "$timestamp" : { "t" : 1643709916, "i" : 1 } }, "signature" : { "hash" : { "$binary" : { "base64" : "cmkxZk/Z0NWA6fRsmSGuOCe2S5E=", "subType" : "00" } }, "keyId" : 7020870953009676292 } } }' with request id 126 to database admin on connection [connectionId{localValue:1, serverValue:11816}] to server mfilx-shard-00-02.v2wzx.mongodb.net:27017
15:35:11.299 [cluster-ClusterId{value='61f905b9cc4ddf3004d17935', description='null'}-mfilx-shard-00-01.v2wzx.mongodb.net:27017] DEBUG org.mongodb.driver.protocol.command - Execution of command with request id 124 completed successfully in 51.08 ms on connection [connectionId{localValue:2, serverValue:10396}] to server mfilx-shard-00-01.v2wzx.mongodb.net:27017
15:35:11.301 [cluster-ClusterId{value='61f905b9cc4ddf3004d17935', description='null'}-mfilx-shard-00-01.v2wzx.mongodb.net:27017] INFO org.mongodb.driver.cluster - Monitor thread successfully connected to server with description ServerDescription{address=mfilx-shard-00-01.v2wzx.mongodb.net:27017, type=REPLICA_SET_SECONDARY, state=CONNECTED, ok=true, version=ServerVersion{versionList=[4, 4, 12]}, minWireVersion=0, maxWireVersion=9, maxDocumentSize=16777216, logicalSessionTimeoutMinutes=30, roundTripTimeNanos=159201964, setName='atlas-csjqm5-shard-0', canonicalAddress=mfilx-shard-00-01.v2wzx.mongodb.net:27017, hosts=[mfilx-shard-00-00.v2wzx.mongodb.net:27017, mfilx-shard-00-01.v2wzx.mongodb.net:27017, mfilx-shard-00-02.v2wzx.mongodb.net:27017], passives=[], arbiters=[], primary='mfilx-shard-00-02.v2wzx.mongodb.net:27017', tagSet=TagSet{[Tag{name='provider', value='AWS'}, Tag{name='workloadType', value='OPERATIONAL'}, Tag{name='nodeType', value='ELECTABLE'}, Tag{name='region', value='AP_SOUTH_1'}]}, electionId=null, setVersion=5, lastWriteDate=Tue Feb 01 15:35:16 IST 2022, lastUpdateTimeNanos=246759589227400}
15:35:11.302 [cluster-ClusterId{value='61f905b9cc4ddf3004d17935', description='null'}-mfilx-shard-00-01.v2wzx.mongodb.net:27017] DEBUG org.mongodb.driver.cluster - Updating cluster description to  {type=REPLICA_SET, servers=[{address=mfilx-shard-00-01.v2wzx.mongodb.net:27017, type=REPLICA_SET_SECONDARY, TagSet{[Tag{name='provider', value='AWS'}, Tag{name='workloadType', value='OPERATIONAL'}, Tag{name='nodeType', value='ELECTABLE'}, Tag{name='region', value='AP_SOUTH_1'}]}, roundTripTime=159.2 ms, state=CONNECTED}, {address=mfilx-shard-00-02.v2wzx.mongodb.net:27017, type=REPLICA_SET_PRIMARY, TagSet{[Tag{name='nodeType', value='ELECTABLE'}, Tag{name='region', value='AP_SOUTH_1'}, Tag{name='provider', value='AWS'}, Tag{name='workloadType', value='OPERATIONAL'}]}, roundTripTime=70.9 ms, state=CONNECTED}, {address=mfilx-shard-00-00.v2wzx.mongodb.net:27017, type=REPLICA_SET_SECONDARY, TagSet{[Tag{name='workloadType', value='OPERATIONAL'}, Tag{name='provider', value='AWS'}, Tag{name='region', value='AP_SOUTH_1'}, Tag{name='nodeType', value='ELECTABLE'}]}, roundTripTime=152.8 ms, state=CONNECTED}]
15:35:11.328 [cluster-ClusterId{value='61f905b9cc4ddf3004d17935', description='null'}-mfilx-shard-00-02.v2wzx.mongodb.net:27017] DEBUG org.mongodb.driver.protocol.command - Execution of command with request id 126 completed successfully in 34.59 ms on connection [connectionId{localValue:1, serverValue:11816}] to server mfilx-shard-00-02.v2wzx.mongodb.net:27017
15:35:11.329 [cluster-ClusterId{value='61f905b9cc4ddf3004d17935', description='null'}-mfilx-shard-00-02.v2wzx.mongodb.net:27017] INFO org.mongodb.driver.cluster - Monitor thread successfully connected to server with description ServerDescription{address=mfilx-shard-00-02.v2wzx.mongodb.net:27017, type=REPLICA_SET_PRIMARY, state=CONNECTED, ok=true, version=ServerVersion{versionList=[4, 4, 12]}, minWireVersion=0, maxWireVersion=9, maxDocumentSize=16777216, logicalSessionTimeoutMinutes=30, roundTripTimeNanos=63829268, setName='atlas-csjqm5-shard-0', canonicalAddress=mfilx-shard-00-02.v2wzx.mongodb.net:27017, hosts=[mfilx-shard-00-00.v2wzx.mongodb.net:27017, mfilx-shard-00-01.v2wzx.mongodb.net:27017, mfilx-shard-00-02.v2wzx.mongodb.net:27017], passives=[], arbiters=[], primary='mfilx-shard-00-02.v2wzx.mongodb.net:27017', tagSet=TagSet{[Tag{name='workloadType', value='OPERATIONAL'}, Tag{name='nodeType', value='ELECTABLE'}, Tag{name='region', value='AP_SOUTH_1'}, Tag{name='provider', value='AWS'}]}, electionId=7fffffff0000000000000052, setVersion=5, lastWriteDate=Tue Feb 01 15:35:16 IST 2022, lastUpdateTimeNanos=246759616749700}
15:35:11.330 [cluster-ClusterId{value='61f905b9cc4ddf3004d17935', description='null'}-mfilx-shard-00-02.v2wzx.mongodb.net:27017] DEBUG org.mongodb.driver.cluster - Updating cluster description to  {type=REPLICA_SET, servers=[{address=mfilx-shard-00-01.v2wzx.mongodb.net:27017, type=REPLICA_SET_SECONDARY, TagSet{[Tag{name='provider', value='AWS'}, Tag{name='workloadType', value='OPERATIONAL'}, Tag{name='nodeType', value='ELECTABLE'}, Tag{name='region', value='AP_SOUTH_1'}]}, roundTripTime=159.2 ms, state=CONNECTED}, {address=mfilx-shard-00-02.v2wzx.mongodb.net:27017, type=REPLICA_SET_PRIMARY, TagSet{[Tag{name='workloadType', value='OPERATIONAL'}, Tag{name='nodeType', value='ELECTABLE'}, Tag{name='region', value='AP_SOUTH_1'}, Tag{name='provider', value='AWS'}]}, roundTripTime=63.8 ms, state=CONNECTED}, {address=mfilx-shard-00-00.v2wzx.mongodb.net:27017, type=REPLICA_SET_SECONDARY, TagSet{[Tag{name='workloadType', value='OPERATIONAL'}, Tag{name='provider', value='AWS'}, Tag{name='region', value='AP_SOUTH_1'}, Tag{name='nodeType', value='ELECTABLE'}]}, roundTripTime=152.8 ms, state=CONNECTED}]
]]></system-out>
  </testcase>
</testsuite>